2 0 271
3 5 57 157
2 11 82
3 18 97 101
3 23 203 109
3 29 192 262
4 43 183 55 264
3 46 147 222
3 60 32 118
3 87 35 253
4 100 169 7 96
3 106 281 9
3 112 195 208
3 113 177 181
3 123 224 239
3 131 91 252
3 133 162 27
3 135 52 251
2 141 207
4 158 167 136 134
3 166 292 50
4 168 261 266 241
3 197 184 220
2 212 92
3 216 45 277
3 242 31 69
3 246 174 75
3 273 104 156
3 276 117 105
4 3 129 280 83
3 4 120 40
2 12 119
3 17 121 89
4 21 215 296 258
3 28 186 198
2 49 41
3 63 209 178
3 64 179 219
3 65 19 238
3 76 260 223
3 80 13 227
2 102 159
4 108 187 173 148
3 132 144 84
3 142 53 232
3 161 10 205
3 188 279 36
3 217 115 294
3 230 152 137
3 243 234 295
2 245 90
3 248 165 298
3 254 170 229
3 263 240 190
3 265 274 297
3 278 126 236
3 283 47 48
2 285 180
2 287 213
3 290 95 189
4 14 210 206 30
4 39 228 291 201
3 42 58 88
4 44 172 249 289
2 54 269
4 56 268 255 16
3 70 1 231
3 74 164 107
3 78 85 163
3 94 26 98
3 103 25 175
2 111 73
2 116 282
4 122 139 275 151
3 130 257 38
3 138 214 182
3 140 128 125
3 146 145 270
3 154 22 153
3 155 233 160
2 185 114
3 191 225 62
4 194 71 286 171
3 196 235 6
4 199 193 288 34
3 221 200 2
3 237 284 66
3 244 211 176
3 256 204 8
2 259 293
3 272 68 81
3 299 149 226
3 20 250 67
2 33 267
4 37 72 93 77
3 51 15 86
4 59 24 202 110
3 61 150 99
3 79 143 247
3 124 127 218
