28 3160 5595 26 2526 7790 792 7467 1777 4641 7847 4440 5830 9490 1145 5519 6350 4496 9551 3976 6349 9062 1372 4510 4337 5747 7861 503 5211
28 5954 1359 4951 747 1197 6481 2058 4298 5390 7812 7209 1215 4906 6388 1352 9283 9893 5899 4133 7599 5363 4342 7287 2626 1939 47 7194 2480
28 2822 6330 7946 7358 1700 5713 9494 5170 2983 8912 4856 84 1034 4511 3646 9196 2658 5493 7079 5572 2172 7530 783 5091 651 3663 1345 7907
25 2921 3288 446 3264 9139 7865 1222 3430 7135 3546 2656 6192 9923 5577 9047 834 4924 4972 5663 5792 6593 2422 5285 6235 1185
28 5831 7186 330 6961 8820 4903 9235 5739 8469 9921 6145 1796 1761 7831 4072 6492 2231 9717 7141 6682 9102 3307 6909 7119 5882 6883 9544 3748
28 7136 9589 9747 3598 2535 7721 1151 5274 5277 3508 9110 2857 3360 8334 6228 3616 8370 1789 2988 6333 8806 8474 8088 8823 6818 7804 9161 6787
28 3117 6152 9251 3992 7621 9665 93 8646 87 2230 5279 7877 3686 5720 4676 9021 247 5034 1510 707 3862 1912 7717 9148 3226 7174 518 9418
31 2820 7175 2954 1675 3139 605 2838 4454 4500 5222 1092 1292 7949 1721 1170 7012 9570 2290 500 6604 9105 6834 7469 1232 195 634 1266 6988 9383 1665 7690
30 9997 9446 4390 5476 2756 7769 4887 3479 9936 1725 5293 5297 2891 3798 7150 32 3920 7499 9419 2246 8161 3738 5089 5753 9377 1728 5466 1464 7965 537
29 835 5535 3701 5207 931 2221 6309 7869 3078 4988 5441 3011 7948 1726 6521 4492 4541 2164 9901 3097 8280 8951 4265 2063 6356 9579 3664 3829 5638
29 4506 7047 4701 450 2933 9073 3266 1095 5424 6764 4055 5238 7802 8189 6829 3801 7307 9323 6725 19 5866 1274 7902 9620 3930 9613 8236 5779 3386
27 7833 2351 5965 1325 4573 3783 6361 8486 9889 9760 7213 9434 3269 3514 6282 8999 2806 6527 1400 9341 3823 6602 5946 5196 5507 2556 4964
27 8450 8730 9037 6756 3009 2394 572 3934 9733 8309 2590 4456 3368 6741 958 9295 1213 6691 3809 9775 6694 808 121 806 4197 4516 2507
28 2603 8698 5041 7120 3331 6657 3151 2499 1897 1089 2260 8821 412 7919 7238 7888 4570 1336 6967 4670 7874 6401 8738 5184 5812 4384 4674 8816
32 2854 94 7708 6003 6973 2358 1412 134 36 9203 6609 9689 334 7072 7258 2617 8597 5790 6963 9647 8107 4719 5087 329 7137 6636 3478 4042 4682 3101 9296 9837
28 2139 4632 2003 6177 5726 8756 7777 4385 5502 1189 4168 4582 9303 1661 713 2256 7733 444 2344 4770 2361 1018 7360 2962 749 8895 2371 9354
28 9670 9360 7984 7335 4415 4123 6618 7441 5911 3166 9593 3121 9414 3054 5356 999 3293 3773 1335 8676 1586 2437 4150 7647 2942 1540 3188 5107
29 1959 1204 7222 8297 4442 7436 1131 5580 5556 2403 6606 3058 1069 8337 430 914 9598 1673 5098 3031 1101 1814 8202 3586 2257 860 5432 6942 5269
30 1785 352 656 2195 5797 1996 3984 2477 3487 9919 4401 9964 4428 9501 4943 9197 5958 5001 2792 268 8098 7269 5710 6579 9881 2533 4820 8539 6843 2423
27 2635 4107 5324 8586 1080 9678 6411 541 420 2061 5035 7672 9249 5219 3983 4845 8534 4202 6247 1949 9379 7440 6761 8484 3024 6061 5193
31 6933 2713 8654 3643 2860 6322 1055 9456 9133 4194 9870 6097 2522 5550 529 8094 4723 9325 8960 4493 7783 9746 6831 9225 4733 2559 7923 1022 5928 126 697
28 5260 1824 553 9042 8530 8954 9238 5457 6553 8206 872 6882 855 6749 8362 5594 3552 1845 6140 6605 3523 9036 8818 1347 6308 1071 2431 6625
28 493 5008 8170 1976 9754 6485 147 8790 3195 2624 1680 648 1742 9278 5048 1706 758 3535 8921 2490 2816 146 7139 3493 1943 2907 5365 496
29 7590 4634 4568 2005 1926 5020 8281 8328 2853 1620 9270 1218 7753 8691 1914 3137 8276 9426 2754 6087 5929 1859 4485 7052 4571 6041 5970 9995 4331
30 333 5325 8971 2599 1758 1276 2129 4758 3234 7876 1889 3453 5848 7099 1894 1736 7813 9867 6875 8403 1569 767 3521 3688 5391 4291 3979 4354 6264 6576
24 2098 7539 5345 3735 2395 8594 7878 3100 4031 8602 7958 6612 1507 5268 5040 5357 6900 2366 757 2160 1878 3014 7553 98
30 6261 1415 4765 7636 8613 7249 8417 975 4444 7097 8677 3490 9739 4749 4748 5114 7750 6315 8671 148 5203 9369 4176 3163 4105 2448 9388 5007 4821 7414
30 7759 90 4543 5966 2037 2339 2429 9485 9437 9658 576 1516 7466 4591 5063 4420 4317 8129 8702 307 2023 9938 3726 7501 5728 7683 2308 6823 1551 9969
30 2734 4581 9635 598 5258 8663 5706 9864 1167 8642 4898 2412 8855 877 8787 6924 8587 8444 7640 6700 8430 4209 2612 7524 7281 415 575 145 6269 3554
26 6599 6891 1312 4099 6922 7408 1770 9851 1676 5440 4127 2044 4546 5135 669 2692 536 2402 7403 4198 1202 5305 8363 9041 321 6650
30 3060 9791 7638 9385 432 5896 4183 9898 5278 1074 1908 3020 6601 8149 9681 4129 2411 2700 3973 2958 5172 7905 8323 9069 486 677 9869 2493 6546 6588
26 2446 929 4754 5377 5968 3347 4858 6902 2194 2538 3797 9179 1103 9312 1161 3885 2596 3751 8570 6047 4484 7897 6366 8776 8784 7820
28 2234 9740 2442 7982 8261 5783 308 4185 2183 4201 140 3685 4925 6591 5373 8764 4118 4787 3485 4668 5814 7658 9022 4061 77 4762 9645 7272
30 5454 9960 2335 5751 3954 7485 8754 662 8349 8042 7062 1526 2913 781 2682 8254 6968 8847 2488 8419 9125 1355 1208 5932 3438 3687 7521 5280 2968 4605
28 2922 6897 4944 6234 338 35 5587 5401 1310 8330 4344 5817 1482 6904 2387 7630 4244 1741 8868 1463 3980 2363 1183 441 1181 8011 3008 4037
28 2772 8504 7421 5109 6000 682 2433 9854 7291 2760 9993 5137 9280 7953 3657 1567 7218 6443 935 4744 7594 3994 5686 6408 8782 2067 2530 6632
29 8033 1764 726 5553 2141 4250 5525 4948 7768 7755 619 6033 4873 3849 1936 6072 2278 7206 1224 4860 2696 5264 7619 6248 44 1634 8416 7885 6627
26 8103 5030 3482 8120 6283 3851 3225 771 4938 6037 3194 6085 4986 5379 7102 4819 6110 4987 4554 9265 298 7602 6447 6404 4767 2436
30 4172 1925 8386 5031 4436 2343 8937 7988 177 6296 5659 546 8335 3415 7043 4351 8713 6953 6739 5853 1649 6004 9373 8531 3023 3141 7094 9463 8240 8887
29 5634 6687 5185 2930 7488 4015 3604 1767 5071 2030 9780 5347 9068 6414 5737 299 8116 5799 3550 1157 3750 8427 4326 8032 621 4680 1678 5410 647
26 6428 3611 3911 1205 7699 4636 3443 1368 5439 4334 2647 8591 4578 1453 1383 1495 3371 4441 6019 9176 8393 8197 4840 2999 5257 2155
28 7245 4338 3618 6382 3898 3755 6267 8076 4079 1360 7076 9216 2019 178 8882 2219 7273 481 6788 9271 4558 1443 88 262 8658 7371 7178 9138
30 45 5262 5528 2228 4386 2101 7201 2908 1012 4370 8917 4375 2790 6945 7725 3301 955 1231 9875 3600 9275 4620 828 9342 8043 8660 8305 5712 1522 7886
29 8854 2297 3899 3005 6237 9549 4486 3858 3158 110 7352 4316 7237 9279 5230 8908 8837 3261 976 6803 5544 3591 2109 4369 5870 1184 4256 1773 9212
28 2368 3210 1531 6871 7528 7180 4627 7028 2470 1242 833 3846 8722 4813 8348 3470 830 1710 9920 5338 9298 5715 7998 6833 2345 9580 2952 7774
30 9475 1938 5197 9940 7161 8615 5307 6112 6186 1555 5397 9502 115 909 1498 9359 1457 9264 2327 9653 7732 7716 6081 3469 2896 8219 3451 578 1690 7917
30 5679 7855 9868 5077 5534 6444 4314 6221 1802 925 8258 7009 710 2759 7656 6119 8519 1581 8113 6525 668 9649 8716 1900 1834 4580 3083 5717 2587 9700
29 3042 314 8565 5263 2841 132 7054 1707 9554 6523 3637 8008 865 1261 5718 2821 8333 3824 2997 104 2196 7445 5380 2393 2275 491 7926 845 6148
26 1666 1035 5914 7985 9907 7087 1542 5396 7597 6914 7282 9833 7104 5716 234 4614 5154 6083 438 5494 3593 8632 4608 6008 8360 3767
28 5266 3782 1860 4824 6113 7980 6299 3803 2846 6364 4544 5766 5600 4417 9390 3250 5485 8804 9807 7940 3053 6799 8777 638 1010 6680 2678 6575
28 6440 4801 8394 3519 3268 9397 208 6007 5446 5296 2176 2513 4882 1919 8278 5839 7018 7673 5810 5733 5099 1528 9550 8690 4407 9679 4461 3059
30 3039 8579 552 3987 1737 9777 8293 3669 1821 8398 2722 6357 1861 5791 237 9672 6624 733 1341 7285 5697 2861 269 1857 7601 5344 5092 3062 8964 3818
30 6613 4236 6664 3462 5456 8701 2992 8798 927 5183 313 3315 2382 7712 9763 5006 7172 3740 4085 1931 4023 1116 3597 9205 8192 8203 2862 6573 6842 3107
27 2440 5467 6778 780 7430 3346 6057 9186 4527 6893 6552 7157 6044 9707 4328 1088 2321 1823 1394 6031 6477 1447 9253 7152 378 7474 2134
26 6198 9561 1818 7232 9322 1639 3871 902 3887 3608 3515 8752 5962 7924 3571 7570 9316 4301 6934 366 7465 1841 5386 1655 936 4014
29 1434 5233 328 2715 2430 6753 5863 4550 7046 4822 4720 1698 345 4779 264 5590 985 5060 8608 5267 2628 3691 4362 5575 4884 4995 7856 6626 5470
29 1179 5955 6046 896 3 2049 4304 8285 8920 3018 1096 2062 7838 387 805 2342 3886 7437 2929 4499 9319 3526 9657 1811 399 6704 1601 7903 7417
32 8019 3452 1014 5566 1239 3881 690 3556 4205 5935 257 3407 564 1952 2204 6692 8610 3639 5013 538 2625 8800 5893 4073 4462 9364 2454 1449 5398 6960 9860 7456
27 156 2414 9538 8415 5237 2736 9382 706 473 5253 5763 3379 4732 1747 7612 3180 9066 5825 424 260 4932 5180 8542 1333 1288 3580 6441
29 6812 4989 1407 7295 8766 2018 1174 5168 4483 6210 2397 7340 2977 5994 6706 7700 7622 3820 2521 5468 176 4626 7204 9608 3066 79 5256 2099 9873
28 1711 6214 6635 2469 5574 6844 6105 8365 4083 7401 4032 2184 7663 5504 1392 1496 2445 354 5415 2208 1356 3070 8576 6251 3760 368 2213 8696
30 1134 3492 457 7922 9384 4156 5883 2673 7960 9149 4095 6651 225 7588 7146 6743 8242 3805 4143 6035 5623 3739 2025 4666 8376 501 3366 7399 1778 2388
26 5876 1377 5973 7698 4046 4248 6676 1730 3212 5304 9677 71 6484 3888 9794 9469 9487 1563 748 3613 5300 6141 1765 7435 1991 5988
27 1566 7229 1425 3501 7864 7084 1985 2468 1898 4004 4997 8131 6574 2020 3893 2882 2292 3244 7366 9114 9722 1497 9301 3946 4274 1697 5033
30 2758 1191 8399 4091 6363 4710 3275 2782 7489 4190 5121 9910 5701 6429 7623 1070 4737 8972 9262 5463 165 3924 4324 9063 3426 9124 6059 448 8387 9154
28 5959 9718 1704 130 5826 5313 6779 4377 7931 6856 3494 1436 3584 7973 6147 9876 1887 2690 7357 3394 3270 5452 1997 3237 7970 3816 2786 5065
28 9151 7006 5984 1148 7976 5318 1865 6547 3215 9254 2629 7525 5332 628 7692 3939 7912 1732 2639 5164 1234 1041 2875 5341 714 6506 9650 7722
28 5604 6671 8934 3867 2353 3267 9795 8876 6872 4374 7785 2720 6684 639 4421 3499 2425 9156 9337 5094 2773 4449 4783 5660 1404 3345 3403 6202
26 9861 9820 3640 9095 7185 2642 6994 4799 6666 5592 1085 3700 4120 4340 9169 5419 6195 7646 2641 9318 632 2718 390 119 9481 5823
28 4467 8267 5952 8073 7253 9515 4001 8609 800 3784 51 2725 3434 9906 9389 8109 7069 8336 7635 3549 9711 9245 5019 8770 5471 6184 3422 7021
29 9832 773 5721 4717 3177 443 9955 8911 8322 6847 7473 5983 5249 8435 9010 1249 4080 5447 6400 1058 1008 890 712 2383 4381 240 556 6561 8670
29 9738 724 6770 7014 8885 4910 1681 2053 1689 107 2525 3176 7503 9051 8826 4862 2077 5642 8158 4299 2598 2035 2486 1570 8811 9582 3985 7934 362
30 8725 8364 2649 3951 1562 7668 3348 311 5570 6795 2835 4728 8552 2877 8963 3026 8860 3928 1941 8839 9965 3624 880 25 7508 5593 7002 4962 6279 3082
24 2863 7569 8566 1558 1293 5138 9495 5343 3742 4290 5282 7739 9931 7795 52 646 3445 5004 8326 2751 4973 5729 8819 519
27 7080 9826 4996 5128 9454 8418 7526 9324 3774 6318 584 4132 6291 2837 2287 7221 1073 7127 549 5745 8359 7987 3706 5795 6798 6240 8395
29 3883 3929 68 1278 3623 795 5499 4472 190 468 59 7939 8801 8115 8807 6629 183 1403 5131 1480 3017 1475 5358 3257 5665 4584 1428 6633 8879
30 2150 9814 5613 5917 8872 6348 5857 7117 8914 987 4542 7131 3631 1459 2165 5581 1054 4700 2309 3222 4686 6913 4427 6281 7376 2927 9705 3074 8514 6051
32 691 1846 8286 8829 9967 1236 3335 9583 252 2689 4691 7472 1724 7059 5198 9261 5947 7124 8200 4525 1033 3822 7070 4225 9840 4848 5445 4490 2959 1928 4418 5723
29 7318 8299 9850 7929 540 1267 785 8178 5742 8993 6015 2928 9222 9207 1530 7515 4033 1632 912 5708 9226 9574 2669 4319 8527 3988 1672 8265 7368
29 3516 7793 9951 8906 6868 3703 1245 1541 9954 5687 4047 9821 1128 2761 3271 9823 8757 8429 9199 4022 4024 614 3559 1790 8994 8061 9916 1211 9255
28 5455 7639 1956 5881 7109 9273 1515 7061 1258 5821 3398 9089 5291 4410 9060 5695 4438 7848 6775 2192 3787 5011 9201 8247 6052 1323 9188 7911
28 7678 9887 8026 7969 9636 4009 2346 4231 3203 943 5366 7071 1206 5852 8842 3692 8087 8313 3569 9142 3509 9108 2115 516 9293 5216 8898 4329
29 389 3628 7251 3126 2352 5693 3573 1299 5176 7415 1419 7811 6849 5894 1223 4902 8614 744 2941 7550 9639 6733 4296 5677 566 166 2807 4097 6405
31 6130 9443 8125 5815 6374 684 703 2771 4017 4785 4140 1867 5661 6082 3199 6483 920 4109 6940 4453 9239 6297 1388 8126 316 6209 9667 8117 8830 4512 202
30 8980 4060 5908 4650 8273 6504 7286 7691 1411 9327 5059 1002 1405 8639 3028 5943 7626 440 5458 2742 458 2476 9450 4450 9788 5548 2441 1399 1791 85
30 2995 5160 6729 9470 9785 4655 3537 3090 9939 7078 4262 560 8144 709 5993 1963 3674 2108 4059 2660 4399 9401 1722 7145 2374 4255 20 2902 5320 6091
27 9058 7613 7694 3903 2614 5680 2801 6393 720 1082 332 9247 2080 125 8560 6439 4051 398 1471 9512 2787 988 267 5120 1209 3197 5361
30 9053 8653 1983 3278 7383 6304 7800 2266 1253 7703 8067 9029 5018 2520 7388 8489 5191 4839 8226 6124 6336 6020 3793 9305 4267 2065 4412 7843 1484 6121
26 187 957 9584 6493 9751 5654 8093 250 4117 7105 1694 636 5761 2970 4756 6009 5692 1624 6949 7548 1162 8308 2261 9894 3970 3642
29 7643 5241 9131 3524 629 6822 675 1433 5369 3648 8511 4818 3314 7620 7859 5546 5187 1351 6695 3732 7226 3658 9259 2884 1815 573 9422 7004 7063
27 3190 9031 8678 227 6970 6620 3283 5058 9182 6328 2595 8213 4383 8426 1068 1173 8034 2684 8674 7945 6855 5155 7618 8077 451 2561 9784
30 3183 8669 281 5112 7986 3411 5126 5351 2238 6854 8528 6344 4130 4028 7370 8020 5820 9232 1977 5399 1426 4778 945 9449 2597 2638 1947 9535 950 6537
27 4904 1060 1670 4217 2323 3091 5784 1306 565 7275 8145 7701 9935 4335 7500 1720 2131 3252 7821 7113 4121 9291 4196 4895 2380 277 6906
29 3425 3551 8952 273 3391 1604 3114 7675 4545 5838 3565 2924 8813 7860 5072 9564 7829 6487 5750 6285 5722 2579 1108 4746 616 7729 5050 6480 6172
29 2717 2381 9942 5545 9606 5244 1795 1373 9599 1149 111 753 2502 5890 6811 2903 8148 9757 193 5174 9528 1803 7627 8998 2729 6832 3583 7997 5204
31 7849 377 8740 2305 1608 7177 1203 4478 5887 1610 7462 4281 384 4823 6948 9367 4633 8926 9852 5755 4534 6232 3342 4245 9013 5873 3948 5527 9030 4793 7568
30 6885 1125 1021 7191 4152 9825 7513 2310 841 4396 9771 7068 2699 3926 1294 8550 5731 4106 5495 8856 4029 4075 9508 5515 1798 5780 8978 3305 4254 7649
31 8232 9957 6640 2304 7367 6211 5188 9350 8441 6160 1011 2986 4658 6646 5132 2010 6841 1828 2379 285 5335 6880 4537 1311 6713 6002 6503 1801 2267 1793 4901
29 9822 4830 8366 7894 7416 3671 4703 6274 2274 893 9412 6449 8538 7549 7557 3525 2245 4596 905 7963 6894 9479 9004 9074 1287 2170 4643 3071 9577
31 6340 3181 182 6168 5308 7679 7412 3040 8235 8728 1837 7195 223 9792 7702 8942 5026 9674 2492 7093 3690 742 6107 7182 2856 3424 3214 5907 9003 2781 7688
29 6430 8607 1339 3855 3164 941 8645 8541 6276 2931 8878 9651 3730 9800 9666 3213 4164 7040 1043 4928 5626 6066 4681 2398 2478 5215 8374 5915 1911
26 7851 3505 89 1809 9836 2147 2375 2410 4263 5070 4921 2946 2390 6345 1866 9513 5816 9749 5421 4234 6080 6659 3909 5926 3645 9343
29 3448 4349 498 8130 9761 2295 2644 3625 3777 168 569 5395 2004 2973 3477 2581 6106 1013 4261 8869 7446 162 2162 857 3111 2709 6068 6332 5681
30 6056 9194 4751 9984 9150 4639 2918 150 7142 8783 615 4435 7560 1972 729 7587 982 6146 613 3737 6558 1332 9132 8456 3729 1800 6159 6524 4866 3116
28 8172 3247 3937 9699 7230 5945 7327 8718 8649 6708 9545 2116 1126 7001 2730 2369 5746 4800 9174 4763 4508 4755 3022 4979 1786 7050 788 6179
27 5371 6543 6265 874 5116 9773 5925 8741 261 8628 1182 1695 5080 3377 8780 112 6965 3433 9026 1534 4613 7512 8788 5261 1015 8945 8932
28 2870 3198 7397 4006 8445 2167 5353 9362 5900 9260 4460 3553 5497 5122 7757 14 56 478 4837 9614 5979 2210 4908 2498 2572 2516 8062 2783
30 9145 7545 3579 3201 1597 9937 8368 6703 2334 1882 1602 1668 7328 3454 4992 1892 5299 4149 2975 7479 5620 4772 3578 8985 37 3157 3406 9071 6663 2338
29 2223 9688 6819 1505 6677 6876 1487 4394 8828 5355 4163 6586 2325 6213 1046 3401 3853 6512 3754 4451 8817 6923 9514 1686 2618 2567 2008 8443 7234
31 2584 1788 1247 5113 3746 375 5671 9989 8581 8874 1545 413 54 8899 8352 9552 2006 1571 3231 3718 8580 1334 5933 5437 2285 1682 9285 4619 8487 8583 2296
27 5254 816 8080 2940 1175 5082 6727 6866 6331 3313 4519 3416 2404 522 998 1456 4946 1523 4899 7211 2317 5234 814 7107 8317 4923 4875
27 4114 7030 3460 9685 8833 8266 5348 402 4452 8723 3229 1754 8605 603 2424 8578 7932 3790 5616 1755 1019 942 4798 9698 3349 2810 7264
29 6975 9288 2365 1862 9669 9874 5478 7338 2707 6188 1435 359 8666 1553 4855 6075 6861 4043 8396 483 5754 4283 8188 6293 8935 1446 5372 6038 9527
27 9141 1893 2693 3410 2746 5435 8873 9781 4579 7082 4892 2743 1667 6895 2888 6850 8041 5431 7797 4536 2619 8742 8555 2514 1255 8216 582
33 6096 2607 9075 144 2573 404 1715 232 9394 6218 5523 2909 4101 4379 1091 4098 4637 9507 8720 7003 9758 3475 8612 8664 8287 8902 2197 5985 4811 24 5591 9431 1921
27 1111 8896 5564 2042 82 8072 9329 4282 6744 2832 4929 8894 822 9618 6174 270 7212 1848 2307 9085 5871 6840 4336 3369 4981 1327 2661
32 3660 3720 523 5069 9646 3612 4933 899 3281 8377 6740 620 7407 2120 92 4218 7058 9668 2753 5643 5614 8827 4879 1284 5684 2074 6769 3661 6532 7214 7123 8180
26 4891 5524 9591 7331 4629 8992 164 6470 4229 5119 7522 9704 4294 4199 5540 903 7823 8300 6064 944 5902 8836 9865 6360 7319 6596
31 7320 994 6461 4458 6030 1210 6452 3917 499 7483 1307 1683 7925 6590 9187 6471 6742 131 4470 2229 3621 4439 7 5145 349 737 9001 65 6266 7697 1627
30 2600 698 6623 3762 1659 3049 3486 6615 7693 7765 6918 8907 6115 2014 4276 8732 1613 2227 3248 9005 8656 921 3087 9061 5016 6660 7731 371 7608 9741
29 295 1468 9227 8949 9076 5144 6985 8572 3427 2960 7709 4243 6582 3839 198 5732 8295 8414 8233 9693 3617 2190 7055 7453 6921 2881 5845 7270 6135
26 9191 7313 6597 810 4909 1448 4309 6817 2542 878 5694 5579 6208 2283 2798 8321 9017 508 5676 7827 8127 661 517 5650 3279 1993
31 6781 2496 6093 4279 5658 8439 6016 319 5223 425 1871 7743 1548 2610 2121 5808 1664 3599 8461 6343 2602 8524 9684 770 8922 3713 2211 3041 3467 8092 3517
30 3636 8502 4878 2330 9352 5585 7259 8375 2136 1121 6385 4782 2825 394 2463 5265 5104 5648 1502 4618 3915 4675 520 6771 5709 2250 5813 2904 7806 8618
31 4967 4066 7235 915 477 7442 5448 221 8791 8793 3675 7614 2011 5488 6010 1146 6175 3047 2299 6853 1748 5271 6108 8243 640 4271 5559 2119 8548 6055 9478
27 3353 3562 9104 3919 2906 304 6049 6752 106 3785 9056 3825 911 2589 2560 4258 6877 4475 8138 4208 7303 9374 1930 4702 2716 224 6835
30 5482 7781 8927 3560 5999 8250 8711 9585 3587 9006 5508 7188 8248 3806 8621 4883 6180 9077 2133 2272 5923 1945 2356 5319 7048 1237 3779 3421 1533 849
26 3187 280 4757 5483 5005 3722 7349 2797 7680 5490 7036 6707 5352 3778 3941 6362 8497 2128 6734 562 1381 7600 4531 3173 9697 4977
28 4611 5130 3312 6889 6516 4104 5079 2489 4388 6069 5412 4599 2428 367 2714 7999 8571 7780 2543 1843 876 7666 2812 3710 7789 8619 5562 4361
29 2849 4922 1186 3064 3582 9816 15 6551 8553 5312 9308 8617 8222 4215 3061 7310 7155 3125 4086 3428 3966 8382 5785 2883 2731 2385 9786 212 9346
27 820 5801 3630 6032 1257 2519 5619 2762 3904 6944 2132 5322 3892 6693 2033 1774 7271 1886 2087 7624 5362 8030 4155 1254 7788 7631 7153
26 9581 9213 8227 9408 4867 1804 8292 4457 9737 8215 7007 7884 2666 254 1511 4054 8155 2702 8930 5888 7687 4039 235 2776 8589 1868
29 8598 1568 9166 16 7992 9147 9961 5506 9425 8289 9562 353 8448 4382 6772 9616 1840 414 1265 9016 9386 1922 5243 8556 2427 8708 2712 7424 7756
26 719 7735 5557 2000 3476 5829 2236 4137 5084 974 3286 5803 3251 8901 5971 3837 8900 6043 139 4651 7754 9557 8218 2291 5930 6216
30 7138 3581 23 9695 5794 676 5086 1913 7406 939 2613 1427 8089 2923 9228 1929 918 5202 5622 6104 7476 4159 433 9603 5286 3998 6533 3652 4353 5392
26 9392 688 9257 9506 1776 7149 7872 9415 9436 5601 8413 6137 6892 2348 3287 5487 4868 6199 8825 3933 9859 823 9025 1543 9474 7322
27 3016 7901 9692 6151 7552 421 6262 7870 4524 3802 8013 9862 9043 512 802 5741 8186 5605 6984 867 9399 2865 4741 6201 6495 9505 8631
28 6507 3827 528 5247 6284 2664 81 7896 2281 8025 4504 8035 143 6696 5076 7248 7410 7083 5469 6536 6101 5558 8535 1975 4224 9094 6969 5208
25 5588 3169 7979 6509 9123 837 3242 3821 2280 123 1744 9996 8051 7081 2886 8 3115 8102 9813 9020 547 6028 2829 6732 9932
28 5832 4447 7031 8481 3373 2873 6519 9943 8517 2415 363 21 4021 4147 8066 9299 7556 9525 4372 454 797 8763 8112 7791 3092 953 4111 75
28 8141 4049 6245 5127 2051 4718 9856 6099 2541 9314 2243 642 228 3771 8675 7171 379 904 241 9518 9009 1703 9486 5629 8110 340 7854 6065
27 9106 2766 6231 9790 167 2868 5010 848 5474 8808 6354 9309 8329 3067 1169 8684 763 9843 7092 7224 752 9065 4615 6667 1916 282 3143
28 3249 8657 1067 7351 663 1441 7065 3429 4264 2943 1045 8616 3923 9091 6998 6302 6689 1246 6777 3395 1251 217 9181 7505 641 8105 3633 5921
29 681 5147 9361 5115 4529 7845 4553 6990 5772 1609 7651 1564 8844 6143 1856 3896 1536 6758 1584 9473 3029 8748 6858 7595 7164 5526 7801 6898 1766
28 2038 1817 7475 4480 678 3667 7751 2961 8123 4062 8562 2878 7809 7844 611 1272 6353 5212 761 4269 8163 2336 3848 2938 4695 9971 1235 9914
31 6570 7566 8850 6928 1863 3412 5368 8831 4950 9725 4630 7745 4726 3280 6183 3127 7962 1409 6851 3319 8626 4330 9493 1110 6273 197 2095 1316 574 6955 511
32 327 7256 4671 2874 9930 7707 1016 4942 8620 4048 7405 5434 3813 3863 8832 2148 3879 1461 815 407 5989 9144 1230 3789 5328 7169 5381 5538 6181 8792 2349 7559
28 9351 6668 4766 1924 7060 1421 6767 2710 3854 9084 465 4293 8939 2082 1451 1535 2708 1346 7143 3967 1384 293 1318 5764 9778 5698 3913 7260
30 701 3104 6347 288 4777 1760 3001 9975 7748 3304 718 2050 9057 4179 5840 7276 7013 4693 4103 244 9171 6071 1514 8010 6 6222 8516 5859 9555 5674
32 1826 2191 9743 8875 4 2752 4817 7239 4387 9675 7629 7484 1647 6954 1490 3568 693 6786 2653 2899 759 495 1200 5992 3947 7714 3859 9563 4352 2481 4364 9600
25 3592 3503 1275 6790 6123 8924 3299 3167 9548 8861 7242 1838 3677 1616 4645 3088 8947 6383 6144 4012 218 9912 6303 4058 2719
28 7674 1752 7574 4507 9079 1123 8046 4307 6738 1477 1643 7345 4612 7346 5443 8190 335 4847 1291 967 959 1687 1086 5359 12 5317 2901 7887
28 5835 4662 7011 9120 9462 7910 674 2303 7661 8147 5404 4547 9736 30 5409 1050 5631 5602 4663 7085 284 8965 4360 6783 3931 3218 1106 7134
27 4115 5756 1113 4219 906 9629 1674 4089 5748 8211 8122 7355 1948 382 2508 7737 1240 8331 3365 6886 7339 7857 442 8100 8771 6587 9558
26 586 3860 1040 8118 9286 5868 8865 1904 4589 2947 5514 7906 6098 7290 9673 7438 9922 2127 7819 2503 826 5342 7542 8024 5178 3876
28 3440 9858 6931 9492 5516 7728 8410 2158 5843 3364 6456 7846 3382 5786 6991 3376 755 9641 8380 1663 6420 1669 7457 7192 4872 9968 1738 3504
27 1408 5149 4769 1745 1217 9315 3243 4889 9420 3506 1214 6114 9381 8223 3102 7881 326 829 9578 5607 5221 2926 8081 2544 4940 8715 2791
28 7782 2091 3765 8027 9130 6421 6427 9648 7660 7580 4124 7108 5428 673 984 369 6323 6628 4706 9730 9294 6034 469 732 5936 3697 2879 711
25 4182 1424 49 6983 6073 8526 3103 7392 670 4040 686 3819 664 4727 9471 3539 5194 6662 1628 18 1281 6136 1486 5789 9643
28 7277 2202 336 8950 1890 4181 2637 1194 3086 7284 7400 5290 2984 2741 1221 5806 6678 9897 4285 5339 8252 4468 692 3936 9080 5375 7747 7215
29 8044 1062 2 7519 4739 2622 3170 2175 1693 8862 1630 2124 1097 4161 2251 6170 1763 1366 4357 5920 1984 8209 9652 3996 3842 7166 5054 3529 4678
30 3155 9246 554 9797 6117 8324 4715 8277 8681 606 6747 793 5793 521 3310 8038 7363 4488 4549 8319 248 4894 3296 6116 9819 6838 2706 5960 1653 2254
28 306 275 3972 2384 5460 9097 8050 8478 5757 1301 7243 7935 609 643 5775 3013 4654 1806 4464 7444 506 186 1061 7518 9164 9573 8683 5255
29 8078 7704 5934 1036 3844 4716 8933 6419 6473 9442 8055 4774 300 5689 6187 5152 4669 1047 5242 6712 8459 4863 6641 3358 3577 3800 2088 8941 1864
29 8858 2765 6294 7219 5117 4030 7299 6205 8687 230 4665 4019 7429 259 1968 623 8168 2972 4056 8703 9234 1362 4624 4959 2721 5633 8225 7655 4916
30 8544 6980 2069 9732 7279 8765 5682 3741 3480 550 1692 6705 8892 600 3461 2979 5037 2910 6863 7067 6514 8354 2438 8789 5158 859 7738 3962 4586 4978
27 3873 4433 4214 3744 7952 9407 8111 4692 9619 5510 1290 6224 4689 8686 8814 7882 6432 5287 5554 4806 315 372 5101 509 9991 4345 5486
31 9601 7205 1746 563 7026 2013 8991 8494 4356 3156 1259 9842 3191 2900 7532 6426 6166 8498 5484 7292 7964 5625 129 3572 3112 5864 1937 7478 1559 9607 7341
26 3216 534 7042 2479 4530 5433 243 1431 9793 9655 3390 2845 3370 5081 7217 7350 8208 6219 8405 1529 1718 8515 891 7089 9100 6865
29 3491 2550 8523 7309 8919 1398 9489 8727 7541 5406 5976 4833 5963 3795 5909 4312 5394 6050 7943 9801 3964 6070 7892 5039 7644 7810 287 4965 6491
27 1579 1942 1364 3339 6150 3716 8176 1440 4465 2039 3336 868 6773 777 4157 4424 3574 5236 7961 6270 7434 4569 6478 2054 7008 9918 2103
29 4523 8039 6062 34 9735 2166 163 1593 5639 1810 789 8466 1557 6238 1489 1870 965 1819 618 1216 3000 6805 9569 9523 8554 5110 6901 9438 4625
30 4119 5645 8983 7871 4937 9966 3455 2569 7359 1839 290 7409 5964 4515 1147 213 4434 2740 5957 4826 7959 5807 5576 50 2282 6907 940 4257 7805 6511
27 2586 8447 4803 6351 3610 7464 3651 7390 161 8755 3284 4081 7298 700 2432 226 5986 4991 3900 7302 4403 1874 6920 5430 8918 9330 6413
27 9180 1599 416 2012 9772 9915 8746 5157 8460 1032 9983 2998 6721 4598 8124 8175 9683 1702 8452 1455 8633 9953 652 7090 467 9152 7996
29 3831 4980 1691 4169 8003 779 2137 9391 2748 4315 1326 5384 2373 6813 858 6176 1401 169 9427 6039 3566 9926 5872 1685 9576 9542 4683 9841 7527
27 3766 4805 3128 8733 571 515 9223 209 8000 6675 9376 4941 4100 3705 4213 4538 3113 3378 3217 6194 8635 2545 1375 3649 6397 6737 6017
31 1813 3179 4057 8778 1250 2439 2574 1420 1120 5904 2052 2887 1176 7321 2549 7378 2485 650 7628 6505 2750 2605 8521 1031 1583 8306 2779 8953 3030 5991 7796
32 3709 9248 2777 2145 6869 908 590 3326 4025 6860 1852 5350 997 403 3629 4011 1137 1927 4310 3327 705 9532 1077 7452 7197 3841 4416 3943 426 5667 3918 7540
30 1999 4574 256 8464 3707 53 9183 4953 5975 6531 3986 5818 7990 9118 7088 3437 3567 5567 4752 9944 6372 364 1782 7490 6797 8164 2357 7764 7165 7207
29 3922 5336 7173 2963 2815 9963 2096 2674 1895 5879 886 3955 4376 9135 895 981 2697 5038 2362 8086 3843 3673 3447 9766 9353 9927 9018 9163 1199
32 577 6001 5653 5129 817 4391 740 6286 6550 431 392 9173 5289 4295 4180 4918 4776 1382 5924 2130 9553 2453 5641 5364 6548 2905 4038 9759 1705 2969 5473 6207
29 8786 8152 8781 6474 9190 1677 174 2601 9178 991 3817 3975 55 8142 9290 1832 4555 4812 6054 2449 1078 9680 2360 1594 2505 4518 4714 8470 969
28 6042 5370 7115 961 4200 1042 7379 5861 8150 9973 4178 8967 1144 8185 844 5214 1918 3184 7208 6193 6095 3864 6465 3527 8018 796 6157 6804
29 7653 7606 1556 8624 2085 5102 236 6244 7317 3724 9317 5192 1585 1544 8279 2015 2341 4191 2271 5103 8662 8071 2588 7972 7616 3355 6755 4963 9958
30 8424 6488 5511 1822 4144 7176 1300 9184 7369 5496 4559 9917 9871 3464 7893 6565 1858 2839 1190 9396 7547 2764 8485 2953 8343 7413 7741 4268 1954 3810
26 3875 8546 1816 5632 294 1093 1917 1193 790 1402 6298 8650 4332 9011 1537 8259 3089 1561 7736 6455 9193 4108 7730 2105 951 9768
30 526 2198 5608 7529 8745 7323 1631 5901 3272 7111 3069 5530 3402 6454 7308 4160 751 6611 3890 3056 2723 9521 1478 4463 1869 1576 8409 1027 2016 6614
28 1808 7918 1140 3914 4455 5251 7607 4969 5512 8004 4204 9857 1003 8509 2114 7615 7803 4648 9611 776 7198 3561 7252 3752 7991 5678 5042 7502
30 9413 159 854 2971 6410 6520 6816 6437 5878 8655 2068 8859 8231 7696 6100 9050 7365 1640 5636 4491 2347 5735 5765 6887 2104 8241 2523 4422 2956 4171
26 5014 8406 8143 3694 4050 8549 2279 1238 901 8476 7032 2780 7288 6418 1598 5199 884 5841 2662 3357 6642 8075 5009 5805 2915 3444
28 42 9913 9755 3405 7719 2591 6978 4931 2097 1825 7056 8384 4288 3096 2475 2593 5651 7333 9088 8809 9472 6541 8747 9934 7261 3719 836 9941
30 1717 8545 6600 6258 3295 721 9242 6616 380 3254 1986 5327 5998 8512 9008 4177 4955 6649 1625 1757 2277 9744 1501 9503 9978 6577 9113 3840 2249 233
27 9168 286 9202 7798 5423 9302 7227 1127 9818 1799 2316 7005 245 9560 3602 4404 7495 5891 4154 1827 1500 4907 6916 4437 7850 7978 6246
29 8220 3209 6578 2459 3702 3118 4323 7927 7993 3532 5547 7387 9750 239 9824 7233 8095 8996 5573 3728 7825 8064 708 8838 6499 2510 3138 5551 531
30 9049 3968 3258 5472 2252 309 4096 4597 2774 1081 7190 4857 1329 6368 1483 1494 5752 5505 386 2113 9701 4206 3725 6517 1297 4366 2627 3653 824 8351
29 3387 7337 7402 7481 9974 489 1342 194 4638 3392 4002 5200 3759 9796 3129 8029 9671 772 7826 5165 3230 29 5217 7486 4411 172 3522 3872 5273
27 7418 27 3534 6699 9052 1961 4730 8022 5105 2919 5314 4284 6665 3944 9547 7909 1906 8420 9676 3337 7669 1953 1731 7713 1820 6513 4576
31 9159 1573 7496 667 9612 7625 2126 8957 5916 3558 8638 3144 2867 8611 4919 3175 1052 3343 505 6759 591 1090 6259 5824 6981 2405 8736 9320 1105 7921 4771
27 4078 474 6200 2604 2640 9640 738 9745 8262 2009 7767 9703 4092 8332 6996 3152 7778 7591 6058 9230 9834 8888 8647 4593 2537 5161 6974
31 175 9445 4259 1192 3306 9263 610 8463 8005 2318 3340 203 8191 6018 1406 604 9098 649 6939 72 8397 7057 1153 3483 8302 7711 7746 4532 8270 9838 4347
27 6423 862 2241 479 5598 2144 7572 173 2680 358 6697 8106 7682 7853 9810 7994 2319 3245 3999 3497 7567 6040 1812 5032 2123 869 6164
28 8995 9594 1196 271 9019 4622 1133 6128 8423 9153 8325 9090 1915 4930 58 1171 1122 9209 5464 5655 348 3935 4859 2483 6086 8845 9615 1315
27 207 3704 8434 4808 1410 7579 3122 5125 794 4110 6820 7766 5834 1102 9959 6540 2462 4482 490 7041 8059 8408 6560 8672 9347 7938 2007
26 4935 5583 3781 4195 408 3997 5862 4520 7863 4835 4343 3889 5270 6223 5884 1656 1084 4308 2117 464 717 8165 1270 3956 3870 1445
30 9014 8128 9200 2135 5066 5166 6859 1944 6230 8603 3545 1228 292 5118 133 1094 8990 7898 3004 9465 5977 2676 4816 1331 8179 2269 2737 2585 5836 694
29 2851 8561 9662 5206 5537 5855 9115 8726 4273 1657 9798 2955 7091 67 5874 1188 3495 9387 588 9928 9516 1987 6342 3995 6324 6327 4592 3038 4747
28 102 846 3051 6407 3536 7144 4788 9121 9571 7916 3865 2735 2255 5847 1314 8490 2034 595 5980 913 7565 542 10 6431 196 9723 9410 8909
26 78 4474 6092 9129 4408 9803 9172 9231 5023 715 6927 7596 1056 866 8373 3109 9345 3714 2831 9605 5599 1995 7411 4026 2059 6088
28 4768 4796 9568 7650 4393 3804 9272 3780 4289 6989 8734 2076 3356 5782 1135 7075 3605 9734 6905 7314 46 9638 1328 1454 5459 6673 6564 5738
29 7584 7382 9460 9522 9559 4355 7598 4521 8477 5578 3131 1650 1642 831 2185 7159 4522 3596 100 774 9519 6316 2694 181 6762 6722 1851 9802 5666
31 9888 8383 3772 2399 9884 2768 9537 2608 7296 4874 3481 9281 5533 1303 2577 376 1830 494 6962 6938 6957 9137 7904 9306 9903 7332 41 2400 8768 9799 5885
25 9435 9764 2813 5668 1025 7203 8239 6919 1219 2078 3548 6809 3034 2326 3409 9587 9530 1901 8729 5140 2732 3459 5950 8774 7533
29 2209 1831 2332 6155 5181 5542 5637 4880 9339 4792 3228 7928 3721 8446 3942 7431 6453 324 1955 4606 728 5922 3712 9032 3717 31 5774 9882 5517
31 1574 9447 910 9891 7742 4005 2391 7316 9499 9690 5509 8943 76 331 6182 8341 9430 4207 2564 923 3945 7507 410 6723 7480 5408 1626 3734 5948 3472 2894
29 4189 4166 7648 9416 5182 1740 5167 2409 1028 5055 5036 1023 6728 2645 1063 8288 1195 6045 9846 658 7920 1699 4036 4705 2976 9099 4890 9847 3232
29 8946 3235 8166 9592 5151 158 4093 956 1836 4432 7336 6997 8558 4425 1847 8762 1488 461 7225 7051 6243 8508 7659 149 9112 5787 120 4775 973
31 934 804 405 8134 5669 2048 9258 9504 43 3882 6715 532 9664 3695 2056 2220 3684 2951 9999 5498 4498 1180 8600 7862 6501 754 2311 8582 8290 1946 3595
32 7426 7642 6720 6250 4034 5051 1076 456 3489 3711 7330 4064 6191 7830 5427 8630 2225 5378 7834 7578 631 7685 7686 1658 7498 9082 6013 8893 4699 283 4871 2980
28 9189 9136 7380 7151 1462 7022 9477 4734 9531 7419 5647 2153 109 5450 3108 635 5248 7103 9429 6346 118 7665 6241 1479 8803 8272 1638 3375
30 1141 5354 6610 6888 4896 8751 1969 9055 513 7278 9949 525 9720 545 6378 8255 3753 775 583 7684 5061 4876 9313 8411 3084 7121 5918 8353 9192 1289
27 6229 6785 4068 7744 3757 343 6395 4247 373 1622 2122 9497 5108 9902 7053 6802 302 7510 9783 6987 7017 3655 978 2834 3404 2456 4789
28 3153 5136 8503 1417 1220 589 1322 6652 4831 6690 9970 4153 8455 6941 3220 5477 6226 5295 3329 1164 155 8449 9637 7477 6377 6947 3531 592
27 4466 9498 3575 968 2966 4278 6295 2937 2457 3330 7432 3095 6757 4414 6714 5252 7975 1565 2898 7571 7254 242 6899 787 5685 4707 8636
27 4052 7787 3316 7543 397 3297 5302 8700 2654 8318 4565 5905 6701 153 2187 2727 1578 4405 2688 9048 4242 2072 4297 1361 9765 2075 8753
27 1048 8339 2855 4535 8936 5210 851 4395 2064 9274 2799 1309 9116 9464 7130 1413 6111 8028 2174 1992 7913 963 5232 3354 4237 3530 7577
26 2805 3384 8903 8547 6815 6566 9395 2289 1083 1749 1166 3241 4743 1142 4373 8529 211 9266 4886 6126 607 5582 7156 4552 4956 7492
30 3423 7179 7689 9304 1644 2701 8201 6212 9457 4446 5068 5420 1933 3622 7112 1358 9421 2631 1117 5385 9511 3012 5656 1107 6583 4287 2819 9687 1313 447
28 6950 8121 8356 4151 9980 2138 4069 5177 7240 2071 7039 6814 7118 9334 6433 5531 4035 2473 8525 2073 8229 6679 2796 6709 3120 561 2804 4188
31 5919 9890 1833 3878 8797 9219 5705 5522 3205 4642 3341 6268 9812 9908 741 2416 4423 337 4139 2695 3193 4010 1087 1696 7818 8962 7074 2691 882 8132 3708
28 1572 1492 1751 3350 229 7842 4358 6436 4900 9363 8245 9218 9458 2413 1552 9400 2312 7808 9534 6307 4142 5961 5649 809 892 2848 5635 2630
30 6392 2648 7216 108 2140 5148 6746 1414 9439 9310 1098 1872 1000 2935 510 863 3063 6438 2419 6387 599 807 8212 4968 695 8058 7807 6637 8744 7471
32 4960 2711 7096 4773 3698 9378 4126 9027 3847 1998 9990 3388 2286 7776 7334 1244 6508 922 9024 2206 6306 3359 8643 2665 8312 579 9631 1538 6415 5736 7315 4131
28 8097 5703 6154 544 1499 6995 6554 704 365 9533 9853 4652 3298 2276 7300 3585 2982 4125 5389 6528 3761 5143 2784 2046 9642 8501 2814 3436
28 9371 5245 6935 1756 2555 3238 8257 8673 8458 5028 5781 7706 1880 6780 9694 2981 2315 6494 4187 97 5762 7073 8510 5702 253 3328 4881 8311
28 1769 1187 2795 3322 1053 504 7944 9762 5146 6256 8260 798 4430 2657 278 938 8867 6466 7447 5078 9663 7263 2655 2778 8559 3289 2532 2611
28 152 8948 702 659 5520 5360 7605 4251 3544 2558 38 2643 6352 3393 4128 2527 8210 8425 4572 3916 4102 3990 8160 7734 8002 9586 1875 9556
28 660 9038 4067 4311 357 7957 6766 9909 6369 4575 2552 1899 8536 1262 3828 4471 6380 8773 4070 6394 9656 3206 2284 6631 2885 7677 2985 8009
25 6808 482 1365 3044 3291 1612 6522 1354 6084 7037 9127 1589 3981 7167 7779 4321 2118 7095 317 8622 2214 4517 7223 2809 3634
30 4071 9727 5555 6925 9520 6280 4795 2450 980 1792 8499 5480 8604 4601 8925 2704 5956 3418 716 8495 3776 6555 3749 3977 7520 8533 5809 587 2594 5707
30 6424 2163 3856 276 2350 8237 7974 6826 3192 1007 8889 3290 2686 5833 48 1783 2889 6724 7023 7398 5414 9210 5981 2434 9924 8981 1295 3106 6647 6014
29 5057 3076 8492 3659 7867 6556 745 8001 6535 6412 3431 8769 6951 9160 557 6365 4232 4557 7189 2026 3666 4333 3200 7128 4961 6153 2911 3202 6806
29 1587 8184 6879 1772 4697 8381 3439 926 204 8877 2474 5024 4090 475 5662 3068 9509 7762 1844 6122 346 897 2978 9034 6784 7029 1727 4635 960
30 5046 5944 6765 627 1138 7866 1759 8588 2083 972 4687 8437 7443 861 3446 7265 5758 4970 3884 6526 7241 1026 8557 3165 932 5819 5231 7470 7422 2518
29 8849 8372 2583 7329 7890 8193 7637 2531 5315 2843 7610 5309 322 8482 157 7763 2364 4704 812 8304 9644 1357 723 7977 1470 3959 6094 6149 9204
28 9111 8961 1712 350 6445 289 6731 1009 8848 8040 8391 9979 2842 6544 3723 3400 4893 5272 875 8795 4216 885 2824 3351 1881 8743 7066 7348
27 13 2156 8207 5740 3172 1600 3318 1592 8263 1370 8358 9012 2897 5611 4583 6836 585 4934 8310 6827 9028 1617 6917 2376 9633 4561 5029
33 6197 2517 5334 2858 3396 879 4082 5744 8442 2242 9808 2892 1104 8159 116 799 8436 8475 1713 6617 5043 9946 4220 160 2529 7461 2177 8779 7280 3168 3474 2215 1651
29 4764 476 5903 5349 4249 784 8012 7393 4724 3908 4844 4696 9081 9177 5346 4378 3869 3046 463 28 7954 9146 459 5615 9863 9904 1150 6656 1508
29 7937 9157 4994 7516 5171 593 2057 2745 4044 6711 6287 1371 428 2551 2869 4750 4740 1950 5186 9985 1729 4939 2377 2553 3098 4228 8731 6435 2406
29 9714 2146 4392 6754 8049 4018 7381 3300 6215 5159 2511 9835 1158 6434 6178 8390 4226 8759 3971 8133 4865 5778 1476 2102 9539 1714 1629 7362 4300
27 4974 3119 2836 7449 9899 768 6446 266 3989 1708 4869 2066 5073 6670 8221 6621 8023 4742 5179 8181 6825 699 2328 5569 6776 2936 8799
28 3590 5532 5462 1124 4084 3836 1344 3185 135 2763 8294 7589 2632 3747 318 4240 7353 7027 8692 201 3338 7895 2991 4984 2828 7852 4708 7652
29 602 8440 2916 6748 2201 2677 1198 6874 4413 5133 360 301 1618 1044 683 2683 5727 6384 4836 3276 4853 6549 3413 9789 374 8810 4841 5513 1397
32 9321 8724 9243 6992 1835 60 4165 949 5201 2337 685 4174 3835 7771 7554 3136 2615 9326 5978 1225 4162 8537 7710 9000 3189 8342 4912 2079 4008 497 8640 2659
31 4141 4303 1768 417 1442 5416 9165 7891 9240 1519 1207 70 5699 1320 2354 8378 6846 9276 9405 5123 8379 279 5788 7293 4000 8433 6077 8637 7930 6161 6810
30 7576 2793 6416 3518 4784 6027 5759 9848 2917 2001 7450 2188 5162 2576 3786 492 6334 8866 8303 4781 4528 6903 8388 5624 7342 7386 5844 3159 7908 900
27 570 5673 8177 3921 8327 6278 971 3619 8249 4577 3794 2370 6024 9002 9716 4112 4780 6958 7956 2932 9682 3374 1978 3547 2616 2895 7936
30 962 7132 5049 7394 8438 1380 4722 2738 8154 8483 9067 6999 8661 2724 989 9712 3662 1156 355 8822 9541 3221 2987 6534 6929 4346 7966 5489 2634 8385
28 7883 188 9817 6005 2912 1243 141 4736 6263 1349 4657 5768 189 6716 1353 8688 9140 5331 8291 1201 8301 7454 9433 7354 7544 103 6320 2217
26 4065 8432 4802 8063 1588 930 6686 8840 5749 9654 3435 3303 4602 99 5565 8401 4509 8171 2022 8473 3874 6774 7289 3993 7837 5418
30 5465 4494 1285 2482 5298 952 5 3644 8389 3500 5382 199 9728 1935 6486 8883 9588 2043 9046 5617 6469 5630 8021 8157 8706 818 7968 4502 8194 6090
28 7633 1030 7611 7020 5226 4587 2154 6389 6750 4888 6672 7377 9372 1701 9217 4365 7200 4610 5340 4649 3768 765 6986 948 6654 8596 1136 5284
26 7662 2563 6425 736 3620 4677 9229 4745 1679 2802 644 2495 6735 7035 2872 6930 9103 7168 7255 9206 9945 983 1396 2789 3769 2084
28 8099 4759 9366 5156 5696 3696 4302 184 3715 7955 4431 778 5869 1885 3963 8283 2200 1743 9432 727 7451 2199 5560 1474 3148 5481 8479 1648
29 9488 3265 8710 5942 4327 1429 3186 5670 9393 8593 3484 7873 7459 6915 4551 2324 6698 2216 7428 1582 2515 8091 3676 3135 3239 8682 4897 8114 722
31 4753 3240 9992 4318 1554 1264 1794 4313 9461 9267 9883 4497 4914 2314 3132 6448 6048 222 8480 9480 6789 1159 8344 8852 6782 5173 7770 4600 5618 2957 2994
28 7914 9328 9441 1037 6459 3292 5796 9622 6300 5403 5329 8956 7077 1517 5827 645 3408 7262 8457 6645 1155 1129 9886 9134 4827 870 4063 470
28 8346 2090 5846 5529 9175 8162 6292 6658 2247 739 1849 9575 7941 8345 8137 6837 6403 3432 6964 4725 725 8739 1877 7858 1263 2444 3048 9307
29 7148 8183 128 9632 3050 1283 4673 2679 3130 8760 7423 6581 924 3003 2464 3458 803 8082 2592 6023 6165 142 9602 5657 1279 4380 5374 2620 2623
29 3363 4469 3991 1066 5940 3733 4076 2770 4134 9994 1883 3791 3563 9370 3502 6398 214 7546 7585 2974 7506 6608 3294 9536 4999 9170 6932 2306 3334
26 4322 6791 5213 9039 5910 2212 2920 4116 4348 9885 2646 9526 258 3321 947 9119 8196 2726 5111 8136 3154 6943 439 2487 5953 7947
29 7427 8644 687 1051 1241 5229 33 9986 74 1020 6185 2100 8931 6025 1829 7491 86 6977 6288 8054 272 1072 6702 8802 4688 2501 9987 2467 8096
28 4804 3877 8977 3763 4476 238 5022 8737 9880 1797 5311 1389 5691 1879 1905 4113 471 5927 4513 7372 8881 8905 8045 7517 9244 6029 2925 2367
29 5777 1896 4481 6275 1260 2359 5323 1932 383 4306 3105 7983 907 782 5800 361 1057 1376 8367 1006 8340 6158 9849 8685 730 4913 4998 1503 7460
27 746 5326 9756 9128 3907 5714 9565 2142 5100 9839 9855 954 3894 2372 4027 1 5640 5931 8704 786 1966 6103 344 8068 9398 2850 8314
29 4852 6956 6796 7752 1422 4976 6379 5303 530 5012 8794 5501 6460 8371 580 7681 3814 180 4911 5444 853 1343 1982 9348 4222 7463 3607 1350 2681
30 654 1271 1779 8234 9721 320 2536 3912 7304 881 5405 9158 6399 7586 8355 449 7889 4609 8271 2827 7814 6109 1481 113 9524 5725 7951 2031 3021 3399
29 138 4397 1348 7581 6563 9625 7375 4809 4003 8974 8573 6585 4985 6063 1662 2125 3576 2407 1652 1075 4203 2471 114 5571 1227 3668 8037 3285 1635
30 1965 7297 4122 8052 1390 8108 3019 6409 6163 1671 9529 8347 2606 7025 9256 6338 1469 5688 6792 9911 4982 137 2566 3910 9878 453 769 8412 3006 5453
31 9543 8085 551 2755 8714 8500 2313 4640 1304 5189 5175 9952 6763 5367 5606 210 5095 418 1611 5246 1591 672 5321 1979 7389 1277 3727 6203 2041 3901 5240
25 1577 811 40 4186 9708 9467 9078 409 5407 3262 5292 5451 6026 3897 887 9779 5047 2222 5250 2302 5294 3196 4947 8574 7555
28 8057 7760 8468 5886 429 1049 3845 7086 8532 4145 7257 5811 9300 2800 8871 3512 9567 8973 864 6131 9402 5088 9221 9962 8916 2273 4712 8465
28 9988 8472 3833 3385 3866 2401 5867 7840 743 7670 8253 9007 6878 4371 7033 6644 5539 9070 4861 4233 206 5085 7583 9143 617 4540 5044 7010
27 2265 8543 4239 2965 9241 6634 6359 6312 6233 5856 2547 8350 2818 2944 2739 2949 3891 9597 5563 8173 6254 5719 889 852 6189 6952 1154
28 1386 1038 7439 3953 9752 4053 385 2435 5822 8689 4945 8721 249 1873 95 9214 255 9929 7325 2461 5025 7301 1374 3614 9947 2268 6542 4184
27 1109 4260 3775 6402 2186 7482 7361 1302 7045 4684 2948 8507 6253 6450 7126 9630 7129 1903 4846 3140 2934 9661 6011 396 6821 265 9604
30 2378 3756 6497 1491 9459 850 7603 171 4514 6643 6979 5704 9035 3982 5306 1853 2193 6078 17 1850 2081 8719 543 9977 894 731 8891 9731 6639 2288
27 3123 1734 8625 8841 7147 73 5683 117 4588 400 5951 1960 7792 2171 1636 514 5205 4595 2871 6067 5995 3498 3081 3208 7100 3957 7718
28 2672 6021 6857 2169 8074 3680 1547 9753 4193 4292 6252 1920 5664 838 6321 1114 2110 840 9195 6937 3689 9950 8606 3015 9023 1369 5021 9770
30 5500 1595 502 3442 5724 1787 8006 0 3037 3654 1532 995 1460 3834 2235 8864 5067 6451 101 3325 4653 6896 1775 9610 6335 6717 9064 9829 3857 7534
27 2417 5492 1590 2506 7715 630 3745 6584 9634 2028 4443 527 6386 9455 7199 1606 2663 2045 9566 2002 2089 1017 9277 581 990 1473 9827
27 8709 1539 4170 6936 3150 1923 4221 9491 6630 7536 6310 3094 2967 7493 5646 7514 5773 3638 2650 2455 8014 1112 3588 7106 1385 3072 1268
28 5062 1387 5865 3932 6681 4567 8679 3770 1980 9087 310 6719 5972 7196 7236 7210 6417 3263 1296 8863 9879 8929 8174 8146 7900 3868 819 63
27 1641 612 1330 4926 5436 1004 2744 1485 7784 9976 3606 3174 2833 8915 4167 6530 1654 7563 4211 4013 6926 6289 7154 9710 5734 8402 5644
26 8551 626 6482 4966 2633 220 484 5301 5142 8652 2808 2355 8007 917 7836 8119 608 6468 7657 6489 8940 9713 2571 9452 3080 4644
31 4077 5383 5898 9804 2253 1855 1994 8897 3647 7038 9375 4564 2262 3543 406 8140 7184 2224 9596 2333 7433 8496 7786 9333 7019 2264 8987 3589 9349 6598 2504
30 7324 6683 6475 4560 2218 8320 8454 3465 3678 5413 8296 7989 1418 6873 5842 3641 8217 6946 7879 3372 5858 3223 8451 7799 4993 105 9208 5849 6830 2157
31 4398 3075 3361 3260 3099 6313 6966 4975 7915 5760 8641 7024 7816 7267 9769 1458 5652 3043 5672 9896 4786 4253 3032 3626 5589 6260 6745 480 8986 8268 4275
31 666 4501 1842 9933 3367 4175 970 9380 22 5700 6800 2178 3134 8015 2032 8031 3927 2945 2270 1252 3178 7274 8853 7306 4320 8695 427 2189 8298 9724 419
28 3511 1437 4088 9787 6102 7667 5052 2331 9289 7835 8214 8857 2465 1621 5426 5730 381 9162 179 1065 8923 4426 485 192 937 6371 1367 2451
29 3815 436 3302 1100 3811 873 2301 1340 5090 8944 8153 5124 9628 9365 2817 4280 8139 7181 3615 535 3969 8467 5316 6076 7705 6972 6074 9782 124
32 6603 5967 7458 1024 9590 2258 5218 6562 9451 8238 8988 1493 8989 8886 533 4477 9830 9776 8199 5288 6568 5743 4971 4210 6053 3450 2203 3601 8928 6217 8392 6422
28 2182 5771 4503 69 653 7158 1160 8506 6572 4241 2426 8938 6908 1308 66 5239 4738 4604 3965 4445 3133 6661 5337 4367 5937 1550 9403 5561
26 4760 9696 9440 2557 2396 6255 62 7347 7981 2788 1233 1723 5770 1280 5027 7558 64 1338 6589 1902 3699 5017 2844 5586 4791 6173
28 445 1143 665 2239 8884 1521 8488 3905 6472 391 4990 1172 1321 6060 5015 57 1391 3085 3007 3397 6592 7101 6688 4936 3057 3540 2582 5987
29 7828 1512 2785 3333 291 979 8958 9892 6236 7374 3277 2548 916 4045 559 9483 3895 1450 6381 4920 8079 7967 3510 251 9828 6881 4832 6142 7049
28 3236 5837 4797 8431 4957 9484 5224 6036 8251 4363 3925 7531 6993 6337 4448 5804 6594 8667 1910 3788 2880 6852 9101 4664 8979 9774 825 1637
26 9282 2803 2418 3259 8584 3949 1784 689 4489 9332 2539 1962 5093 9877 8843 6476 6839 1273 3564 2159 9468 6619 5536 3308 4526 5227
29 9925 3496 5941 2876 8282 1465 6794 964 4341 2055 7824 2389 9287 9185 3441 3344 5627 2070 2460 3077 8069 6290 5225 5402 7617 4735 1891 764 6301
27 4473 750 7015 6864 422 4227 8970 5850 2322 8316 7268 5584 2826 6367 9448 6220 6396 6249 847 6373 5141 3002 8084 8712 5276 8167 6479
29 5798 6257 1807 9224 2578 2024 6710 8564 1735 1549 1118 5603 8976 5281 3449 3609 3073 6204 5393 7632 1940 9357 6848 9905 4905 5711 8195 966 8805
28 9215 3171 3027 5310 6718 8462 5875 1525 8680 6567 7950 8659 9233 9411 1416 6726 2447 8563 3052 1432 7250 9198 4850 1518 8244 5609 8151 7899
30 6669 7494 9236 5461 5400 6242 6500 80 9044 472 2509 1163 2859 4603 4851 3463 5982 6768 2029 4016 4711 7391 6355 1546 3045 1119 5491 7839 5851 1177
29 2993 5097 5475 928 7575 4192 9831 3079 7356 6162 7671 5906 3146 4667 339 7344 4761 6134 2484 3880 7582 6458 622 4505 3938 3274 9748 6390 4915
28 7995 548 5387 6910 2036 6341 760 8812 5425 5429 452 4212 8775 5220 2237 1876 2568 1780 524 342 7497 6391 2443 5521 7604 6311 2670 2528
30 6845 625 839 8513 2472 9627 4495 3541 5376 200 1248 6225 933 4266 5438 6375 7385 5880 5003 9726 3414 2458 1438 7311 9167 8520 843 1607 1212 4087
30 1472 8246 3656 7724 8083 4834 5610 996 2207 1317 1423 9815 7645 2017 1467 6006 2300 4623 9709 7573 7504 1605 4729 9948 6022 2866 3311 4698 3381 3570
30 9155 7343 8592 3149 1560 8693 5912 1888 7202 1269 5597 8047 5913 986 539 3389 7758 6884 325 1684 992 4854 4041 3627 6751 1957 1981 3796 3758 2668
27 3256 5939 4238 6463 9702 2914 4628 4828 8256 4864 7761 8505 1319 5854 8338 274 9409 4094 6127 657 2621 9972 1633 6828 1967 5002 3952
27 3145 7794 8870 4870 3950 2747 8651 8968 6971 8493 594 8284 5417 4617 3211 388 4406 842 8056 347 2180 7562 9335 1958 8750 9444 1596
28 993 596 2554 5153 5612 7723 3033 9406 1064 8904 323 83 9072 7509 1504 5479 3594 2112 401 3861 4270 4459 9045 1079 6498 9404 4539 7326
29 9340 2830 5503 8017 4917 462 8421 2609 2950 6559 597 1688 3273 3147 2811 5075 9595 6376 756 1286 4429 6196 6801 3224 8522 4479 5621 9109 7364
27 558 2864 2512 1152 215 813 9356 4621 356 3743 6862 2408 4074 305 6539 9624 7133 2580 154 7193 1989 7220 7868 5275 3161 4339 1363
27 2452 3665 3681 487 2767 9096 7016 883 5053 2320 5096 5083 3635 2675 8601 4230 6653 1645 6120 7373 7420 423 1527 4927 2703 2143 2565
30 671 3832 7487 5938 5895 1575 1229 4566 8036 9660 9093 8224 3670 5442 3488 9845 8761 9122 5541 2173 4842 6685 7535 9331 312 2990 6867 8228 7537 8629
31 4661 1660 9417 61 8890 3764 5949 4252 8913 8577 8182 6824 7727 9809 4402 2534 9609 8982 297 762 8491 1970 4731 8785 6467 3542 2964 6490 8959 5897 4690
29 4616 8568 8969 8717 8053 4983 216 3513 8518 2989 7875 7000 2092 6406 8135 2111 1973 9706 2259 1379 8705 3736 9715 5190 8955 9476 7246 5877 4594
28 2636 2086 1805 3679 8540 3557 6580 679 888 5568 9500 5169 2685 3317 1452 9344 4146 9659 7064 1884 8361 6089 898 9572 9900 9358 4685 4659
27 7822 8590 1139 3417 791 3528 2021 5769 3320 4223 8824 7312 4368 6462 9297 6760 7283 3282 2733 7034 8065 4409 7523 1305 6305 8187 6133
29 395 3632 766 191 460 8204 1430 466 3830 2562 5045 3603 1524 5974 6129 568 6545 633 2181 3162 3142 6118 8428 6139 1580 5549 8070 4585 2497
27 8407 4246 6959 2205 1614 8910 393 7880 2233 871 9368 5000 3246 8796 3672 7676 8156 8767 7749 3538 351 2248 9517 205 4135 4419 2149
27 9872 3025 5195 1964 7773 7538 3520 1603 3683 1256 3035 2705 3010 2671 2757 3204 1623 3255 7971 8275 6239 4721 8567 9805 3207 9866 3555
29 6190 5388 9336 3383 170 7116 4286 3731 5228 6538 4562 4647 3507 9311 2500 8422 4815 6807 303 2420 6736 8735 5518 4790 1378 6169 4548 7654 411
30 2823 9054 2152 5675 3682 1059 5860 6622 4350 2794 5969 6277 6171 4136 1934 7740 231 1439 6518 9981 8984 8048 4173 2392 5996 1393 1615 6496 2386 7641
31 5552 6227 3693 6655 9806 8697 5990 91 9107 6793 4885 7664 8369 39 6510 6272 5767 9424 3961 3799 5628 3852 7098 151 11 6317 4020 7726 6442 7294 5690
30 1753 9117 1909 9956 9033 8966 2106 3182 7163 5802 7455 5064 6976 5259 7114 2060 7564 6079 8269 246 7170 7266 4810 8772 6339 1509 4590 4235 1990 3227
28 6638 8835 3471 2769 1178 919 2840 185 2027 5074 4958 3110 6674 4825 680 2540 8599 7231 8016 6314 827 9496 735 2491 4138 3457 696 8307
29 8595 2847 7183 2293 3380 1282 4487 8627 4272 1168 1988 4952 2852 6457 2151 9040 3419 8198 7160 4709 2240 296 3838 7551 4877 8880 3958 946 9982
32 2652 6557 7395 3324 8699 8471 1165 8569 8264 9220 734 8623 6648 3456 3807 2893 9453 9617 4843 507 7832 9237 122 1324 7140 1005 4631 2093 127 5543 1001 8694
31 3233 2996 8205 2890 5134 2570 2168 8575 4694 5596 2728 2179 6515 2651 2040 8665 9844 1719 96 3960 801 5139 3093 4563 9623 2294 856 3906 8585 7841 9510
27 3902 8453 6319 7695 2244 434 3332 9546 3420 2161 4158 7305 1395 5828 1029 9729 4656 7425 9269 5449 6911 2667 8846 9423 3468 7775 2107
28 601 2698 5889 8400 5333 6912 1750 4672 4325 1039 6138 9092 9250 9 9252 4838 1781 5150 8997 6132 4849 1506 7228 6325 6012 7772 655 1298
28 8315 7720 4660 4400 2775 8634 7110 9059 5235 7815 5106 3124 4713 7044 2466 5056 5422 8230 3792 8357 7933 2340 9686 455 3940 8060 4556 1099
29 9742 4949 3533 2524 9811 3036 6464 6167 7592 1132 4679 7122 8815 5411 2546 9292 8758 3473 370 6571 4007 6370 8104 8648 1951 2749 637 9015 7162
28 9284 7511 6595 6890 1520 9268 555 2687 7468 7942 1444 7404 3065 4277 6607 2047 9626 3466 6870 1513 2575 821 1716 1762 7817 3826 3808 9895
27 9211 1130 4807 5997 9428 1854 5163 9338 9126 1226 1709 567 832 2939 4148 2226 8707 4305 4359 1733 488 2421 6569 8749 2329 6271 977
28 8090 6982 5209 2263 3323 6125 2298 2232 219 8668 3055 9466 3974 5330 6156 4814 9998 9083 5283 8101 3309 5776 1337 7125 6358 9767 7593 7187
32 7609 4794 8851 7244 9621 1907 9540 7561 8274 1971 3362 4533 6206 3812 1771 6502 3978 3650 263 3253 1619 6529 136 9086 9691 1974 3219 4646 2094 4954 1739 6730
28 1466 8404 7448 7384 4607 9719 8834 435 437 6329 3850 9482 7247 4829 9355 8975 6326 4389 7634 5892 1646 8169 3352 7396 1115 624 341 2494
