11 0 2787 3237 5003 6483 8147 9624 2167 7155 983 5005
10 6 2225 3492 5757 6946 8332 776 7292 1707 6091
9 7 2077 3536 6010 7483 9885 4261 9609 6762
9 10 2448 5796 7311 8736 9739 4358 386 4450
11 12 2499 3612 5443 6852 8107 9600 3834 7448 1334 5105
10 13 2457 3427 4987 6063 7784 9776 2859 8250 2308
12 16 2224 3451 4951 6347 7649 8849 1224 4674 9007 3213 7034
11 20 1691 3071 4683 6109 8057 9334 1863 7074 342 4643
11 27 2610 3643 5423 6623 7958 9382 1675 5774 9892 4299
10 32 2606 3617 4835 6554 8267 9387 2981 477 6245
9 33 3043 4531 5726 6995 8994 7420 2753 7101
9 44 1704 3491 7390 8898 1504 6574 64 4043
10 49 1898 3362 6770 8198 9545 2404 7646 1779 8170
8 51 2544 3367 6960 935 5906 303 5556
11 52 1808 3856 5224 6650 8008 9329 2640 7051 1647 4761
9 54 1880 7721 8955 891 4213 8941 3152 6680
9 58 2530 3848 6093 7537 8722 3790 9619 4461
10 60 2223 3814 5020 6808 7951 9601 5839 1608 6076
11 70 2594 3386 4812 6832 8503 9953 2602 7240 1320 8045
9 73 2491 3430 5371 8786 9943 6270 47 5780
10 79 2312 3857 5111 6690 8229 9849 4082 8777 2660
11 86 2343 3679 5376 7185 8337 9811 3710 8328 2320 6320
7 89 4027 9476 2417 6883 782 4921
11 93 2874 3630 4779 6505 8091 9243 2052 6826 317 5706
10 105 2618 3954 5426 6768 8281 9831 5282 261 5342
10 107 1643 3162 4771 6011 7255 8499 9530 8963 3230
8 124 2617 4154 6018 9637 2331 7838 2581
11 128 1836 3545 4900 6632 7993 9353 2477 6903 1560 6829
8 129 2176 7898 9532 2286 5835 9839 5193
12 131 2185 3528 5205 6279 7611 8924 434 4532 8055 2150 6077
10 134 1699 3324 5635 7212 8806 884 7037 3521 6898
10 135 2463 4526 5828 7906 9314 2304 5117 200 4136
10 143 2284 3928 5616 7239 9472 2085 6012 9478 5162
9 144 2420 3917 5857 7244 8625 9639 4226 9044
10 148 2773 4445 5614 7014 8454 9635 2474 7651 3540
11 150 2016 3927 5285 6758 8036 9262 2009 8072 1897 7253
9 160 2709 5749 7472 9102 2686 7956 3872 7541
10 165 3076 4538 6060 7682 9562 3171 7934 2754 7689
11 170 1728 3158 5119 6187 7374 8443 9938 3704 7720 2430
10 172 1878 3440 4778 6153 7681 8869 417 4138 5711
12 173 2824 3786 5068 6242 7570 8884 793 3606 7197 741 4381
11 175 2221 3680 5318 6853 8349 9751 2520 6016 1814 6223
10 176 2755 4241 5868 7896 9068 1232 4950 1462 7596
10 181 1639 3172 4650 6099 8180 9390 2087 6736 2630
11 182 2068 3219 4883 6170 7957 9432 2254 7282 2388 6911
11 195 2521 3664 4789 5799 7219 8589 9883 4693 9801 4981
11 201 1891 3858 5110 6288 7421 8601 1333 7315 1791 6128
12 204 1637 3180 4618 5723 7131 8359 219 4653 9210 3878 6942
7 207 2926 4622 6022 7632 9042 4329
9 218 4540 6051 7789 9599 3798 8339 2967 6914
12 220 2628 3945 5269 6439 7509 8558 9906 4267 9264 3366 7735
9 224 2764 4018 5293 7042 8710 9921 7635 4002
11 226 2586 3576 4918 6246 7881 9157 2168 6710 1032 4672
10 229 3065 4577 6113 7904 8861 999 5391 1536 6847
10 231 2508 3365 5134 7456 9136 1520 5094 1445 5526
11 234 2444 4286 6084 7335 8666 1043 4489 9661 3332 7381
9 240 4265 5370 7307 8797 905 5323 9159 4699
11 242 2252 3349 4826 6580 8301 9336 2079 6595 367 6948
11 247 2806 3886 5055 6392 7939 8972 1776 7423 1519 7064
11 249 2914 4127 5549 7303 8744 112 4395 9267 3910 8369
10 251 2650 4153 5758 7049 8401 9829 4309 8822 3552
11 256 2269 3791 5665 7370 8488 9857 3467 7364 1596 5557
12 257 1965 3403 5089 6376 7766 9059 1250 4893 9282 3716 7887
11 262 1976 3880 5308 6603 8211 9542 2811 8556 2351 6228
11 263 1959 4277 5159 6371 7817 8723 1081 5843 9984 4928
12 270 2273 3378 4732 6199 7484 9079 1505 5570 552 4170 8224
11 295 1935 3500 4901 6588 7855 8893 430 5145 9160 4089
9 302 2334 3619 5043 6644 8894 872 2604 6542
10 307 2487 3995 5386 7053 8775 651 5554 41 4516
9 316 1756 3560 8943 1834 4998 8522 3101 7068
10 318 2998 4651 6191 7625 8879 1665 6043 589 6478
11 319 2609 3723 4955 6285 8220 9915 5054 9513 3938 7962
8 321 2138 3207 7655 2409 7471 2244 7350
9 322 2747 4302 5855 7184 8549 1119 4763 943
10 323 3042 4383 5793 7330 9358 1716 7188 1165 5623
10 325 1939 3633 5882 7411 8762 879 6046 1305 5564
10 330 2548 4564 5871 7397 8753 2023 5166 507 5598
11 336 2818 3745 5035 6566 8174 9568 2022 5247 297 5967
11 338 2492 4211 5613 7123 8280 9648 2849 8140 1789 7331
9 361 2838 3950 5067 9176 1746 6842 1151 4613
9 380 1694 3350 4760 6405 8249 774 6150 2212
9 383 1881 3348 4647 5791 7038 8596 9895 5603
9 390 1823 3120 4315 5753 7338 8793 1803 2875
11 391 2148 3611 5771 7128 8168 9250 2711 7225 1908 5520
11 392 2473 3875 5174 7317 9005 614 4947 103 2784 7416
11 393 2513 3749 4841 6139 7826 9091 1444 7392 1979 7080
9 398 2096 3712 4793 9301 2582 8101 2588 5823
10 406 2038 3571 4972 6919 8251 9668 4122 9981 4991
12 410 1708 3212 4592 6136 7565 8674 9826 3744 7780 2992 6878
9 418 2878 3836 5493 7057 8677 1143 731 5097
11 420 2108 3437 4776 5856 7204 8636 353 4898 8995 3322
8 431 1758 3569 4962 6601 7722 9214 3202
9 432 3033 4393 5636 6964 8417 9569 7088 2133
11 436 1948 3376 4931 7002 8275 9533 4112 7888 1754 5734
9 437 3121 4457 5669 7903 9461 4062 8179 4056
9 438 3084 4501 5928 7522 2406 6971 1638 5553
11 443 1743 3204 4996 6074 7708 9025 1544 5374 354 6125
11 446 2241 3317 5044 6180 7749 8948 3258 7664 1313 6027
9 447 1682 4042 5646 7531 8707 9771 3542 8402
11 450 2880 4129 5244 6721 8308 9281 1455 5761 1345 4257
10 451 2970 4598 5977 7713 9417 1747 6684 2484 6498
10 452 2337 4292 5563 7182 8235 505 4873 156 4753
10 455 2114 3517 4700 6311 8153 9860 3840 8400 2654
11 464 2257 3930 5405 6907 8217 9507 2634 7297 2021 6369
10 465 2651 4054 5362 6687 8528 522 4370 9490 3315
10 473 1730 3288 6513 8054 9161 1721 5523 153 5717
11 479 1930 3867 5377 6870 8428 9567 4115 7999 2879 6747
10 480 1731 3246 5988 7820 9144 42 4989 378 4681
10 483 2627 3887 5312 7039 8304 652 6499 2592 8367
11 489 1715 3340 4891 6250 7579 9165 1879 8881 3330 7998
7 490 2591 8138 9215 1319 2195 6800
9 492 5849 7069 8523 9931 3582 7942 2861 6748
8 493 2684 4483 8215 874 4840 528 6268
11 494 3032 4189 5230 7183 8543 9590 2345 6510 1434 5654
9 495 2450 3897 4831 6258 7909 6657 997 4657
7 515 2384 8012 9024 2136 7534 4452
11 516 2868 4243 5460 6613 7870 9294 2631 7434 2972 8104
9 526 2437 3503 5825 7505 8838 1710 6591 8004
9 532 2940 4545 5821 8199 9714 5021 1681 5885
8 535 2700 3861 7256 8684 9999 7347 7027
9 548 3046 4729 5921 7288 8501 563 3316 7342
11 557 2300 4274 5697 6901 8532 487 5262 9844 2791 6859
10 562 2239 3626 5048 6322 7878 9495 4463 8646 2619
10 567 2376 4436 6183 7986 9312 2782 8064 3493 7285
12 569 2154 3658 4800 6145 7365 8565 9869 3763 7585 2131 7299
8 573 2620 5926 7383 59 4361 985 6290
10 587 2529 4357 5859 7523 8749 9865 4714 9411 3445
11 590 2848 3971 5217 6467 7571 8959 3208 7172 1842 7915
10 593 2172 4268 5798 7001 8201 693 8125 1632 5860
10 595 2579 3559 5775 7036 8618 1160 5169 359 3549
11 603 2336 3733 5225 6429 7590 8832 711 4110 9141 3681
11 611 2671 3458 4820 6330 7969 8942 1281 5157 1310 6216
9 616 1825 3275 4557 9184 2064 5889 2435 7551
11 618 2441 3793 5275 6514 8019 9278 2349 6634 1073 5245
11 623 1662 3218 4691 6811 7742 9716 3689 8459 3170 7341
9 624 2625 4177 6161 8171 9339 2423 6664 9925
10 626 1809 3525 4910 6494 7989 9712 4404 9108 3805
12 628 2840 3934 5214 6445 7832 9196 1116 5122 9793 3666 7767
9 630 2564 3730 5207 6840 8364 9588 2726 7684
5 632 2053 7678 8557 4152
11 635 2358 3580 5575 7238 8333 9922 4938 9800 3359 7236
9 638 2134 3242 5010 6872 8048 9354 2679 7270
8 641 4005 5877 7375 8847 1061 1297 6777
11 644 2817 3797 5127 6667 8106 8979 1096 5161 1077 6614
10 654 1744 4365 6004 7460 8582 18 5535 9884 3714
10 659 2198 3326 4757 6017 7458 2943 7246 1597 5183
8 664 2528 7623 8964 1798 5229 940 6218
10 667 2098 3883 5748 7146 8433 1955 5436 1069 5330
9 669 2936 4385 5788 7362 3385 7658 3029 7418
11 675 2238 3737 5065 6295 7739 9172 1606 6639 9907 5140
11 683 1680 3035 4474 5688 7391 9148 2140 5132 508 5681
11 685 2575 4098 5439 7011 8350 9690 2974 7234 2310 6733
8 688 3125 4785 6477 8253 6146 1418 5270
11 690 2322 3361 4762 6741 8116 9525 3228 8254 4206 8182
10 694 1801 3546 4885 6393 7734 9110 1772 6515 8361
9 699 1951 3628 4838 8540 9875 3300 9622 4150
9 702 3012 4391 5599 7117 8423 9803 2121 7276
11 706 2363 3554 5078 6314 8195 9834 3301 7758 3004 7563
12 707 2664 4348 5438 6934 7871 9371 1912 5195 9657 3006 7575
9 717 2439 3530 5700 7277 8730 99 3707 7944
11 729 2113 3693 5842 7459 8897 960 3974 8624 2456 6909
10 732 2809 4451 5931 7600 9918 3843 7595 1398 5052
10 737 2867 4191 6291 8414 9726 3501 9351 3724 7514
11 746 2479 3792 5053 6884 8392 9439 2311 6427 743 4128
8 747 2083 3618 5047 6321 5192 312 5417
9 748 2822 4022 6185 7527 8700 1431 8245 4423
11 749 1740 3331 4719 6029 7566 8716 1833 7633 1943 6007
9 750 2723 4133 5573 8825 1272 5468 9429 4100
10 757 1796 3238 4811 7354 8726 1459 6643 456 6530
11 758 1735 3637 5586 6925 8222 9396 2109 7263 2413 7979
8 762 2909 3885 5407 6527 6003 470 4710
10 763 2794 3963 5331 6992 8123 9650 3551 8877 3292
10 766 4542 6310 7783 8957 1046 5482 9717 2713 7198
8 770 2951 6665 8905 554 4159 9514 3649
10 771 1931 3750 5084 6455 7751 9398 2589 8772 2759
11 775 1738 3337 4823 6444 7842 9522 2661 7171 1641 5778
10 784 3083 4192 5629 6944 8205 9449 7916 2380 6886
11 790 1950 3192 4599 6092 7589 8850 352 5278 484 5462
12 792 1989 3130 4397 5836 7406 8606 19 2490 6932 1401 4819
10 794 1760 3284 4803 6152 8226 39 4751 9481 4487
8 795 1866 4266 5536 7173 8430 457 6610
8 797 2163 3533 5071 2116 7628 2386 6075
9 799 3185 5030 6766 8426 555 5181 909 5489
7 800 2921 3984 5441 1795 7954 3844
10 805 2091 3687 5398 6793 8954 3109 7975 1278 5092
9 807 3069 4338 5682 7058 8490 964 4520 4639
10 810 2379 3412 4846 6600 9127 2217 7054 1991 7597
7 811 2758 7521 9199 3765 8807 2751
10 812 2307 3665 5272 7241 8690 9766 3496 1 6760
10 818 1956 5661 7008 8178 9465 2910 6512 1872 6325
8 820 5854 7168 8265 9796 2997 8397 6697
8 823 2326 4041 5198 7154 8727 1110 5118
10 828 2948 4494 6693 8154 9614 3877 7177 963 5325
9 829 2655 3965 5149 6380 8080 9515 472 5168
10 833 2885 4175 6104 8095 9462 3747 8079 990 5754
11 834 2253 3613 5545 6947 8802 119 4322 8444 3247 7323
10 835 4186 5232 7059 8544 9667 2344 5898 189 5725
8 836 2669 5390 7017 8330 5155 598 6105
10 840 2287 3931 5456 6545 8446 9679 2481 8341 4017
11 845 2757 4156 5765 7281 8331 197 4864 8455 1648 5880
10 858 1768 3741 5248 7201 8562 77 4442 208 5522
10 859 2546 4509 5790 7192 8828 1441 4970 9117 4248
12 861 2152 3462 4750 6086 7401 8648 9967 2979 7717 1888 6790
11 863 2509 3889 5389 6533 7688 9380 3830 8621 2567 8191
10 868 1652 4091 5173 7093 8429 9854 4561 9485 3210
8 869 2408 3899 5512 6753 6114 2350 7659
11 871 2750 3838 5017 6490 7996 9640 3287 7449 1205 5201
10 873 4332 5694 6814 8074 9404 3415 7032 1307 7028
11 877 1924 3550 4804 6240 7980 9420 2317 6581 656 6480
8 882 2107 3713 4799 6278 8088 9861 5295
11 897 1853 3249 4775 6400 7603 8874 363 4909 9436 6006
10 899 2583 4354 5850 7771 9277 1413 6126 9926 4317
10 900 1628 3771 5478 9120 1739 6370 91 4032 7895
11 901 2002 3690 5265 6567 8216 9710 2522 5487 9976 4333
10 906 2202 4049 5446 7024 8285 9914 9904 4596 8041
10 908 3526 5108 6524 7588 9454 3548 7475 1248 5716
9 910 2554 3588 5296 7559 8956 1786 7550 1874
11 913 1633 3394 4880 6019 7918 9759 2719 6706 2019 7274
10 914 2000 3456 4817 6364 7714 9049 5088 804 5457
9 923 4104 5404 7302 8425 9642 5026 9672 5400
10 925 1722 4272 5933 7606 9232 3949 9087 2725 7203
9 926 2659 3341 7705 9467 2220 6053 615 5905
10 939 1713 4424 5714 7215 8633 1461 7023 2903 7560
11 941 2276 3631 4908 6520 7601 9296 2062 6225 1033 6316
11 948 2983 4341 5784 6918 8321 9770 4742 8529 3639 7884
11 954 2721 3413 5063 6828 8210 9374 2366 5875 1152 5250
10 955 1947 4421 6073 7568 9311 1512 7176 1827 5234
10 962 2051 3955 5631 7223 8464 9711 3138 9572 3809
11 966 2203 4095 5242 6823 8232 9304 2027 5571 1321 6496
11 971 1913 4016 5415 6775 8207 9989 4034 8706 2985 7583
11 973 2815 4013 5102 6227 7343 8910 728 5107 9958 3800
11 975 2277 3871 5037 6032 8098 9536 1914 7378 2467 6357
10 976 2658 3819 5412 7163 8278 633 5081 331 4337
8 978 6148 7586 9004 1676 7963 2623 6609
9 980 1962 3870 7252 8865 610 4290 9132 2805
10 986 1763 4530 6302 8046 8685 188 4205 1209 5475
11 988 2165 3922 5125 6342 8078 9211 3311 7737 2335 6263
11 989 2169 3313 4725 6212 7733 9818 4036 8763 2232 6754
10 992 2742 4120 5672 6943 7813 9980 4573 9680 4057
9 994 3014 4726 6087 8100 9347 2557 7849 1817
10 995 2845 4236 5848 7371 8900 1890 5872 642 5011
11 998 1887 3223 4716 6750 7833 8854 1366 6098 1673 5000
11 1001 1813 3884 5416 6890 8119 993 4703 9235 3281 8410
12 1003 1692 3144 4673 5840 7403 8804 478 3784 8634 2035 5442
11 1004 1848 3514 4856 6365 7992 9428 1902 6450 946 5185
8 1006 2410 4116 5550 7433 8436 2550 6519
10 1009 2523 4431 5896 7228 8360 9721 4219 8983 3529
7 1014 2971 4271 5531 7581 8830 4648
11 1015 3134 4399 5311 6507 7825 8887 1340 5687 258 5492
10 1020 2208 3388 5414 6950 8252 9608 4620 9337 3804
10 1022 4185 5301 6969 8156 9437 1629 6764 358 4986
10 1035 3110 4308 5987 7540 8759 1895 6575 1806 7973
9 1038 2516 4490 5973 7809 4250 8145 924 4569
10 1040 2961 4488 5858 8391 9891 4233 9399 3265 7667
10 1047 2748 3688 5547 6869 8375 9395 3380 8189 3253
11 1052 2003 4203 5286 6700 8081 9443 2670 7254 852 8422
10 1055 2070 4242 5841 7157 8485 1125 5421 9738 4195
10 1060 2041 3523 5136 6460 8365 9665 3465 7778 4848
12 1064 2814 4298 5434 6350 8163 9099 9956 2989 8892 3419 8419
11 1076 2100 4102 5555 6891 8569 166 3863 8289 3195 7306
10 1078 2836 4641 6127 7927 9442 2931 7137 1252 5560
10 1080 1958 3310 4614 5884 7617 8870 2084 7108 7847
11 1082 2488 3832 5592 6627 7943 8980 1199 7125 1451 6176
11 1083 2665 3896 5144 6606 8142 9850 3629 8652 2860 6718
8 1084 1855 7868 8734 35 6280 813 6230
9 1086 2746 3696 7937 8836 855 4798 9769 3285
11 1087 3041 4158 5431 7035 8196 9350 1883 5387 102 4349
10 1088 3087 4319 5538 7160 8276 9960 4858 266 4117
11 1089 2816 3788 5481 6702 8053 9620 3122 8482 3194 8047
9 1100 2873 4301 7399 9433 1818 7022 544 4582
10 1107 1622 3111 5430 6976 8424 9719 2360 6143 6309
9 1114 4510 5953 8001 9097 972 5420 1427 8299
10 1115 2853 3527 5352 6980 8345 1331 6868 2180 5966
11 1118 3063 4392 5944 7290 8453 543 5027 8421 3336 6617
12 1120 1636 3164 4662 5766 6993 8384 429 4141 9631 3940 8399
11 1128 2739 4220 5399 6559 7851 8932 529 4237 9512 4210
10 1131 3020 4547 6124 7676 9206 1531 5847 401 5451
10 1134 1972 3217 4640 6441 8913 3721 7318 581 7663
11 1136 2234 3620 5452 6300 8070 9355 1287 5085 9881 3405
11 1137 2862 4178 5587 6817 8374 481 5156 9126 2852 7593
11 1138 2820 3812 5408 6822 8238 9604 2994 7768 2834 7624
10 1140 4108 5745 7402 8737 245 2841 6489 115 5730
10 1141 1892 3727 5153 6419 8131 9448 3136 7605 2412
11 1150 2691 3762 5652 7320 8535 9889 2504 8151 2949 8037
10 1153 2813 3860 5130 6518 8441 1430 6332 288 4146
9 1157 2697 4180 5348 6931 8233 9827 4420 6171
12 1164 2540 3543 4922 6182 7489 8740 917 3904 9552 3573 7622
10 1173 1865 3466 5150 6626 8139 1466 6882 826 5728
10 1182 2325 3888 5542 6892 8124 9013 1467 5985 6292
10 1185 1711 3199 5151 6355 7834 9326 2371 7200 3154
10 1189 2865 4197 5501 6834 9753 2846 6327 2462 6698
8 1190 4759 6502 7869 9123 1927 6238 6705
11 1191 1805 3547 5504 6956 8113 9991 5057 9762 3851 7325
10 1194 3184 4878 6040 7393 9146 1985 6305 1497 5488
11 1198 2897 3941 5865 7349 8594 485 3982 7216 1409 6738
9 1201 2502 4755 6205 7696 8907 1352 5703 311
12 1202 2130 3541 4872 6111 7496 8672 4 3719 9415 3706 7599
10 1204 2953 3969 5294 7465 8796 435 5191 187 4279
10 1207 1645 3390 5046 6683 8038 9249 7645 1980 6103
9 1208 4741 6260 7910 9524 2422 7799 2828 7912
10 1212 2357 3755 5812 7304 8534 1149 5472 123 3947
12 1213 1961 3589 4906 6586 7983 9069 597 3923 7929 3243 8313
12 1220 1929 3402 4695 5895 7257 8408 9792 3057 7078 1522 5418
10 1222 2090 3325 5459 6997 8121 379 6598 843 4585
8 1225 2830 4140 5807 7206 9460 3862 7791
10 1226 2411 4077 5413 6850 8895 4255 9900 3817 7432
11 1230 2117 3478 4795 5939 7268 8953 2685 7195 1850 4676
9 1234 1626 6123 7395 8668 1025 5516 444 5751
7 1236 2373 4239 5982 5008 745 4254
11 1242 1705 3264 4983 6382 7964 8971 1338 4967 586 5303
11 1243 2377 3595 5449 6492 8063 9662 3865 9540 3482 8388
9 1244 1999 3987 5266 6761 8230 9874 4342 8824
11 1247 1984 3270 4747 6578 7938 9118 1068 5031 9345 4079
10 1249 1922 5659 7133 8022 9408 1384 5302 530 4270
10 1254 1975 3215 4476 7066 8669 9876 3603 9299 4067
11 1258 2993 4193 5467 6994 8377 9407 1592 6402 1846 6097
10 1261 2043 3251 4678 6324 8319 1790 6846 1949 7908
7 1269 3259 5432 7264 8640 1210 4887
11 1277 2839 3698 4790 6210 7369 8789 26 4888 9335 4230
9 1285 3067 4432 5937 7441 8712 23 1379 5565
10 1288 1718 3480 4842 6433 8002 9317 2752 8469 4228
12 1293 1623 3401 4680 6175 7873 9207 1158 4780 9041 3913 8241
11 1298 2102 3644 4929 6849 8497 9916 3483 7518 3518 7779
9 1300 2786 4124 5254 8411 9673 3873 7800 3557
11 1301 2329 4090 5888 7111 8279 9501 4611 8689 2498 8075
11 1304 2403 3274 4731 5950 7524 9261 1706 9220 2638 7109
9 1306 2672 4347 5760 7115 8717 9910 760 6416
10 1311 1829 3638 7348 8765 778 4244 8353 2110 7905
9 1317 2678 4353 5873 7482 2789 6476 97 5802
11 1322 2248 3985 5618 7175 8622 96 4533 9113 3050 7994
11 1326 3037 4305 5596 7166 8371 9488 2328 6673 1358 6809
8 1327 2563 3516 5971 7355 3852 72 4201
9 1336 1785 5264 7095 8363 9618 3439 8580 3433
11 1337 1932 3150 4312 5874 7019 8661 1132 6297 1946 5980
10 1343 2851 4416 5961 7450 8934 1382 5942 9848 7043
9 1344 5597 7476 8612 1039 4103 8591 2451 8456
9 1349 2766 3484 4818 9342 2162 7652 2525 7016
10 1350 2876 4363 5588 6935 8122 9749 4094 7816 4199
10 1356 3182 4556 6080 7519 9430 2506 6271 9708 5034
8 1359 3028 5176 6686 5209 9027 2682 6624
11 1367 2122 3422 5061 6323 7673 9203 1841 5963 553 5049
9 1374 1624 3064 4600 5991 3273 8406 3068 7801
11 1375 1726 3829 5180 6641 7985 9259 2236 7153 3474 7227
11 1377 2968 4374 5544 6917 8638 255 4792 8478 2436 7477
10 1378 2925 3962 4809 6193 7650 9520 9795 3461 7136
11 1385 2946 3893 5276 6555 7814 8923 1757 6629 9996 5187
11 1394 2890 4181 5907 7214 8524 9808 3377 9195 2647 7013
10 1403 2029 3289 4766 6096 7562 8647 9794 4343 9349
10 1408 2976 4473 5731 7289 8463 542 5887 1630 5188
9 1410 2170 3248 4886 6521 8886 2288 3096 6482
9 1415 1868 3729 7641 9067 2060 7100 547 4555
11 1419 1646 3277 5361 7283 8698 9932 3822 8859 2901 8237
9 1424 1907 3211 5175 6348 8654 9693 9917 4107
11 1425 1954 3777 5029 6534 7953 9484 2675 7668 2895 7754
10 1426 2954 4927 6329 7700 9178 1759 6363 9897 4000
9 1435 3021 4296 5471 7539 8885 768 9582 4926
11 1437 1905 3263 4745 6434 8005 8921 1315 6056 1859 6651
10 1439 3055 4649 6368 8013 9138 2898 7614 3133 6745
11 1446 2200 3368 4915 6671 7756 9309 1766 6174 991 6548
6 1452 2939 7363 9061 2297 4235
11 1472 2770 3586 5077 6273 7731 9290 2468 5705 1341 5634
9 1473 3048 4307 5533 7235 9088 1267 6636 1555
8 1478 2964 4588 8260 9909 4147 448 4165
10 1479 2902 4321 7487 8480 9765 4960 9361 4222 8197
10 1485 2055 3711 5334 7578 8579 320 4953 1690 7237
11 1488 1926 3634 5143 6539 8277 9736 4694 9332 2900 6529
11 1495 2772 4378 5454 6889 8607 9887 3201 6557 2149 6206
10 1501 1677 3224 5109 6349 8611 212 6619 700 5976
9 1506 1923 3504 5817 7376 3216 7864 1917 5326
10 1507 1858 3825 5273 6783 8169 9308 1146 970 5355
10 1510 2572 4240 5561 7368 9034 2247 7792 1590 7675
10 1534 2908 4568 6130 7569 8738 9993 4881 199 5683
11 1540 2415 3599 4923 6390 7577 8949 2821 6589 733 5609
11 1541 2888 4303 4968 6470 7860 9471 5039 9151 3908 7082
11 1542 2353 4047 5179 6633 8148 9606 2722 6894 2429 5920
9 1545 4310 5960 7752 8818 545 4405 1745 6138
10 1547 2007 3781 4977 6461 7950 8866 1113 7924 3214
10 1549 2145 4023 5653 7917 9557 2603 6540 2428 7150
7 1551 3097 4325 8000 4373 369 5252
11 1552 2243 3780 5271 6339 7807 9227 2449 7170 2126 6604
9 1557 1658 3347 5059 8925 1070 5340 1750 6466
11 1558 2210 3286 4865 6631 8519 9802 3831 9153 3261 8160
10 1559 2858 4438 6569 8120 9573 2240 7687 2690 7260
8 1562 3018 4384 5891 8572 310 449 4849
10 1569 2797 4040 5707 7181 8187 9879 4619 8875 4105
11 1573 2271 3562 4961 6241 7615 9029 2124 7662 3443 8323
9 1574 2348 3914 5578 8947 2274 6967 1609 5832
9 1575 1712 3279 4708 5958 7356 8908 636 7948
10 1577 2211 3752 5916 7467 8939 1176 6333 3034 7760
10 1579 2427 3820 5524 7149 8434 9990 3952 9558 4554
9 1591 2067 3197 4580 6940 8311 9878 5002 9550
11 1594 1653 3153 4563 6221 7812 9198 2048 6411 591 4238
11 1599 2597 3502 5647 6717 8152 9499 3357 7344 2394 6821
6 1600 2445 6517 6815 1156 6508
10 1602 2843 3975 5255 7480 8770 1024 6887 2571 6735
12 1604 2704 3978 5190 7105 7968 9156 2012 5900 139 3779 8390
10 1607 1788 3656 4861 6298 8269 9677 3468 95 4524
10 1610 3148 4671 6226 7997 9455 1654 6973 1170 5237
8 1615 3107 4446 5883 7899 9703 2973 7972
11 1619 2724 4167 5476 6675 7795 9058 2761 7620 360 5165
