29 0 5123 7641 1974 4619 6427 9717 3311 5354 226 4478 7248 337 4110 9131 4015 6289 401 4849 7833 1806 5130 734 5028 6994 1008 2024 4301 7860
29 13 4372 7747 9187 3984 5457 8784 4399 6232 548 5820 197 1797 8196 3938 6896 9153 1655 4610 8272 1056 4709 6009 8720 3764 6214 9736 4283 8657
28 28 5270 8470 2168 4333 8636 3616 6176 8245 2785 5812 975 4971 6996 80 3271 6510 1176 3285 6286 9834 3758 7511 1356 6421 1462 4371 8431
26 32 5607 9081 4355 9718 3351 8481 2703 6905 2061 4978 9294 3248 5621 8836 2835 5777 566 5231 126 3298 6828 931 3841 6100 8904
30 41 6400 853 2837 5093 9253 2181 5795 245 6105 7614 9720 3177 6257 705 4088 5300 8279 3036 5341 8448 2081 5693 7566 1938 6615 9477 1452 4239 7834
29 73 3944 6965 752 4343 7650 2321 6504 9850 3975 5829 8271 2059 7110 1265 3684 6760 1282 5641 373 2676 6253 9571 4000 7114 1122 3416 7955 9906
29 76 4880 7778 1904 4775 282 6130 9870 1354 5488 9682 5007 6585 9649 3342 5118 6626 9607 1482 5546 8436 2217 6247 694 3244 6681 36 4345 8373
32 79 5910 7590 495 4430 8704 1567 5046 8766 2487 6509 9113 10 3187 6971 2255 5921 279 4050 7214 540 3141 4221 291 3434 5756 7786 9964 1990 4288 7254 8983
31 99 4045 6997 8572 1541 3629 6692 9115 2486 6213 1309 5627 50 2206 4285 9306 2223 5228 8926 1352 7848 9902 3637 6834 8270 2359 4756 8838 1941 4815 8073
26 101 5424 8187 1736 7345 1436 4415 6650 2752 6332 9667 2500 7090 9482 5764 895 5281 8610 1216 6613 1190 5440 6966 1182 3734 6505
26 102 6311 9630 3326 7814 995 4494 7959 802 4643 9721 4154 8486 893 5282 1689 5796 9588 4516 964 5633 9010 527 2826 5243 8465
31 109 4759 8082 1386 5323 8169 320 2710 5622 9098 2755 6916 98 2672 5464 8579 2623 6800 1440 4393 7830 3534 6083 9706 1934 4808 6754 697 4131 7735 9878
27 129 6111 8189 4200 9053 2423 6422 9190 5159 8779 1434 4129 7837 1199 4277 7997 1616 5736 8952 3945 7127 9795 3566 6616 855 3852 8085
31 136 3829 6788 143 4163 7282 732 5858 8831 1503 4276 6537 67 4439 9668 1691 4984 8818 1077 4968 9628 1918 5235 8712 1060 4217 7881 2471 5223 7577 9846
27 148 6735 841 4492 8461 777 4668 9525 6701 1224 4160 7741 1638 5892 9202 4506 7518 879 3805 7457 525 2191 6265 9511 2245 4889 9664
30 149 5450 8868 4691 6566 515 4683 8316 1787 3788 7575 678 4825 8655 375 3135 6951 7911 114 4461 7772 404 2612 5088 9891 3229 7439 3032 5200 8758
28 166 4120 7245 2776 7718 1733 4594 2035 3398 7873 1054 3968 8835 2069 4449 7476 2662 6859 9645 4360 7760 533 3050 5767 9117 2203 5150 8488
29 178 5147 9232 2948 5001 7080 1572 5274 8925 1717 5146 8492 1786 6184 1243 5830 7505 2482 6035 9596 2240 5572 9983 4032 7622 9426 1944 5537 8886
27 185 4702 7972 1358 3815 7529 616 5914 518 4431 9112 2593 8240 593 3988 9903 4762 8726 3795 7983 921 3107 6059 9896 1270 2925 8321
29 206 5009 9451 2382 7341 785 3909 8713 2713 4694 8765 2581 5023 7702 1363 4684 9116 3540 6003 8625 9829 2446 4654 7654 1508 5686 9411 4164 8647
28 224 4544 8880 1700 6097 75 4125 9586 3219 5010 104 3910 7891 2780 7093 9657 1431 5461 8146 3041 6138 869 4017 7280 778 3077 6883 9805
25 236 4103 8359 2256 5831 9366 2183 5342 9091 2671 7225 2265 8498 605 4693 8046 406 3160 8218 2513 5359 1117 4886 636 7438
29 271 4342 8222 3724 7477 1587 4334 210 2531 4636 7801 1916 2911 6856 8380 2777 6819 1273 4260 5844 9715 3161 6041 9989 4274 8024 1571 5669 8616
32 273 4566 7949 2572 4774 6974 2435 6263 6903 131 3610 8698 1603 3778 7665 484 3406 6085 85 5048 8031 581 3392 5268 9346 2375 6244 130 2051 4394 7186 9841
30 286 4906 8060 1706 4469 7849 781 3969 6812 2154 6588 9609 3057 9203 2163 4838 8554 623 3027 6981 8939 4232 7488 1443 4012 8955 3218 4462 6398 9453
30 289 3941 7627 1681 3306 6604 9559 5566 9316 1232 4809 8531 9553 2956 6546 9446 1911 5414 8302 3331 7262 700 5720 1409 5612 9424 927 3833 7515 9895
29 298 6642 9467 3439 5704 11 3270 6145 176 3711 7509 1211 5886 8864 1405 4627 8224 783 3372 7372 1544 4700 7667 940 4028 6744 656 5144 6791
27 301 3878 6851 9998 4540 7854 1827 5116 1235 3037 4234 7078 1051 5783 1233 4563 8206 4307 8963 3029 7670 1539 4188 7289 1308 4757 9926
27 303 5438 801 3919 7800 1412 4242 9374 4210 8268 1749 4699 9861 5435 8166 2395 6958 297 2613 6843 144 2955 5759 8709 2011 5708 9942
28 307 7242 9910 2936 5936 1863 5909 218 3499 6387 8860 2377 6449 9413 3264 6300 9711 4556 7961 1203 5025 6065 9937 3345 7010 2338 5432 9748
26 308 5941 9695 2368 5267 8309 1380 7526 2470 7117 987 2959 7055 2970 6436 9944 3387 7139 1581 4317 7642 132 3200 8662 2476 6000
29 310 5240 1231 5011 8050 1569 3685 6871 1860 4078 7425 4010 9697 3217 6924 2122 4092 5492 9107 1499 4766 6452 8417 2561 6139 9696 195 4726 6516
28 315 7517 2157 5937 9138 2460 5468 8207 2569 6445 580 6523 106 4452 8958 1426 3682 5855 9002 2877 5109 7782 613 4058 8923 2231 3277 6858
27 316 3548 9139 3186 7658 1670 4118 7609 3400 7662 9824 3056 4257 7329 2260 7183 1850 5423 9150 3569 7131 960 3466 5501 7290 2331 6375
28 327 3777 8604 2213 5861 9204 2295 5077 9029 1768 3460 5727 1261 7325 2248 4137 8947 2977 6441 9961 2889 6732 9643 4542 7600 3665 5873 9240
30 329 3521 5696 8065 168 1778 3667 7413 9731 1788 5403 701 4206 8770 6156 1472 4379 7490 1025 4575 8401 9567 2533 4883 8786 3517 6659 1428 5664 8520
27 330 6931 9916 2707 6405 683 5331 8289 1493 7535 1383 4982 544 3834 6970 9957 2721 5932 9201 4126 7300 9967 4778 7521 2756 6147 7676
28 333 4663 8467 3073 4397 5983 9340 1874 7168 3070 8007 2741 4455 7773 1816 4616 9146 2342 7467 1924 4263 7076 9886 3892 7277 1672 4973 8226
29 335 4900 7723 2108 4366 8342 68 4878 6172 9908 2171 4748 8906 4182 9778 3786 6862 884 4139 7750 794 4829 8086 903 5940 9017 1223 7201 9258
29 338 6363 8853 3012 7454 2176 5648 2005 5733 77 3471 7369 1062 5660 9332 1477 6671 8785 2327 3638 4714 6900 2468 5791 8223 30 1959 4350 6270
30 355 6926 9543 1876 4781 7545 2220 4325 7316 753 3695 6344 9885 1817 7510 208 2543 6052 193 2065 7390 2862 5472 7703 2609 6709 858 2551 6434 8741
30 358 4905 8039 1422 3551 6079 446 4845 6920 9988 3939 6057 9272 2968 5157 8360 2954 6985 1390 4340 7909 2627 5974 7993 372 2682 5845 8877 2419 5872
27 360 5675 6975 1228 4688 7939 543 3689 8108 2454 6071 7984 1848 5578 970 6025 26 3068 6157 1012 4841 9275 2025 8054 1490 5031 8297
29 371 4023 6831 134 3100 6066 2349 7444 1400 4873 8404 2087 7193 1151 4335 8961 2045 5153 8148 2556 7522 835 3947 5753 7635 588 2598 7625 9013
29 377 5585 394 1952 5928 9505 5047 8689 2385 6634 9445 2600 8047 2686 5560 9090 2665 4593 8305 659 4203 6716 9776 3985 5839 456 3779 5456 8070
29 378 6540 9781 5255 7551 9298 1554 4820 1303 2634 6725 2512 6664 9994 2731 5683 9623 2870 5308 7677 2222 4789 8928 1439 5864 8158 1209 6013 8440
29 386 4661 6897 983 5293 8372 531 2988 8099 1057 3723 7895 1855 5842 116 2018 7118 9929 4831 7817 160 3243 6094 7555 1712 5395 8719 743 6251
30 396 4546 7651 2571 5770 9260 1604 5407 7174 9726 1837 4843 8529 1391 6124 8675 1745 6249 1425 5626 9484 3776 6467 232 3545 6587 8506 2416 4963 9058
28 398 5280 8617 2644 4268 7375 1036 4574 8330 4385 7630 9397 3926 7657 1268 6522 314 2641 8317 1473 4999 8102 3489 6034 8723 1547 4531 9519
31 415 4322 7153 2748 4596 7461 9973 1908 3976 6601 9212 3124 6844 658 3162 5838 8715 511 3730 6500 362 5164 7809 2479 7697 1527 4764 9614 1851 4171 7441
29 421 6536 9066 2049 4373 6693 9515 2020 7380 3283 6210 767 4783 6691 628 1744 5473 8273 996 5478 1433 4456 8246 2381 5586 500 3318 6096 9343
30 424 6302 9887 3361 6610 7988 2182 8242 1448 5158 7235 9137 1707 3680 8533 1272 3503 8612 9651 3074 5847 9558 3701 9708 3432 6216 9127 773 4419 7107
31 425 3575 6850 9770 2073 5901 8296 3083 6150 851 3303 5945 9637 3823 7406 1142 3865 7633 731 4410 65 2229 4416 5427 8427 1948 7365 9311 2465 5494 9595
29 439 4479 9534 2924 6377 842 3241 7893 1956 5189 7898 278 2816 7180 9882 2441 5773 8883 2896 6462 388 4174 7936 2323 7991 1346 3252 6576 8281
30 444 4190 9604 1164 5334 8851 923 3126 7065 2432 5751 8546 3619 6569 661 5541 88 3266 6260 8796 2190 3847 7607 2068 4855 7731 1263 3914 6525 9310
27 470 3696 8799 3207 7274 908 3313 6867 724 2701 7355 1112 5605 8959 2983 6439 946 4062 7695 915 3246 9443 1946 5915 223 4019 8251
26 471 7170 407 5388 8066 1480 6324 9518 2660 6478 2110 7337 894 4773 8210 9839 3249 8234 2652 5382 8772 3709 7342 1665 5319 8660
28 486 4976 8332 1930 7095 3362 6376 9665 1880 6087 9526 2897 5776 9450 3920 7177 1514 4292 8056 512 4716 162 4599 8521 2198 4169 6054 8978
31 491 4435 8456 5141 7542 2090 4027 8328 334 2189 4985 7105 260 4077 7906 1291 3891 9026 2194 6476 8919 2937 6127 8194 9987 2369 5780 7013 657 5496 9087
30 505 6438 849 2879 4745 8966 1574 5888 9768 3335 5238 8452 2562 6672 8702 2205 4358 7330 1040 4914 8154 1864 4404 6805 979 6166 8260 2078 5209 7616
28 509 5590 8789 3607 8971 2935 6007 7751 2412 4734 9338 2699 5801 9992 3625 7737 1419 3738 7623 2152 4403 7769 1245 3515 7806 1958 4800 9817
29 517 6128 8455 2123 5539 9591 2575 5787 9325 3278 8147 1181 7681 929 4306 6945 402 3152 7374 1226 4543 6037 596 3397 8325 756 4597 6721 9997
29 526 4799 9297 3807 6305 1304 3736 6749 1660 4677 8474 2957 7137 654 4564 8705 117 5771 7661 1014 4641 7468 2345 4618 8077 997 3707 8389 9557
28 529 6446 714 4960 6797 1714 7126 9687 2986 6598 8768 1393 5026 8570 980 4261 8315 3092 5980 462 3935 7209 9638 4603 8673 2583 6089 8995
29 530 5866 9767 2396 7922 1699 5630 7937 1795 5124 8199 1370 5484 8667 3934 8362 1457 4644 7278 538 2664 6171 113 2789 5292 9663 3119 5668 9360
31 547 6082 7843 1299 2732 5283 8566 3189 6767 871 4925 6292 9027 414 4407 8123 805 3770 7742 1019 4859 499 3621 5667 9727 2995 5066 8760 1840 5581 9393
29 554 4569 9361 2804 5785 8229 9383 3009 5315 8865 2439 7734 2413 5491 9468 4187 7133 340 4444 7655 472 2167 5451 9193 2764 5636 9603 3459 8068
28 557 4798 7791 833 6517 8368 164 5217 7086 1580 5029 1812 6560 1414 3508 6934 677 3308 7471 2649 5665 7285 1902 6705 862 3395 6487 9284
30 570 4489 8485 3179 4651 7945 393 5517 72 3580 7656 989 4813 7053 1379 2800 4453 9254 2234 5629 8458 1800 4265 7813 1417 4640 6475 270 3019 6217
27 582 6227 9241 2808 4620 9043 4630 7351 283 1708 4624 9618 2095 5127 9900 4818 9527 3132 7456 1884 6726 1189 4309 9492 2352 6091 8462
31 587 5350 8435 2178 4792 7674 744 3292 6188 8483 2257 6074 1520 5615 9958 4238 5887 8907 2293 5709 8674 3860 6980 318 3435 5443 7079 9947 2545 6022 9122
27 594 5678 673 5644 183 2636 6483 7646 9401 4481 9097 2517 6174 2136 6281 9103 5337 7067 9909 3858 8231 3531 5534 9279 1564 4768 9054
25 604 5355 7759 1275 4287 7532 2461 5381 9811 4361 7775 413 4935 725 6815 2250 5931 1064 3390 6713 9742 3291 7596 1633 6684
27 606 6279 8697 688 3714 8379 1073 4902 8044 3357 6745 9488 1511 5479 1964 6849 9599 3359 7385 559 5172 7354 2485 3866 8285 1078 5631
26 607 6755 9938 2456 5749 9509 2263 8320 551 7197 9772 3227 5317 9070 3265 7525 1032 8130 3402 6326 8790 2930 7458 1240 5272 9644
27 608 7531 2759 5792 8282 220 7089 1172 5095 8250 357 2297 5790 9363 1760 4867 9367 1159 6567 721 3867 7052 9946 4336 8312 1661 6361
26 622 7002 9941 3443 7556 2557 6453 3120 7453 1097 4387 6290 729 4353 8782 2484 8255 2262 4215 8195 3367 6090 9475 1373 3423 6614
26 630 6373 153 4395 7483 665 5788 7478 3310 8578 4432 8430 1588 4605 8956 3921 6637 19 3683 6890 9432 3414 6463 4 2102 5871
28 633 5923 8714 3071 5428 135 4513 5808 1408 7096 8821 2437 4104 8352 4039 7022 253 3645 8943 1180 3856 7570 1883 5196 455 2873 6334 9981
29 634 3649 8058 577 4660 199 2027 6201 83 5013 8559 1427 6775 8968 2430 6840 9815 2694 7129 1256 3904 5826 9761 3121 5964 8761 2919 6264 9877
29 638 4581 8299 1188 6112 825 4486 7217 1513 4266 7416 9237 534 3957 6729 9018 2625 5106 7422 1593 5253 8862 1595 6741 1374 3705 61 1866 6412
30 641 6353 9904 2771 6718 1 1741 4860 9602 1674 6177 9239 3928 8140 1446 3535 9236 2088 5202 8707 3541 6715 9473 2298 5598 7182 1045 3496 5121 8143
31 655 3999 7507 876 2278 6015 267 3844 6490 1217 7271 966 3906 7287 1039 3660 6740 9299 2494 5762 1041 3226 5062 8164 1013 4508 8681 1329 5760 6769 9437
27 662 5055 7688 1464 4074 7302 1563 6222 8833 5061 7479 2511 5340 824 3888 6676 2007 6024 9045 1345 4591 9698 3802 8573 2887 6655 9652
28 674 6358 8972 2374 5550 8075 4052 9978 2628 5659 8280 200 4228 7449 1000 3570 7228 322 3377 8184 1643 4099 390 4253 6534 737 4142 7755
30 699 6887 9648 2449 6492 8881 2417 8867 1212 5182 8848 2516 4986 7901 9871 4780 8957 1007 6700 9051 3447 7229 8832 568 5677 7648 901 4812 6988 9438
31 703 4326 7213 2614 5302 8589 3122 8059 2193 4580 7389 1179 3624 9489 2202 5703 7796 416 4100 7495 1278 4475 6978 804 2289 5863 8236 1337 2922 6489 8820
28 711 6347 445 3626 6738 475 5051 6734 2153 7103 651 5379 8620 9740 2518 6736 1070 4827 7746 9582 6106 9159 2580 5170 9329 1771 2724 5295
30 722 3520 5889 7979 615 4467 6086 8361 1323 2638 5452 326 3659 6991 219 4621 9837 5726 9810 3872 6663 9756 3651 8890 2595 5694 9296 1940 5526 8327
26 747 6056 8322 2920 6011 1418 3578 5547 9095 5058 689 7097 1160 4224 6747 8934 2966 7434 959 4004 8476 4033 6605 9300 5171 8829
28 754 5674 9616 2014 7543 2218 5618 9523 2249 5367 8973 2353 7484 9262 3760 6367 1219 5284 9307 1618 3370 7319 3613 6189 7807 822 4673 9200
27 755 4729 8037 1998 5616 243 7303 1646 4541 7605 1253 4822 8950 925 4308 8946 2829 5562 8753 2980 8221 792 3371 6921 163 2264 5516
28 763 6488 1407 5735 8858 2325 5657 1325 4429 9285 1886 6790 435 3635 6573 2138 4294 7435 9536 2366 5247 7877 9119 2463 4899 6697 3002 7148
31 770 4347 7523 1510 4318 9218 2685 6570 25 5229 8970 1357 4807 7905 1011 4817 8311 1579 5113 7900 1047 3353 4851 6527 9633 4458 6786 619 4538 8036 8840
28 780 5966 702 3065 8053 1978 6695 480 4252 7005 1167 3537 7147 9848 735 3156 5916 8977 3612 7701 3748 7038 883 4470 7154 74 3933 8615
28 806 3897 9278 3112 5198 8876 2214 5601 317 4509 8980 4281 6151 9390 2300 6226 9918 4576 7562 1175 4402 8685 3199 6807 9215 2673 5810 9173
26 809 5078 9654 3864 6618 723 5676 1220 4667 9454 2657 7595 1789 5154 8817 3956 6839 9217 2981 7918 1775 5608 7930 1620 3224 8120
29 810 4895 7928 9880 3717 5177 6572 9231 2550 4642 7496 823 5611 8390 2135 5652 707 2230 5805 408 5082 9498 3153 9801 2050 4356 8725 2063 5205
31 819 3516 8233 1634 3016 4623 274 2892 7045 1979 4890 8564 1984 4916 8794 1599 5531 449 4079 8291 1241 4539 5907 9552 1673 5466 8408 1246 3504 7474 9976
28 844 4907 8852 1592 5963 15 2559 4128 7777 2125 5260 8631 2192 6893 9738 1524 4519 8115 1725 4919 8903 3025 5784 8198 2702 9487 3123 8822
29 846 5044 7672 1558 5015 6866 3208 6728 238 3845 7985 1215 5288 7659 2364 4870 7752 1173 5505 8846 2320 6029 7938 3528 5312 8237 1914 6596 9684
27 847 5162 8582 1913 4014 7846 1479 5698 9028 3453 8574 2630 7244 890 4528 7098 545 3154 8480 1600 6120 8581 1920 6205 9928 3547 7871
29 866 6993 9563 2405 4962 7952 839 5027 1484 4568 6242 8909 2001 5291 8780 2060 4180 6228 845 5439 759 4901 6922 1085 6430 9344 1271 5137 7934
27 867 5569 563 3710 7236 37 2269 7291 1009 6360 29 2524 6532 8975 3842 8111 46 5069 6506 3166 6050 9714 1799 6045 675 4659 7294
29 868 4488 6520 9226 2845 7554 1701 5356 8627 2384 6392 9039 1234 3974 5410 8915 2329 5920 9930 2390 6409 9787 4198 7947 1697 6298 9040 3749 9911
27 872 5149 8769 3597 9223 1704 5571 2092 5327 6891 9673 6075 9120 2860 7037 9457 2474 7582 1921 4305 7611 1500 3461 7705 442 3742 8027
32 896 4421 8014 2022 7243 179 3657 5740 9125 2723 6677 7780 9185 571 2738 5245 8711 1659 3940 7716 9863 3026 7396 8310 3902 5595 9192 1862 4409 7486 2590 7120
27 899 5573 8837 3843 7675 502 6031 8301 1222 4686 9774 5232 592 4428 8568 1791 4501 7758 603 4117 7301 2299 4719 7185 9532 3269 6813
28 902 3501 4790 8497 4375 9544 3329 7929 1134 4896 9041 1249 7158 1292 4611 7941 965 5643 8824 1896 4705 7402 1625 6109 8397 936 4124 7820
27 916 5794 9702 1999 4589 8672 4145 1556 5425 8742 1678 5527 9359 992 4497 8457 2003 4584 8640 4243 7024 257 4903 8524 2282 4904 9892
29 933 3479 5775 1475 4989 9019 1986 5393 8873 2584 4441 8290 432 3577 9129 3079 5606 7269 9785 3733 6414 917 4796 7749 1641 6323 481 4178 7763
29 935 6058 644 3129 6313 9213 2309 7176 9230 3336 5878 669 5867 1545 2916 6404 9259 4447 7108 848 4433 9177 9844 3652 6167 255 3942 5853 7621
30 945 5851 8182 222 2762 5188 8815 2591 6165 9950 3755 7418 1094 5120 9422 2698 5173 6043 1339 5745 9270 1764 5185 1003 5090 8850 859 3481 7839 9743
29 952 4670 7565 305 5429 7872 1922 5710 8888 2605 5497 672 3775 9104 3339 6787 9641 3925 6796 561 2825 4763 496 4144 7728 1187 3826 6939 9462
27 953 5970 8634 1583 4948 9587 4810 7787 1458 5956 9295 3180 9292 3352 8079 1107 4940 7910 2143 6782 583 4830 7304 1907 5981 7392 9969
28 972 3655 9385 1266 4272 8795 2251 6356 8112 3221 5895 1195 3507 8823 1504 6316 9791 3571 5972 939 3383 6374 133 4466 8437 440 4685 8365
24 978 6679 1006 4785 8193 3745 7712 1497 2951 5761 9529 1776 7492 2658 6617 1716 6159 878 5946 8954 3018 7721 3031 6039
30 988 4264 555 6444 8645 9925 4185 9508 3062 6547 9094 1340 7512 932 3677 5384 7334 1131 3040 6040 8339 2179 4389 8969 1496 5115 7550 1382 2726 6080
29 1010 6814 1755 4975 6977 1757 4070 8842 3827 7371 9898 4934 9414 2515 5576 9619 1687 4609 6464 45 1387 5919 7297 433 3601 6562 7491 2029 4752
30 1023 6756 620 2653 6190 9750 1854 6239 9318 3354 8018 428 3608 8191 2196 5977 9621 1927 5843 9350 2354 5840 9257 1416 4176 6644 9730 1844 5186 8691
32 1038 4518 7840 9634 1879 3206 7921 1048 5368 7415 175 3143 4652 9503 3576 6250 9854 3451 6179 625 2529 4086 7064 212 3078 6865 3175 5640 8595 1830 6149 9679
30 1046 6084 8557 1642 4065 9289 1582 3579 6518 9319 3081 4920 8366 2633 6038 8929 2322 5499 9755 5006 8190 2433 6103 9809 2411 5850 7982 962 3102 8201
27 1065 5259 1244 5053 565 7534 9828 1845 5813 9626 3010 7684 950 4510 7475 1809 3628 6564 1096 3907 9067 3289 6461 9266 2239 5286 8153
26 1066 7835 2939 4933 8505 1331 3803 6810 2827 5818 8432 2436 4213 9378 2523 7272 552 4258 645 5265 8993 1578 6354 339 1965 5221
27 1075 5140 7251 2563 4804 6804 1102 5100 194 3835 8092 2409 6144 2077 6580 742 4526 6273 9148 3146 6343 9968 2149 6046 9149 2743 6789
28 1080 6019 1377 4877 8856 3145 6017 294 4367 8186 1157 3513 6511 9777 1960 6764 938 4035 7965 2427 5178 8776 2817 7948 9952 2890 5876 8314
29 1084 7012 653 5325 9005 1105 3630 7612 3142 8984 4854 8165 1317 3438 5143 9943 2544 5336 8364 2400 4491 7238 560 3237 5239 7397 1903 5557 8811
29 1088 5378 8679 3875 6209 9574 2674 5730 9496 2946 6919 493 5724 8319 2397 4465 6219 8710 943 6202 8754 2084 5068 8751 1895 5346 9796 4740 7827
27 1090 3801 7779 3992 6938 648 4861 9273 2294 4865 9570 2651 3728 43 4646 7051 693 3962 6742 174 4570 7715 3034 8598 1403 4423 8333
28 1099 6295 9894 3851 7364 501 3341 7971 1763 5898 9057 924 4736 8208 562 4073 7613 3150 6781 632 6470 9647 2495 5448 8728 2006 5194 9465
29 1106 5320 7745 214 3384 8399 410 4956 9324 5018 6514 8383 686 5399 1049 3527 5897 8504 2841 8064 1870 5290 9612 1647 4454 9537 1651 4998 8699
29 1124 4884 8722 3482 9164 1293 7087 8449 2496 6371 9845 2882 1229 4779 7009 2894 6246 9744 1326 4912 7215 1833 4692 6803 323 2918 5503 7966 8422
29 1127 7241 207 3702 7485 1525 4634 8106 3634 6402 612 2654 5447 7733 1327 5528 8671 973 3238 5470 479 5008 7011 2618 5529 9915 2242 6579 9023
29 1154 7081 1929 3911 7061 642 3890 8678 9826 3203 7559 2596 4480 9598 2097 5083 8209 998 4016 6852 9951 4191 7638 627 5508 572 3061 6023 8126
32 1169 6809 69 3653 7533 5036 7258 7855 621 3581 5483 8412 1349 3013 6351 9617 2737 7808 9196 1680 4977 8825 1506 4927 9470 3114 6558 8134 766 3751 7029 8700
34 1185 6880 9244 1553 4495 7400 1059 4298 7799 9897 2104 3193 3913 6524 7394 158 3536 4586 9228 1985 5602 6690 9328 4606 7896 2422 6191 8665 3014 6944 9889 2008 6568 8937
28 1198 6946 9403 1993 5080 8608 1805 5105 8157 2458 5386 431 3360 7333 897 4025 8225 3316 8104 391 3058 4161 9356 1905 7503 2086 5161 9474
32 1210 6455 7838 353 3594 7493 506 3813 6224 7802 417 4184 7464 141 4550 9206 2872 4168 5846 8235 1686 4244 8097 436 5019 9540 4847 7784 691 3966 6665 9463
29 1214 6902 9399 2548 5257 9491 2830 5926 8125 1992 6218 454 4720 8400 3493 7736 140 3623 6982 292 3183 6116 808 4515 9636 2839 4018 6236 9221
28 1221 6448 6885 889 6717 888 6146 33 4424 8110 3118 6044 9569 3509 8025 2443 7307 9528 3381 6317 9691 2720 6118 9816 2360 4324 6428 8003
29 1225 5542 9874 1247 4368 6927 9331 3648 5885 9423 2881 5103 7593 716 4655 8622 4422 7378 507 4071 7690 8812 2118 6342 967 5645 8220 1623 5250
27 1255 4950 6620 584 4270 8749 2235 4558 287 4487 9376 2367 5944 423 4945 9912 2754 5441 8011 62 3978 6221 2128 4697 9161 4614 9404
27 1267 4751 9073 3149 5800 9420 1969 6481 8534 5561 9082 2188 5543 9593 4628 21 3731 6666 9330 2944 6320 1104 4426 9728 2209 5836 8642
29 1279 6830 8205 9573 3674 6986 1016 4240 7888 1369 3977 7332 364 4411 8145 1140 3230 4680 7707 1629 7323 494 4075 7663 180 3464 9377 5625 8396
30 1284 4193 9670 2791 6550 9353 4814 1044 2849 6459 1201 5803 384 2316 5584 8387 2616 4600 5933 8213 789 3543 5269 7347 319 4108 7203 687 4784 8335
28 1288 6456 8739 1645 4587 7867 90 2742 6077 9178 2992 5961 356 7314 875 2611 5635 9357 4534 8023 937 2464 5114 17 5912 1401 5086 6911
30 1296 6733 8902 1310 4850 8293 1328 5968 9044 4179 7376 249 3810 8870 1378 4247 8844 2997 6113 8001 880 3163 5335 70 3442 5227 9092 2615 4517 5951
30 1297 5809 8392 204 3273 6825 954 5908 7958 1576 4678 9287 2042 5754 1727 5530 7748 1316 4255 8168 1657 4064 6092 8552 1822 5642 8512 2478 5520 8701
27 1307 4068 7308 488 6378 1967 6330 9382 3428 7339 181 6132 1640 5874 8356 1792 4696 8160 9624 3312 5004 9381 3681 6362 40 3678 9014
30 1319 4732 8172 2582 3986 7292 1053 5075 8152 2272 4451 6957 277 2876 5679 8935 2530 6203 8908 4567 8510 508 3746 8540 1174 4040 8337 1375 4245 8346
29 1364 5361 1540 6069 8354 9516 4417 7152 9701 4949 6722 8900 5523 8283 3391 5713 498 4189 9157 2717 4918 7178 1546 3525 8539 1411 3407 6047 8308
26 1368 4608 941 6539 2132 5422 351 7417 2799 5628 9003 1777 5129 7528 20 5389 9560 3181 4946 9075 1262 5211 8692 1552 5841 7963
28 1381 5033 7725 1815 4793 9166 4909 9962 5313 9012 1820 5241 8613 2247 4502 8737 1147 4303 7062 9183 1894 4675 8326 2568 5345 8803 3212 7720
31 1395 5383 474 3793 7462 1170 3251 6984 8857 3468 8161 9869 2267 4293 9483 2204 4472 6662 1468 4868 8017 1429 5305 8810 3483 4235 6386 9940 3418 6555 9953
28 1397 7021 2133 5462 9995 3718 8388 198 5192 9123 1118 2982 8658 1821 4121 8806 971 4555 8690 2632 5613 9504 1087 5225 9831 2803 6142 8555
28 1398 7311 1476 4380 7179 2334 5500 8885 2602 6878 9396 1136 3519 7171 1347 5303 8733 3936 7187 399 3622 7283 827 6408 8243 1287 3752 8682
27 1424 4532 8230 2335 7620 3491 7320 1444 4755 7547 821 5042 9524 2212 7305 154 2940 4590 8863 2378 4459 8558 2012 6315 934 3307 7798
29 1437 3762 7599 9789 4034 8695 1332 4205 7083 448 4533 18 4216 7812 626 4801 6597 9323 4209 6285 9136 2746 7544 1445 5206 6661 3 1770 6471
28 1449 5688 9565 4376 7298 1050 5071 9093 951 6574 9757 1966 5848 589 5477 8142 3348 5834 8801 2401 4339 7946 1149 5125 9833 2469 7020 9520
28 1450 8149 3211 5957 745 3366 5592 1653 5661 8855 2834 6772 949 3082 6042 7823 1365 5743 8202 1100 3340 6658 1829 4653 9229 3747 6329 7862
29 1454 5102 8648 1532 5421 7859 1388 5174 8663 1910 7169 9460 2290 9209 2901 6212 8393 3139 5706 7932 503 3588 6296 9068 3915 6776 769 3614 6999
29 1466 3950 6969 667 3533 6477 78 4327 7861 1957 4132 7664 1286 5728 8041 2659 6148 8395 2000 5577 8425 2407 5969 7729 9823 4892 9963 3656 7950
31 1467 4112 103 3389 6131 54 2656 8155 1004 3098 6200 8042 1322 2425 6181 9130 3809 5778 81 4846 7060 9924 4097 6739 487 4717 8057 9966 2875 5588 9632
26 1474 5493 8490 2444 8114 266 4060 6271 1535 4648 8879 5273 8775 3099 8067 202 4844 8652 2932 5138 7953 1873 6406 9830 4363 7956
28 1478 7017 553 5353 8624 3299 7259 9191 1258 6152 706 3960 7660 1194 5793 8306 2096 5504 7679 1447 6806 1718 4823 6186 8200 9821 2719 7151
29 1486 5375 281 3817 5765 8545 788 5180 9035 3532 6973 299 2336 6107 8791 3633 8745 332 4520 8661 361 3378 8882 2813 6954 1242 3113 6727 9172
29 1488 6822 57 6010 31 3165 6357 7935 2522 5084 8562 2535 6513 3781 8265 882 7039 9554 1324 3743 5967 520 2227 4753 7047 9547 2604 6410 9589
30 1495 6380 1093 4483 8522 1790 4159 8173 1664 4348 7344 9322 2246 6751 489 3368 7581 2952 4765 7324 2130 5091 8300 1648 6275 9433 1658 3454 5580 8933
27 1498 4943 1301 3991 7326 760 4446 7296 91 3245 6183 9513 4181 9960 3076 6073 201 2758 6530 757 3987 7925 247 5655 9939 3498 6460
31 1501 3839 7739 1037 4006 7933 1026 4231 6048 1943 4248 9535 4302 7268 1155 2921 5682 7882 2156 3812 7106 8997 2117 5034 6937 1177 4349 8464 1832 4924 9655
27 1505 4473 7085 9517 1709 5101 251 3693 7583 2861 6765 3294 6468 595 3296 7091 1252 4772 8659 2145 4499 9735 4090 8028 1807 5455 9074
27 1551 4262 7629 2219 6640 1283 5372 8493 1035 5195 1132 3804 5988 748 6234 343 3958 7666 591 4741 7678 1675 5152 7465 150 3568 7237
28 1561 5705 8192 189 2990 6322 8738 2846 6833 2399 4069 7428 646 4926 8650 1628 3931 5073 9214 3164 8463 968 4942 9859 2984 9309 5544 7601
28 1566 4474 1213 5190 905 4002 6382 9384 2371 6778 1785 6259 9512 1997 5156 8403 2004 4477 6293 9927 3293 7708 2976 6123 9745 5074 7603 8866
28 1568 4527 9365 2912 7306 9101 4382 8180 3727 8350 1392 4503 7327 1402 7927 9990 4024 7164 9233 2038 3783 7886 1802 5261 9220 1082 2034 7879
32 1590 4106 8755 1814 5287 8747 2277 6192 532 3799 7874 9144 2677 5475 7770 1939 3422 6121 9466 4535 7969 9835 2328 6154 124 3282 4401 5875 6779 650 3631 7322
28 1598 6841 9160 2831 7498 2669 6170 9351 3255 7884 784 2913 6388 8550 1803 6196 9305 2807 6502 374 3170 8137 3260 4390 6783 1092 3671 9165
28 1602 6586 8129 3959 8736 2053 4049 8451 727 2910 6499 886 5402 8638 2668 7890 9181 891 3088 5994 9038 4089 6763 16 5391 7279 1197 5262
28 1612 6457 668 2999 5758 7880 779 4230 6629 9442 2224 5219 9849 4953 8619 1376 6238 9856 3375 7563 4328 7388 2116 5574 7313 229 4672 8096
28 1630 3768 7226 8847 1290 5415 8854 2819 6652 1533 5929 830 6771 7804 1597 4787 9134 3195 6638 600 6268 38 2380 6529 9364 1912 6335 9769
29 1636 7352 1034 4165 5995 237 4931 9380 1889 4427 6673 1341 5647 8159 1491 4134 6554 8553 363 2854 6006 9564 3797 9379 4313 8045 1900 5992 8792
28 1644 3789 8087 3321 6730 285 5535 9227 1859 5041 8905 1366 2942 7202 1344 6917 947 7710 24 2426 8072 877 4987 7421 1649 2793 6088 9672
29 1682 3924 7711 9219 4529 7553 5183 7743 1885 4990 8501 426 4267 8030 4378 6591 9820 2811 5782 8596 2089 5971 9746 2244 4795 7815 3558 7405 8752
29 1694 6873 9001 1091 2645 6294 8767 1251 5307 461 5092 8439 9857 3128 8895 2576 6641 9375 2507 7240 2462 4939 8797 1825 5467 9669 4961 8734 9481
28 1698 4275 9920 4148 7580 999 5365 7923 3194 7455 2164 4212 8683 1834 6401 9348 2497 4218 7216 1200 4208 7412 9843 2082 5107 8423 3431 6432
28 1720 3574 7538 1502 4969 7931 4743 7267 3185 6669 1423 3719 5993 8910 2767 5797 9369 2502 5417 9723 4286 6821 419 4887 7191 1909 5003 8378
30 1722 4151 8239 2480 6675 9135 3981 9699 1754 5856 8343 9814 1460 4879 9308 3069 5352 9326 1892 6026 1715 4091 6104 715 3302 5364 9186 2958 6391 8938
29 1734 6628 8597 2150 4521 7370 1029 5502 9224 2141 5117 9387 3337 8381 3028 6710 7460 205 6114 8298 820 3825 6531 8248 1676 5662 539 3923 8998
28 1742 5020 8367 1125 4579 8341 1359 5098 8083 1406 6619 2319 5930 242 4351 6508 8022 797 6832 1557 3108 7350 598 5181 8744 2787 5860 9921
28 1743 5593 7897 3046 8576 1955 7497 119 4054 4816 8113 2434 5374 7317 8479 1128 5869 1191 4175 7059 380 5489 7790 2711 6021 840 4195 8318
29 1747 7470 9732 2844 6126 2346 4811 7407 1043 3553 7293 9884 4400 9205 3408 5049 8759 1991 5600 8489 9780 2129 7234 2119 4622 9948 3485 5666 9542
28 1758 6161 8976 1138 5110 6621 9597 4523 6301 9653 3458 8696 3445 9083 3572 9639 3314 6248 8128 443 4219 5076 8269 3840 7136 1435 4505 9893
30 1784 6262 7196 918 4196 8607 2185 5582 850 5226 8382 717 3462 5950 1420 5498 6303 8527 1668 3465 6443 2893 5169 7668 1881 5819 986 4207 7504 9522
26 1796 4626 8414 2923 4007 7366 2520 5406 8787 4038 8413 4130 6894 1631 5145 9917 3518 6696 1144 3320 8537 1492 6020 904 3618 6603
26 1810 3744 7227 9252 3822 6678 761 3712 9152 3236 6630 473 7704 347 4084 6491 261 6030 8591 3564 5620 8227 3304 7100 3862 7359
28 1823 4645 7340 8727 3233 6063 9819 3932 8409 4420 7584 252 3290 7524 248 3054 6872 2165 3759 7028 730 3917 7540 1507 6328 9851 3089 6648
32 1824 4036 8020 676 3929 7160 9579 3284 5446 8095 1852 3396 5757 9248 3602 5986 8460 1987 4826 7205 1204 3452 8676 2843 6093 8621 1471 4981 8896 2998 6235 9317
26 1838 7046 2691 5774 639 3385 6261 9282 4434 6979 1529 6495 9549 3415 5884 9500 3024 7175 39 1878 6450 9689 3267 8731 1841 6685
26 1843 5991 9179 4837 6801 9490 5056 6612 1867 4369 9111 2232 8415 814 6823 1230 2281 5623 9170 3127 8261 3067 6168 1872 4929 7006
29 1846 6027 813 2640 4947 8119 922 2554 6008 2195 7381 418 5017 9459 1081 4525 7829 818 6836 8482 2445 4669 9899 3832 5059 9042 2538 7190 8841
30 1853 6972 8386 1961 6269 9176 3048 4674 9050 4457 6694 9362 4043 6702 9790 3800 9076 2993 6635 8203 718 3666 6346 575 2601 4703 9060 2275 5509 7459
30 1857 4476 7025 82 3174 5798 8629 2855 5827 9281 528 4629 7887 652 3473 4384 7889 969 4490 490 3376 6379 1951 6115 8469 3808 6636 774 4633 7892
29 1861 5506 296 3287 6385 9435 2541 5430 7368 430 4604 9151 2054 6987 1711 6943 492 4337 7587 9106 2573 4598 6204 1260 4805 6607 1277 3643 8076
25 1887 8706 2491 5060 6829 682 6134 151 6267 631 4706 7481 1737 4869 7610 1693 5741 152 3780 6795 8565 3927 5828 1526 5002
29 1890 4913 6912 1732 5711 8029 750 4724 348 3109 7446 9640 3449 7270 8960 1663 4511 7924 5203 8080 1192 4710 8005 349 4689 8419 1361 3125 6435
27 1891 5306 8491 3330 8391 1089 4738 9660 4346 7756 1312 7050 1897 4639 7904 1573 5718 227 2402 6062 9541 2679 5507 7740 235 3792 8643
30 1898 6274 9429 2404 4992 550 3063 7015 341 2599 7121 1856 5064 7978 1442 5905 8541 1622 4048 6535 736 5564 8891 670 5014 9313 772 2276 4331 8762
31 1901 6258 9140 1813 5556 7847 1438 3103 5766 9392 2730 5548 7564 342 4824 8197 1254 3739 7331 3765 6125 8525 1683 3412 7101 1798 5357 8516 2241 5752 9069
28 1932 4031 7819 2857 6053 8329 3110 7469 9485 2009 6198 9096 1610 3669 8118 196 3592 8628 2252 6949 395 3946 9303 3051 7744 2885 7073 9286
28 1936 5976 8816 3756 6194 8911 1020 3256 7781 885 4836 7042 1543 5201 9141 4067 6817 1208 3893 7795 574 4802 9692 3413 7189 8626 3820 7851
29 1937 3573 6895 142 2796 8175 1321 3791 8468 2126 5532 9162 2158 7557 741 3363 4848 7109 7764 1459 5721 8894 2833 6272 9838 3101 6466 1656 4932
28 1947 5067 8212 2285 5624 8459 1611 5304 8035 2509 8101 9600 2139 7818 9783 2391 8495 9606 2588 7445 9681 2926 6195 504 5702 9974 4138 7989
29 1953 4893 7574 96 6028 9169 2333 4625 8324 397 5363 8577 3952 6306 8508 713 3424 6561 167 3272 8518 2418 6162 8941 4713 239 3595 6440 8241
28 1954 4657 8176 2048 6178 8571 4997 6653 2107 5433 9539 4712 5748 9412 1723 3688 9015 2760 4341 5 4749 7111 1076 3116 5906 8843 2448 6888
31 1994 6667 12 3670 6199 8630 1274 3205 5982 9449 2931 5420 42 6407 321 4289 8019 1335 5925 8936 3440 4522 7031 9071 3661 6291 137 2144 5349 8434 9872
28 2002 4791 7824 1079 3785 6967 145 2592 6762 8677 2553 7239 2 5610 920 3288 7377 9102 2740 6297 7567 2871 5208 66 5413 8004 2542 7942
29 2010 5731 8204 1780 4299 8178 1989 5949 7917 2570 5654 9907 3559 5596 8646 1530 4875 8687 1360 6910 381 5104 9676 1996 6936 9441 1637 3773 7482
31 2023 4723 9752 2546 8033 9538 2457 5142 6480 9461 2643 6623 280 3664 8258 2271 4388 7914 9480 1306 4557 6577 1781 3662 8171 269 5339 7682 3690 4311 8363
30 2030 4681 7163 8560 919 4485 8507 4352 7321 2577 6458 9747 2681 8348 1976 5924 6857 9954 4967 9055 9793 4222 7974 466 3403 7433 483 3806 7628 9662
31 2040 5511 7857 812 2678 4561 8899 1606 6225 451 4786 9431 2046 5890 8605 1688 4665 6929 8336 2177 4450 7335 324 4167 7472 9888 3697 7606 1005 4602 8914
28 2071 7125 1608 4150 6983 9493 4166 8471 2967 5947 9802 1372 5998 387 2778 8405 1919 5324 8163 1826 4254 9417 3188 6254 9580 2770 6498 9189
29 2093 3590 8295 3168 5518 9406 3694 6785 887 5551 9683 5412 2142 5804 9156 2828 5958 7261 8732 2687 6355 9494 2603 4413 6594 9336 1465 5233 8887
32 2100 5469 9352 3475 5309 8420 758 4011 6952 1113 5833 9118 3060 8819 3006 4507 9034 1257 2505 6280 8580 9288 2646 5392 8656 1724 4365 7150 523 2379 4445 7048
27 2105 4911 7602 3591 8514 3698 5369 7634 2744 5251 8473 990 5390 1627 5376 7842 2704 6288 9601 2972 7844 1389 5394 8680 382 4114 8763
26 2112 7135 170 2729 8331 2365 5512 8288 2960 4842 7539 2031 6989 2199 7637 2392 6231 1877 7173 1432 4022 5692 8276 2492 5373 9037
30 2140 5085 8513 1355 3457 8453 1017 4280 8211 910 4229 7508 9972 3280 6018 107 2473 4321 7124 9047 3090 5715 300 3349 6846 1613 6544 9243 2296 7208
29 2159 3850 6879 1671 5521 8800 2624 5806 597 4315 7686 637 4269 429 2836 4891 7358 59 3983 8535 3033 5097 7753 2303 4370 8670 660 3596 6333
28 2161 6135 1139 4530 8132 3197 8538 782 2898 5444 7403 128 2859 5681 9812 1068 4551 8062 2283 5030 6953 2151 6913 569 5614 9371 4412 7943
27 2169 6282 8061 807 4227 9056 2166 4524 7825 476 2904 8219 2455 6869 536 3085 6794 1152 5021 9737 3500 7645 2347 4493 64 3869 7671
28 2208 5663 9036 2406 7343 556 5163 7706 9865 3350 6549 422 4438 302 3611 7826 1285 3472 7915 791 5646 8668 1607 5220 7850 9246 2716 7998
28 2221 7489 434 5700 8515 2667 5454 7631 1811 5431 8777 2403 7159 9510 3874 8124 1662 5449 409 3140 7420 420 4122 8117 685 1899 6802 9858
28 2238 3887 8131 264 5256 9180 1888 5016 912 3769 8893 203 3176 7223 3450 5187 7204 8778 2075 6160 9864 3567 5463 56 4405 7058 832 7295
30 2243 7155 2103 4226 9479 4721 6854 9065 1609 4737 6143 9825 3020 8084 3722 6049 230 4225 7130 9143 2094 4613 5938 8996 2350 4690 8344 1110 3565 6657
29 2273 7442 9779 3686 8528 1819 5485 1925 3896 7026 9932 2160 5536 9674 2452 6571 383 3857 6748 9905 3918 6995 359 3798 5638 8228 1858 5244 7976
26 2279 6110 739 5398 519 4881 611 2675 5918 8781 834 5213 9267 2314 6526 1343 5434 9031 2175 3903 6425 579 5380 9764 3787 9444
31 2284 4864 8038 1869 5012 7315 586 3437 7765 2610 5922 7569 624 6411 9276 3726 6753 681 3708 8150 9207 1818 6581 8010 2690 4601 5973 9754 3281 5959 9419
26 2291 4980 6853 9782 2832 5701 241 4094 928 6175 870 3555 8454 1923 6207 84 4157 7578 9980 3173 8494 1143 6417 8664 2696 7685
27 2292 8094 1074 5639 8920 2712 8394 4498 9128 1762 6551 1384 4858 8654 1759 4583 7318 9566 4059 6906 369 1962 5538 63 2521 5725 9016
29 2302 5022 7414 9949 4359 5807 8805 4840 7082 412 3358 7033 8989 2684 5911 1765 5717 8586 3049 7980 2868 4297 7480 250 3323 6484 1298 5112 8651
24 2305 4682 8232 3394 8830 2838 7074 290 3441 7361 1632 4135 6325 793 7172 1342 6874 87 4862 8275 3157 6485 8653 3853
29 2306 6654 8834 3021 5859 9301 3965 7652 1353 4273 6158 8345 831 4885 7726 169 4928 6645 9440 4970 8809 2356 4658 6646 1055 3819 8871 3365 6494
28 2308 4959 6465 2372 5371 8924 4250 6689 8828 4057 9052 3096 7263 9315 1730 5935 9765 3235 6473 9584 3263 6173 53 5230 9339 1248 3846 7249
30 2313 5579 309 3620 7104 463 3972 8167 2579 8303 1575 5168 7836 3444 7409 9545 2619 5893 7912 2357 4093 6423 9739 2057 5811 7792 186 1294 4666 7401
28 2315 7094 3627 6350 9008 3015 6898 666 4105 9110 1399 3505 7516 9407 437 3796 6312 1915 5899 228 3004 6001 8353 3055 6519 9996 4158 7643
29 2337 5927 8551 2953 6240 256 4788 6674 7 2466 5416 7604 1740 4882 7951 786 4391 7766 9771 3111 6366 516 3794 8859 3487 5072 457 3343 7383
32 2340 3523 6799 9788 2472 6348 1101 6627 9986 863 3182 5222 7255 306 4679 8262 1015 4952 7166 9827 3327 5975 9713 3104 4172 7680 1487 3542 6575 9818 4797 8089
30 2343 4957 8974 4066 5131 7592 1586 3700 6631 34 4442 9347 1782 4323 796 4760 7063 468 4917 7987 994 3828 6766 8294 3106 5297 7841 1123 3097 6415
26 2358 6372 7738 1367 4573 9061 2312 6155 944 4233 8804 4314 7977 1615 3538 6651 2270 6208 1137 5404 8286 2650 7367 265 4197 8043
32 2362 4592 8181 477 3699 7206 9797 1141 2210 8563 3873 8827 1021 4101 7954 9690 1119 3973 8549 121 4256 6935 9100 1963 5087 8567 368 3476 7502 1577 5939 8932
28 2388 5052 9733 1970 4282 7357 115 2985 8445 2886 8940 2745 7072 1753 7145 768 7162 86 2148 4687 6712 1441 4979 8238 522 3539 7071 9405
28 2394 7546 1847 5351 9088 2547 6469 7789 1018 5063 9126 2064 6698 9775 4037 8982 2146 4965 9048 1103 7122 8992 2019 5822 9025 1522 3989 8063
30 2415 3884 6369 9464 2974 5252 7549 1767 5266 8585 1534 6600 192 4898 9842 2773 7220 9398 2539 5599 7027 1133 4782 9434 1836 5215 8590 3184 6393 9749
30 2424 4671 7811 231 5285 365 2566 4742 7962 1761 5779 9469 2884 6909 2155 5563 9188 3603 6649 9312 3584 6233 6793 9020 2039 6884 9879 2079 6193 9283
28 2442 5913 7384 295 5732 9290 1983 4436 7036 9725 1617 5278 9650 4319 8247 1302 5673 8990 2016 5879 8666 3275 7589 1330 7014 60 3042 8757
29 2451 4414 8686 1935 4819 2266 3814 8078 2750 4777 909 3315 6848 9530 2806 5880 9080 1111 4559 8040 811 5900 7713 2794 6237 9773 3355 6014 9705
31 2493 4109 9000 1385 3204 7138 9265 3889 6602 464 5533 392 2348 5865 9712 2642 5519 7115 2361 7399 9293 2055 5707 9578 1875 5769 8177 1684 3250 4332 8826
31 2501 3767 6486 9184 1250 7783 1289 3753 8756 795 2026 5953 8949 1196 3210 7411 9784 1058 7426 22 3429 6881 9428 4955 9804 2215 5597 8377 1719 4725 7916
31 2503 5204 9999 4500 7410 1227 4406 8009 3647 8773 1977 6399 7920 9099 2574 2933 6055 8267 2363 4009 8141 9734 2398 3467 5436 1336 3837 8012 1115 3319 7883
29 2504 6140 209 2680 5747 9471 4839 9049 1086 5322 7514 2864 8410 3228 6002 6687 328 4083 8411 3374 5175 7774 549 3861 8351 1621 4951 7393 9671
31 2508 6352 9402 1835 4046 8402 2757 6608 263 2784 7981 1739 5877 7992 860 4704 6390 9799 2099 4923 7266 8532 2878 5465 8694 9965 4504 89 3295 6777 9416
26 2526 6141 776 4284 9121 1311 6359 9868 2386 5133 7885 3490 7069 3589 5408 8416 2840 5362 9251 5151 7828 1728 4833 8256 2989 6327
29 2537 5781 8536 790 5396 262 4631 7693 578 4888 9210 2909 7640 427 2421 6998 1451 3774 7719 9875 2578 6668 9032 3115 4897 8496 2197 5326 9472
29 2540 7044 993 4514 5824 9883 3560 8170 2137 3967 7636 1146 3881 7092 125 3053 7999 1839 4484 7907 1120 5166 7056 1027 3848 6960 9688 4296 9059
27 2549 5934 8374 1161 4437 48 2341 5996 447 3561 7722 304 3585 8122 2842 7687 1537 6956 9792 3190 6647 9342 1550 4876 9155 3305 4133
29 2558 5999 8304 2440 6394 9934 3899 6941 798 3301 6542 720 5656 7548 728 3679 6592 94 2180 6061 9114 1095 4769 7919 2080 6431 521 3526 6886
26 2560 6383 9167 4536 7960 1614 7167 469 7386 1679 5583 459 4733 7499 9936 3239 7805 1559 3836 7362 2722 5619 7793 452 3943 6625
30 2565 7218 1804 5471 6590 9409 2389 5558 635 3117 7246 1519 3223 7568 2823 4856 7700 9142 2268 5510 9625 3955 6336 9762 3720 5370 138 3583 7284 9006
30 2585 3990 7717 2768 5723 9550 4290 6961 746 4173 8151 2101 6345 881 4085 5050 8443 3075 6384 95 3052 4983 8942 1685 4304 7506 112 4731 6918 9476
28 2589 5249 8090 1518 5037 8988 2483 5568 184 5817 8985 906 4512 9386 3001 5490 7788 3642 6930 240 3035 6447 1589 7032 1667 2874 6703 9147
32 2597 5690 9132 2587 4364 7424 2286 5570 8429 3901 6639 861 2254 3754 5540 9271 2124 4803 9763 704 3220 6108 2043 3996 7395 1738 3715 7858 9611 3215 5617 9666
30 2607 6229 974 6501 325 3554 7571 165 3529 5952 7624 9813 3008 6318 9011 1098 5609 8274 956 5672 8103 254 2663 7494 1264 3242 9592 2066 5358 7018
31 2621 4354 6349 8953 1591 4974 573 3093 5832 9923 3105 8426 5330 7709 1461 4938 9320 2200 6963 8600 1512 3772 7430 9694 3080 5821 8703 1650 3980 6368 8861
32 2622 5135 8688 2902 9759 2938 6068 182 3488 6582 9079 2288 6381 541 4271 6122 7007 585 5136 7579 567 1207 3879 9458 2253 3735 6521 8214 246 2631 5236 8185
27 2635 4362 6245 9710 2228 5997 1362 5081 6433 2661 7212 852 4954 8884 2928 7968 2527 7360 873 6005 7336 1516 3704 6589 1865 6283 9225
28 2639 4081 7500 2041 5680 8684 3838 7099 9421 2617 6543 9680 3672 8633 2775 5329 27 2788 6827 1269 3240 5589 8948 3854 7520 1548 3600 8055
28 2683 3900 7276 1726 6364 6 3725 5902 2697 8637 482 3818 8724 1945 4776 7876 2431 5852 709 3514 6479 313 3979 6947 1794 4029 6737 9956
28 2688 5155 9568 5437 403 2765 7030 9959 3763 6451 8 4572 8502 914 5460 8081 1669 6241 8523 1626 4767 8987 3044 6901 696 2499 6036 9531
31 2689 3636 6119 9610 5207 7639 510 5333 8179 3632 4746 7724 9269 4995 6820 558 4396 7328 1348 4770 7157 453 3178 6528 9256 865 3419 6482 458 3198 7043
29 2693 5763 9249 2114 6016 9979 5167 8376 926 4095 9455 2947 5955 1831 4147 8371 984 2647 5653 8264 3333 7466 9163 2274 5065 6861 9629 2666 7437
28 2705 6683 1186 4582 8034 1163 4991 7348 2106 7785 9280 4835 8639 1746 3495 7853 161 4113 8575 1030 5984 9585 1351 5298 7794 1871 5126 6774
34 2706 5559 8292 1483 4649 7429 9709 3606 7156 9677 2973 6117 7349 942 7001 9985 1652 6284 8930 1695 3646 7908 8991 2036 6595 7387 460 3151 5289 7427 9354 2979 5310 9646
29 2708 5360 9391 4192 6545 8740 2805 5296 336 4941 9514 2420 5122 671 3673 7233 9686 1710 3506 7288 854 3427 7077 982 4316 6340 367 2751 8183
30 2709 4155 8588 898 3556 5722 9358 2725 6968 3091 6868 8708 537 3937 7143 3426 4988 8593 2747 6309 71 3868 8603 9852 3855 8611 2211 4966 7957 9274
28 2714 5184 55 3870 7363 610 6611 2028 4047 5990 9506 5514 8548 1702 8277 590 2774 8105 312 4718 6976 497 4828 8093 546 3964 6557 9133
27 2718 5332 1024 4647 9389 2134 6875 7537 1933 3766 7644 1371 3886 7698 213 6424 8735 4153 8174 690 2994 6719 2534 6180 7443 2895 8807
27 2739 4958 7714 2692 7181 9410 2567 6060 6855 1536 4632 726 6095 110 4562 8649 4115 9333 6319 9533 1988 2519 4806 221 3137 5987 9085
28 2766 7926 44 3771 7487 1121 5377 9235 3030 7346 1560 5524 9807 2201 4707 9033 2091 5038 7727 2655 6314 385 4080 7281 9199 2856 5714 9335
28 2769 5043 8477 2072 5750 8986 2467 6752 8721 1404 5687 9594 3420 6098 2594 6842 629 2376 5199 7230 2564 7689 9430 1396 6552 1238 4236 8543
30 2779 3761 8021 3086 8216 2447 6583 1769 3549 5772 8750 1973 4329 6746 9984 1783 4330 7250 1995 5442 8107 9427 3562 7588 9656 2971 5954 9497 2147 6932
28 2781 6632 8693 3512 9741 3740 7463 276 3993 8569 1485 7132 9931 3480 7312 3388 5094 8006 1470 5480 8635 1494 3790 8898 1654 4832 6413 9507
28 2783 7016 828 2820 6403 9860 3604 5799 8875 1300 3831 7188 1705 7626 1968 5634 467 2786 6838 1594 4055 6990 1130 4664 7757 614 3609 9935
28 2792 5962 9575 3963 6277 1071 4771 9933 3641 7084 684 5670 9395 2450 6185 8499 2032 4701 7647 1735 4383 803 3961 5684 8788 1828 5079 8944
28 2801 7944 441 4127 7146 9707 3895 7990 2555 4993 8287 1752 3905 9341 4386 8874 1801 6474 9208 3546 6750 1793 3328 6714 159 4030 6758 9716
28 2809 5119 7265 244 4026 8263 2606 5591 9195 2763 5409 8561 51 2795 9072 4107 7501 331 3147 6493 663 4464 7903 3687 6187 9862 5070 8144
28 2818 4874 9334 1584 5594 9370 2626 5862 1481 5691 8618 3346 8244 836 4463 7691 2637 5823 49 4223 7219 2187 4852 6792 9970 1318 5482 9030
27 2821 5495 1585 5870 1171 4537 8347 2489 6798 1218 4910 8355 1239 4312 9400 1538 5658 7128 564 3883 7810 2261 6622 9577 3039 5165 7253
26 2824 6223 157 5632 1202 4377 8922 2237 5254 8584 2867 8252 1313 4698 8013 2648 4638 9822 2525 5338 8918 3155 5854 817 4186 7699
26 2848 6503 787 5258 7669 1639 5685 2339 5689 8869 1713 6136 8927 2258 5314 838 4204 7195 211 4676 9548 6337 8602 3615 6163 9800
26 2851 3830 6942 8215 4637 9808 2184 8016 816 5210 9108 3084 8249 2311 5917 258 5881 9154 2908 4220 6784 1917 8370 1893 5553 8774
28 2852 6454 1052 3675 7184 738 5649 9729 4111 6256 9355 3201 6442 8802 2552 6276 9222 5045 9415 2121 5246 6899 1808 6553 177 3401 4936 8964
28 2858 4735 7003 7878 2459 6308 9242 1166 6826 2963 5837 8188 740 5650 9394 3286 6962 9700 4496 7391 1042 5719 9314 3373 8116 1315 4853 7299
26 2883 7732 2964 6680 9627 4727 9245 3970 9368 2888 7134 698 4251 6032 2620 5513 9078 3882 9439 1156 4548 7112 8916 618 5903 9635
27 2891 7694 9062 3130 8466 2735 6624 9546 2332 6266 9555 2280 485 4143 8349 602 4908 8912 2015 6215 8839 1766 5276 1950 3410 6955 9631
28 2900 4547 8323 2047 5476 9613 2695 6429 9448 5132 6892 9803 3650 5744 9007 3364 8357 1276 4921 7856 1942 3399 6708 856 6153 8257 2428 7558
31 2903 4381 7224 9501 2017 4096 6419 8951 1882 4338 8406 1926 6845 9590 2715 6908 9876 1677 6230 9175 2067 6768 1193 4051 7452 370 3598 7252 874 2802 8051
28 2905 4013 7913 1751 4866 284 3871 8438 2481 6197 9158 3274 5712 8049 2949 8717 1928 5148 8962 3668 5742 1281 3859 5835 9174 1531 3898 7260
30 2907 6538 9321 405 3811 6707 513 3196 6396 191 3484 6081 105 1305 3994 6948 2318 3997 8253 3059 8259 764 3916 9327 4082 5418 913 4119 6633 9521
29 2915 6835 1463 4001 8743 1489 3605 5405 8450 2586 7398 1773 3713 8793 1949 4994 9291 2225 4140 7447 9198 1314 5108 354 2853 6064 8530 2373 7257
29 2943 3593 7552 1748 4708 8475 981 4042 8441 514 3502 7448 977 4944 8798 3948 6925 9661 3497 6882 8418 3750 6743 649 4964 7440 1205 3849 7970
29 2950 4008 8592 1063 5176 751 3254 6759 9991 4300 9583 2410 8307 3922 7797 1158 4595 8138 1619 5263 7309 7754 1022 2865 5755 8032 1703 4553 7608
31 2969 5134 7940 2310 3425 8052 2370 7373 3474 5904 8913 1236 5525 6816 9798 2453 7404 930 3706 7286 9675 3261 5344 8133 450 1455 4871 6928 92 3477 7379
26 2991 5894 9302 4607 8921 3169 7816 1972 5411 1515 6808 9693 4460 7211 2113 5768 9373 2498 5387 7247 2062 6304 9063 1565 5179 9261
32 3003 4565 6992 259 4214 216 3317 6129 8556 1031 2863 9109 2387 4241 8783 1906 4761 7473 9264 2536 6507 9255 3411 5385 8217 122 2812 6584 8748 2815 6206 8729
29 3007 7902 1469 5057 8587 1779 7273 9722 2475 4152 8669 1971 4443 8606 800 5849 837 5040 9608 2438 4722 8424 2085 3617 6933 708 3658 6699 9447
30 3017 5139 111 5347 8967 3225 5400 8999 4005 8254 2226 4087 6164 187 2733 5316 9703 3486 5695 9685 2965 7232 379 2753 3433 7967 1931 4102 6915 9751
27 3022 4291 7199 1413 4972 9758 3692 8135 6012 400 4552 8284 2934 7519 9556 2961 5965 9993 2736 4141 7821 1849 5096 7432 815 2810 7431
27 3047 6704 9004 2906 5111 719 2236 7845 1415 5242 7864 9853 4744 6420 9124 2798 6606 1750 6004 9024 4237 8517 2120 5603 712 4739 8771
30 3072 5565 8641 2083 4996 8583 710 3876 7594 771 5891 8931 733 5942 7338 1259 3816 7088 8945 1067 5000 8407 2727 6864 188 6682 799 3639 5587 9486
27 3094 4930 8071 1731 6609 8965 3995 7875 1453 5816 8981 2317 6660 9345 1521 4794 7683 2383 6389 9263 3191 7561 576 3691 7450 3544 8601
26 3095 6565 139 3393 5979 58 3386 8599 4149 7194 961 3821 293 3045 6578 1523 6818 9945 3587 7996 2301 4560 9388 2734 5279 9495
31 3131 4061 6307 9890 1334 4044 8746 1570 5746 8503 1153 4448 6870 9704 6688 8313 2207 4863 7353 857 3214 6310 9719 3729 5486 9418 2528 7000 2344 5789 9145
31 3134 6770 1109 3953 7123 9678 2700 5825 346 3586 8472 147 2324 3524 7356 118 2070 6339 9724 2914 5128 7598 3344 6416 275 3043 6426 9084 2186 3998 8384
26 3144 3949 6904 9881 3824 8074 9 5311 9238 2514 6724 9572 5224 9009 3492 5814 8500 3309 6220 1061 6923 3066 7771 146 3231 8008
28 3158 4211 7256 8644 3138 6711 1148 4482 9105 1692 5419 9089 617 5554 911 5234 7408 843 5882 1116 4202 8487 2111 5024 7803 892 5237 7761
27 3167 5729 1135 3912 6723 9304 5328 7034 9914 7040 438 3300 7221 1028 5453 8000 1183 3732 6907 2608 4711 9658 647 5458 7995 3563 6559
30 3172 4194 6780 8444 2880 6051 234 3087 5857 7653 1721 2814 8334 524 4201 376 3511 9046 2074 7585 3038 5567 7832 1350 5301 9077 2052 4003 6397 9642
28 3202 4662 9499 3133 6133 217 4728 7868 1517 4656 93 1980 6686 1601 5318 9182 2408 6033 9562 3404 6072 7964 2869 7161 957 4076 6070 9977
27 3209 3885 7673 1509 5212 9855 3654 5604 233 3703 7591 1729 4615 7776 9478 2782 5487 963 4872 8428 2850 7004 1666 5943 465 5271 9021
28 3216 7019 1842 5366 7692 3557 7310 2941 6101 7767 35 4549 8547 2351 6914 9840 4021 7619 692 4072 6656 7831 1206 3880 6811 9873 4374 7865
27 3232 6706 664 6670 2172 5321 7008 955 4471 6889 9913 3192 7597 3676 7382 389 4715 7070 215 3136 7142 8088 1237 5948 9847 3894 7023
28 3247 4177 8026 1596 4136 6321 7536 2355 8814 2131 4053 8156 2506 7573 1280 5397 9786 3456 6757 609 5868 108 2629 5738 9349 1072 5348 7899
29 3253 6720 1069 3522 7054 9971 4183 8278 1542 4915 7615 2233 6076 9452 4730 8917 3064 4357 6102 9425 1696 5960 9456 1774 5651 9064 2728 4758 6287
30 3259 6169 829 3448 6863 643 5716 8421 1562 4259 6643 190 3741 7057 864 2899 4821 7210 9234 3005 7066 272 5815 9197 2304 4041 8398 1083 3478 6593
29 3268 3737 8162 1456 5216 9171 3171 7119 9622 4156 7140 1868 5035 8542 2488 6472 8446 1756 6182 9605 4468 7049 9919 3417 8897 976 4398 6824 9975
25 3276 5474 8845 5637 1033 4408 8716 123 5555 352 3421 7192 599 3663 8994 2127 4922 8878 3599 7419 1129 6533 9901 3262 8338
29 3279 6940 9436 4098 7530 2962 6418 120 1528 4320 6512 311 3721 8519 1165 3930 7436 991 4834 8385 1624 4894 9247 3347 6599 7768 1549 4585 8892
28 3297 5277 7527 640 3510 6278 900 5214 97 5264 985 4170 9561 5545 7863 2490 6243 7866 2098 5786 100 3582 5989 9337 2414 4554 7231 9866
30 3322 4747 8091 2797 5739 7852 762 3000 8048 3356 7207 1002 4310 6950 679 3446 5248 9794 2996 5218 8511 1430 5671 7869 3530 7075 411 2987 7975 9250
28 3325 5160 8609 2532 6837 2307 5522 8139 2330 6255 8136 2109 4857 7632 478 3951 9168 3258 6338 1150 4578 7994 2326 4295 7041 2173 3782 9922
29 3332 5515 14 2162 5883 8718 695 5197 6556 3784 5054 350 3552 7513 1184 2429 5549 542 5039 8127 225 3716 7113 775 3982 9022 1421 4418 7165
30 3334 6847 8808 288 4116 8015 2287 6331 826 3011 7068 9766 1145 5343 156 1690 4162 5734 9581 3257 6437 765 4344 9194 3971 5552 7696 1772 6563 9268
26 3338 5459 8526 3494 8002 2033 7149 1320 4635 8433 958 5481 8478 1982 5978 601 4278 8901 2847 6761 2790 5099 9372 2056 4392 7586
28 3379 3644 7423 1394 4617 9277 2013 6370 9760 3222 6252 9806 3877 52 5191 8069 366 3213 6876 1178 3550 7198 9086 1635 4146 8109 2044 6078
23 3380 6067 8447 3023 8614 4020 9551 6860 8544 2216 8764 2670 5896 9620 4056 7870 2917 4612 345 4577 8098 2477 6515
29 3382 5985 8266 1338 5193 8484 9982 3757 6964 2037 7116 9832 2945 6959 8442 9659 4588 6341 8849 749 2510 6773 2772 6395 1975 4249 9502 2929 7141
29 3405 7617 171 3908 7986 1555 5089 6541 268 3324 6299 155 4545 7102 344 2749 6365 172 2761 5294 7649 47 5737 680 4750 6496 9615 3863 7222
30 3409 5697 7730 1295 4123 8813 4440 8632 3470 7144 9408 5802 8121 3463 6137 8375 1605 5401 7451 127 3159 4246 7762 1410 4650 7572 535 4425 6548 7576
27 3430 7618 3148 7035 1001 5575 8979 2115 7560 23 2170 7264 1333 4695 8340 2822 5005 9211 2978 6211 1162 5299 9836 2076 2927 6099 9576
26 3436 8358 1168 3369 8889 2975 8509 2174 9753 3234 7275 1126 2866 5275 1108 3640 8369 1981 3954 6877 1114 4937 7200 907 5426 9867
29 3455 5699 7894 2393 5032 7822 2259 4063 6497 8872 3469 8100 4199 7541 173 4754 8730 948 6731 8623 9955 4279 8594 2058 4571 7973 2021 5445 9216
