3 221 269 49
3 216 235 231
4 167 146 250 293
3 0 27 67
4 234 86 55 211
3 36 22 206
2 180 138
3 33 115 46
3 179 98 274
3 65 191 289
3 116 291 9
3 296 82 31
4 168 128 35 94
3 54 248 229
3 34 50 100
4 108 29 238 208
3 85 101 173
3 275 6 215
3 87 160 97
3 41 190 77
3 184 3 205
2 164 271
2 249 131
4 99 281 76 240
2 212 176
3 110 207 30
3 88 201 270
3 75 298 149
3 103 163 152
3 80 93 265
3 72 239 145
3 4 14 181
3 8 109 264
4 7 39 139 37
3 294 268 242
3 148 243 52
4 134 121 182 169
3 162 118 17
3 259 199 69
3 159 90 262
4 286 277 124 153
3 246 158 141
3 299 53 223
3 203 147 279
3 24 188 196
3 133 254 155
3 210 28 154
3 62 295 194
3 161 241 280
3 127 26 20
4 13 122 5 143
3 260 195 47
2 276 81
3 136 282 247
3 220 177 59
3 92 236 186
3 95 111 135
4 58 174 255 84
2 137 42
4 290 202 51 165
3 227 172 83
3 193 96 142
3 15 237 233
4 218 64 45 120
3 273 185 2
2 150 287
2 285 106
3 225 23 189
3 107 157 12
2 74 48
3 144 197 175
4 56 284 66 151
4 105 244 228 183
2 18 114
3 171 204 256
3 187 170 71
4 263 214 78 132
2 38 11
2 63 16
3 125 73 123
2 156 25
2 261 89
3 60 217 43
3 200 253 297
2 57 10
3 19 117 126
3 198 68 251
2 213 1
4 267 61 266 178
4 44 32 192 257
3 129 102 272
3 79 140 252
2 245 292
2 226 112
3 21 209 219
4 113 230 70 278
3 224 40 104
4 91 222 119 130
3 232 283 288
2 166 258
