49 0 124 173 253 364 455 576 644 651 794 856 945 1069 1104 1197 1283 1348 1397 1471 1529 1615 1745 1826 1936 2007 2088 2194 2281 2323 2388 2467 2529 2654 2739 2812 2887 2983 3038 3076 3150 3216 3306 3385 3495 3568 3637 3738 3808 3867
50 1 146 230 261 393 513 577 674 764 850 930 994 1099 1151 1243 1317 1398 1477 1590 1696 1772 1861 1928 2015 2063 2123 2190 2263 2352 2416 2555 2617 2669 2711 2785 2875 2930 3007 3068 3117 3174 3242 3352 3440 3511 3569 3667 3767 3874 3918
49 2 148 195 247 380 467 565 687 740 844 947 1015 1128 1218 1253 1312 1416 1469 1562 1630 1688 1732 1825 1894 2020 2110 2166 2255 2313 2390 2491 2567 2620 2696 2756 2807 2860 2921 2970 3062 3190 3321 3399 3467 3557 3647 3731 3794 3872
49 3 158 231 318 386 429 507 573 666 768 835 908 973 1028 1102 1190 1274 1336 1392 1528 1650 1704 1773 1871 1924 2021 2085 2156 2256 2314 2455 2531 2582 2610 2660 2760 2862 2914 2954 2999 3057 3131 3253 3361 3442 3566 3652 3742 3865
45 4 89 249 312 410 503 614 684 789 867 960 1034 1115 1192 1299 1404 1492 1556 1620 1725 1813 1906 1996 2084 2184 2279 2363 2409 2506 2615 2684 2742 2817 2939 2984 3109 3196 3299 3372 3452 3538 3600 3679 3768 3830
50 5 126 185 273 330 458 535 634 724 802 868 944 985 1035 1101 1236 1311 1406 1453 1506 1601 1669 1755 1827 1882 1942 2031 2144 2222 2331 2403 2516 2607 2681 2741 2865 2934 3042 3114 3152 3258 3355 3446 3489 3591 3627 3706 3750 3801 3876
44 6 117 233 345 448 500 584 661 765 861 992 1077 1155 1212 1306 1422 1526 1662 1749 1846 1917 1997 2083 2213 2309 2357 2451 2525 2593 2682 2705 2790 2912 3026 3069 3172 3246 3366 3464 3558 3648 3720 3845 3890
48 7 149 255 288 352 434 546 640 702 822 907 1019 1110 1186 1251 1346 1429 1490 1519 1600 1681 1744 1822 1874 1968 2070 2208 2294 2384 2462 2503 2569 2634 2733 2802 2835 2938 3027 3165 3256 3329 3396 3458 3541 3653 3707 3787 3926
52 8 102 201 282 378 454 504 637 733 785 886 966 1014 1093 1158 1215 1293 1345 1417 1475 1524 1635 1707 1788 1833 1905 1993 2116 2267 2333 2460 2511 2570 2624 2695 2761 2864 2926 3040 3097 3171 3225 3308 3377 3456 3496 3555 3583 3672 3776 3847 3895
48 9 170 251 331 394 476 583 700 776 887 1008 1076 1161 1235 1296 1362 1431 1520 1585 1671 1776 1814 1869 1961 2024 2108 2169 2217 2289 2369 2436 2495 2601 2661 2752 2867 2935 2981 3086 3168 3210 3357 3443 3501 3592 3685 3771 3850
54 10 98 190 259 328 412 493 594 642 717 775 876 938 990 1072 1173 1205 1258 1353 1426 1511 1582 1618 1682 1753 1834 1949 2017 2068 2127 2245 2327 2430 2500 2562 2623 2728 2782 2831 2885 2956 3016 3070 3122 3198 3266 3332 3460 3561 3614 3728 3751 3816 3904
46 11 160 211 306 369 411 508 560 626 704 734 841 924 1031 1172 1238 1318 1435 1535 1648 1737 1816 1938 2029 2128 2285 2382 2424 2512 2577 2640 2721 2777 2863 2948 3067 3137 3232 3351 3414 3502 3598 3650 3727 3823 3885
46 12 143 262 342 407 462 548 628 703 769 816 902 957 1051 1134 1200 1315 1419 1496 1569 1612 1697 1783 1872 1958 2076 2155 2261 2347 2418 2479 2564 2655 2744 2823 2891 3000 3064 3183 3333 3436 3579 3649 3721 3804 3899
45 13 90 177 242 309 358 431 532 608 667 773 873 963 1042 1124 1177 1248 1412 1501 1583 1670 1775 1867 2002 2124 2201 2297 2396 2422 2484 2576 2726 2811 2944 3010 3063 3147 3192 3269 3346 3453 3573 3691 3782 3863
46 14 112 226 286 379 465 543 648 696 832 909 984 1092 1142 1191 1284 1433 1474 1546 1603 1699 1774 1857 1966 2039 2113 2192 2273 2358 2404 2551 2606 2719 2776 2886 3009 3093 3201 3317 3428 3486 3576 3631 3741 3835 3908
45 15 162 257 349 419 559 639 712 778 901 975 1058 1123 1203 1289 1359 1415 1491 1543 1597 1675 1765 1862 1932 2006 2149 2198 2339 2442 2530 2650 2820 2897 2958 3072 3123 3200 3238 3298 3421 3527 3625 3719 3857 3925
50 16 135 205 256 332 383 436 567 694 821 959 1049 1103 1164 1261 1341 1402 1440 1523 1596 1667 1782 1852 1925 1959 2034 2115 2152 2203 2265 2319 2400 2449 2563 2571 2632 2747 2834 2892 2942 3020 3111 3223 3287 3408 3519 3599 3724 3813 3882
51 17 123 202 244 337 392 477 550 632 706 800 906 1018 1100 1160 1204 1270 1383 1432 1499 1581 1633 1705 1760 1866 1956 2005 2050 2135 2241 2364 2461 2546 2646 2700 2808 2846 2901 2974 3059 3151 3231 3311 3369 3416 3514 3617 3676 3730 3800 3858
48 18 108 223 316 373 423 540 636 758 847 941 982 1061 1133 1222 1297 1382 1479 1587 1655 1734 1778 1841 1954 2045 2122 2224 2296 2379 2441 2566 2609 2690 2770 2849 2990 3084 3148 3193 3249 3343 3423 3493 3580 3646 3746 3811 3873
47 19 125 197 307 395 466 572 708 763 826 882 921 1004 1050 1163 1227 1381 1522 1576 1641 1716 1815 1886 1972 2060 2138 2214 2307 2454 2538 2630 2723 2784 2869 2923 2995 3071 3142 3186 3268 3342 3469 3548 3673 3739 3763 3851
47 20 140 189 305 404 481 591 617 729 808 885 949 1022 1113 1178 1265 1295 1373 1449 1550 1629 1715 1798 1913 1992 2082 2174 2258 2343 2453 2565 2663 2729 2836 2978 3090 3110 3135 3208 3254 3373 3402 3498 3585 3717 3792 3883
51 21 106 216 260 338 471 529 601 722 797 860 939 1010 1095 1153 1233 1328 1408 1473 1575 1614 1726 1785 1896 1965 2077 2162 2232 2259 2346 2407 2478 2579 2678 2758 2825 2872 2940 3035 3116 3179 3234 3314 3389 3450 3529 3578 3701 3780 3826 3902
51 22 81 134 265 362 432 509 580 646 713 798 874 954 1045 1127 1184 1239 1272 1332 1439 1509 1558 1605 1677 1738 1844 1948 2069 2134 2207 2302 2355 2398 2443 2557 2651 2697 2796 2853 2919 3030 3100 3164 3277 3335 3472 3530 3581 3712 3791 3896
47 23 114 212 292 377 459 555 605 672 737 859 936 1044 1132 1237 1321 1385 1484 1572 1668 1789 1880 1943 2030 2106 2206 2322 2395 2476 2554 2652 2724 2806 2879 2955 3081 3098 3191 3261 3328 3383 3437 3588 3655 3736 3862 3892
51 24 129 169 222 299 387 472 545 615 707 774 854 929 1005 1079 1166 1275 1363 1425 1512 1604 1684 1759 1837 1921 1962 2014 2102 2164 2288 2362 2438 2475 2568 2649 2753 2809 2895 3032 3074 3143 3213 3324 3400 3487 3567 3642 3699 3753 3846 3901
49 25 96 194 294 356 441 510 562 620 680 786 845 919 977 1091 1195 1316 1437 1527 1638 1695 1817 1851 1963 2008 2101 2163 2216 2266 2359 2514 2578 2668 2699 2768 2868 2916 3019 3139 3228 3345 3387 3474 3532 3594 3683 3758 3820 3903
50 26 82 176 283 361 435 505 622 660 741 827 890 983 1065 1176 1242 1302 1365 1418 1514 1606 1709 1777 1859 1910 1981 2057 2120 2171 2220 2270 2351 2448 2535 2588 2639 2737 2803 2877 2991 3099 3245 3296 3431 3506 3626 3737 3790 3837 3920
48 27 139 192 277 389 446 521 663 784 879 952 1030 1094 1169 1196 1257 1364 1458 1510 1589 1694 1848 1899 1983 2046 2125 2212 2251 2356 2412 2510 2633 2687 2751 2838 2959 3066 3130 3206 3259 3319 3384 3516 3593 3682 3734 3832 3897
50 28 97 153 254 333 398 490 531 600 723 772 848 931 1003 1078 1147 1223 1303 1378 1463 1518 1586 1647 1723 1781 1865 1914 2028 2151 2226 2290 2393 2473 2547 2613 2722 2779 2907 2987 3105 3197 3270 3349 3403 3480 3582 3657 3772 3824 3915
48 29 142 213 319 413 537 621 678 770 851 942 993 1073 1179 1286 1368 1476 1521 1659 1733 1790 1900 1977 2051 2114 2219 2280 2405 2501 2533 2560 2626 2701 2780 2859 2899 2979 3073 3173 3305 3379 3473 3521 3613 3694 3781 3843 3907
49 30 163 227 324 401 492 547 633 690 751 838 923 991 1063 1194 1262 1340 1396 1530 1613 1674 1718 1769 1843 1950 1991 2052 2147 2237 2304 2368 2444 2527 2618 2709 2841 2977 3055 3175 3241 3282 3392 3441 3535 3595 3632 3770 3825 3900
48 31 155 235 302 359 439 495 599 658 728 817 926 1053 1121 1180 1263 1329 1394 1480 1568 1700 1796 1892 1933 2000 2140 2209 2286 2349 2425 2496 2574 2692 2772 2837 2913 3005 3048 3083 3153 3274 3336 3449 3504 3609 3702 3795 3844
51 32 122 183 236 268 343 424 523 649 749 830 911 967 1054 1143 1208 1277 1355 1462 1539 1602 1708 1779 1868 1957 1986 2059 2118 2188 2282 2361 2463 2508 2591 2707 2804 2880 3021 3115 3133 3247 3293 3367 3434 3517 3570 3643 3733 3785 3818 3909
55 33 92 164 207 278 304 385 478 520 598 669 738 792 875 951 1025 1068 1140 1226 1304 1386 1448 1460 1536 1608 1672 1758 1839 1898 1974 2040 2112 2200 2253 2328 2417 2556 2671 2743 2773 2883 2933 3004 3080 3154 3224 3313 3368 3445 3537 3574 3629 3692 3777 3842
48 34 121 174 203 314 414 474 491 551 602 650 714 805 878 989 1037 1108 1185 1301 1389 1470 1547 1658 1729 1853 1969 2065 2146 2204 2299 2381 2447 2523 2629 2749 2843 2931 3045 3160 3250 3330 3412 3465 3499 3596 3661 3773 3866
51 35 130 225 320 336 405 483 526 619 691 788 858 964 1056 1119 1181 1271 1344 1414 1502 1578 1645 1701 1807 1840 1864 1887 2012 2096 2227 2268 2348 2413 2469 2526 2605 2694 2765 2857 2947 3078 3159 3220 3294 3363 3479 3544 3618 3747 3784 3875
47 36 95 157 248 388 452 517 612 681 803 871 922 979 1064 1122 1219 1339 1411 1495 1628 1724 1819 1889 1964 2061 2137 2186 2242 2344 2421 2518 2586 2689 2720 2810 2873 2964 3088 3126 3169 3273 3359 3438 3554 3645 3754 3869
49 37 152 224 270 326 381 438 485 561 630 718 820 888 981 1107 1187 1246 1313 1384 1403 1504 1574 1673 1735 1829 1927 2037 2133 2262 2325 2406 2492 2575 2665 2715 2856 2932 2982 3094 3219 3288 3344 3433 3509 3630 3725 3762 3836 3929
52 38 85 180 228 323 397 487 557 611 656 744 811 896 976 1083 1098 1182 1249 1333 1400 1459 1573 1621 1706 1751 1850 1915 1999 2087 2161 2252 2326 2410 2480 2532 2594 2675 2735 2786 2855 2918 2968 3054 3146 3237 3310 3411 3508 3606 3689 3743 3838
50 39 88 141 196 279 329 408 522 595 668 779 853 917 968 1023 1120 1202 1241 1285 1324 1372 1516 1617 1685 1791 1891 1935 2025 2117 2175 2287 2380 2468 2534 2616 2693 2763 2787 2893 2943 3022 3119 3260 3375 3451 3612 3690 3740 3799 3886
50 40 105 181 252 298 365 406 484 544 655 762 833 894 969 1059 1139 1225 1308 1360 1444 1507 1552 1623 1719 1794 1946 1989 2081 2168 2230 2330 2437 2489 2559 2666 2774 2889 2967 3077 3157 3243 3300 3393 3468 3503 3571 3633 3711 3766 3860
49 41 167 274 327 371 440 498 587 652 745 814 880 962 1090 1199 1334 1409 1452 1515 1642 1687 1771 1878 1947 2011 2094 2158 2240 2371 2433 2536 2604 2679 2727 2822 2960 3039 3120 3167 3272 3304 3358 3415 3543 3641 3703 3805 3831 3911
49 42 94 165 266 348 426 511 589 695 781 872 912 1001 1066 1131 1220 1309 1361 1430 1534 1625 1702 1767 1824 1907 2048 2139 2225 2337 2415 2488 2599 2673 2754 2830 2888 2951 3014 3096 3170 3244 3278 3340 3413 3490 3610 3693 3793 3921
44 43 87 175 301 370 457 541 596 654 791 904 971 1032 1086 1148 1250 1310 1369 1446 1549 1666 1742 1828 1953 2091 2181 2249 2338 2466 2558 2647 2788 2936 3031 3145 3207 3323 3339 3497 3589 3671 3715 3856 3914
47 44 136 264 354 415 515 610 692 715 815 897 1000 1116 1162 1240 1320 1358 1455 1593 1631 1713 1752 1803 1884 1923 2032 2086 2197 2306 2431 2573 2641 2706 2771 2904 2966 3051 3166 3226 3316 3388 3462 3536 3640 3686 3803 3887
48 45 109 219 276 363 486 579 653 725 828 925 986 1024 1117 1281 1352 1468 1542 1634 1692 1809 1902 1952 2075 2131 2223 2318 2383 2452 2519 2598 2672 2745 2818 2878 2986 3041 3195 3271 3280 3380 3447 3512 3597 3664 3759 3833 3889
47 46 115 182 284 376 480 539 698 771 818 864 920 999 1081 1144 1207 1247 1330 1380 1445 1540 1591 1727 1808 1912 2035 2098 2185 2275 2360 2428 2548 2590 2670 2766 2884 2985 3107 3180 3257 3334 3470 3524 3605 3675 3765 3854
52 47 128 198 281 357 437 558 592 721 807 891 978 1060 1152 1255 1327 1405 1442 1494 1571 1640 1686 1756 1832 1877 1979 2009 2054 2126 2176 2305 2377 2471 2543 2581 2667 2736 2769 2851 2929 3008 3091 3209 3292 3331 3405 3483 3552 3622 3695 3752 3817
47 48 104 179 310 350 416 506 566 638 711 790 946 1040 1129 1216 1325 1420 1478 1598 1657 1711 1838 1893 1960 2027 2073 2183 2247 2324 2435 2504 2583 2676 2750 2902 2961 3058 3162 3212 3265 3353 3432 3515 3564 3624 3757 3877
49 49 110 178 218 303 427 518 586 671 760 831 935 988 1027 1114 1259 1370 1423 1457 1557 1639 1747 1792 1918 2004 2103 2172 2257 2334 2429 2505 2611 2759 2839 2910 2971 3036 3101 3188 3263 3348 3381 3435 3526 3545 3619 3714 3807 3927
48 50 103 161 258 325 403 516 588 647 731 825 895 1011 1106 1210 1298 1366 1434 1564 1665 1768 1820 1890 1951 2042 2100 2177 2228 2345 2481 2552 2614 2734 2829 2953 3025 3158 3199 3255 3291 3382 3466 3553 3628 3708 3802 3864 3912
46 51 116 238 321 399 512 604 662 726 804 862 915 1029 1130 1244 1323 1393 1498 1567 1643 1741 1842 1934 2018 2150 2248 2298 2354 2419 2540 2643 2755 2866 2963 3024 3102 3144 3182 3252 3297 3378 3481 3562 3669 3760 3879
50 52 118 215 315 374 461 553 631 716 795 913 997 1084 1167 1209 1268 1356 1407 1482 1548 1584 1649 1678 1750 1801 1922 2022 2092 2170 2260 2385 2445 2515 2612 2685 2805 2858 2924 2994 3050 3217 3290 3360 3406 3518 3560 3634 3723 3812 3884
47 53 137 191 280 433 496 563 625 688 757 813 881 1006 1062 1150 1228 1337 1447 1555 1698 1764 1858 1920 2038 2095 2145 2187 2250 2335 2432 2474 2553 2625 2764 2861 2957 3043 3121 3187 3320 3430 3488 3563 3616 3716 3778 3913
48 54 119 217 293 409 463 497 570 705 761 855 900 995 1067 1112 1234 1291 1421 1500 1607 1691 1806 1879 1978 2071 2157 2221 2277 2370 2465 2522 2619 2702 2775 2828 2890 2945 3012 3112 3176 3276 3386 3459 3547 3620 3687 3806 3878
43 55 166 246 347 468 568 657 736 799 846 928 1021 1157 1221 1319 1454 1508 1609 1740 1835 1916 2019 2119 2182 2244 2392 2497 2603 2708 2794 2882 2950 3028 3106 3184 3222 3326 3422 3534 3654 3749 3839 3891
49 56 91 188 240 313 396 473 542 659 743 889 937 1026 1165 1267 1342 1428 1503 1570 1663 1743 1870 1971 2036 2062 2148 2199 2310 2391 2440 2485 2502 2602 2644 2748 2813 2908 3011 3087 3204 3295 3364 3463 3520 3604 3668 3761 3814 3871
51 57 83 145 237 285 339 456 533 593 699 748 819 916 1047 1136 1214 1278 1371 1505 1594 1626 1683 1748 1856 1940 2044 2141 2202 2269 2342 2414 2490 2541 2636 2712 2799 2844 2911 3044 3140 3185 3281 3301 3354 3417 3505 3608 3666 3748 3815 3881
46 58 101 204 267 375 449 574 645 730 806 869 956 1048 1159 1279 1388 1486 1551 1619 1689 1770 1903 1980 2049 2109 2178 2239 2293 2350 2420 2494 2545 2659 2791 2894 2976 3033 3129 3275 3390 3475 3601 3651 3710 3841 3898
47 59 93 172 232 366 464 575 682 759 865 961 1046 1137 1217 1288 1375 1488 1545 1611 1720 1793 1885 1976 2058 2159 2264 2320 2372 2483 2550 2622 2645 2738 2821 2896 2969 3056 3104 3181 3240 3325 3457 3542 3611 3684 3786 3852
53 60 138 234 289 351 428 514 629 677 752 783 849 927 1016 1055 1105 1229 1294 1410 1493 1560 1652 1731 1800 1873 1995 2055 2154 2193 2210 2236 2303 2378 2426 2517 2592 2683 2767 2842 2920 2996 3047 3113 3214 3302 3374 3394 3476 3551 3658 3722 3861 3924
49 61 150 200 263 322 417 451 488 603 673 766 837 934 1013 1126 1211 1357 1456 1559 1610 1722 1818 1911 1994 2043 2093 2205 2246 2284 2332 2401 2493 2539 2628 2731 2795 2847 2925 3034 3118 3141 3233 3338 3404 3559 3635 3709 3798 3894
47 62 144 272 335 469 556 641 727 780 823 899 987 1082 1096 1156 1264 1354 1450 1532 1580 1661 1757 1854 1970 2016 2132 2254 2301 2375 2458 2580 2713 2801 2827 2917 3006 3103 3235 3312 3350 3401 3454 3546 3639 3718 3819 3917
47 63 154 269 384 447 578 627 686 810 877 950 1033 1109 1224 1322 1377 1461 1579 1676 1802 1875 1919 1982 2090 2243 2341 2427 2464 2537 2637 2703 2793 2870 2941 3013 3061 3085 3163 3267 3327 3395 3513 3577 3636 3704 3809 3868
47 64 156 210 296 368 460 552 635 754 824 933 1071 1175 1245 1387 1485 1577 1651 1721 1786 1855 1937 1998 2072 2111 2238 2308 2394 2482 2544 2627 2704 2783 2854 2937 3017 3082 3177 3215 3307 3418 3492 3584 3674 3756 3821 3919
51 65 168 275 400 443 528 609 709 793 840 932 996 1149 1206 1280 1338 1413 1561 1616 1690 1787 1863 1895 1939 2026 2080 2142 2211 2272 2365 2457 2521 2585 2714 2778 2852 2927 2992 3049 3149 3205 3262 3376 3419 3494 3556 3656 3705 3769 3829 3888
50 66 107 209 341 382 453 534 701 742 809 863 953 1038 1125 1213 1276 1335 1427 1489 1541 1636 1703 1797 1881 1941 2003 2099 2234 2340 2459 2509 2589 2680 2757 2819 2898 2972 3023 3134 3194 3284 3362 3425 3461 3500 3607 3678 3713 3764 3870
51 67 186 245 290 390 479 585 710 782 843 905 1007 1087 1183 1292 1331 1401 1465 1531 1637 1693 1763 1810 1888 2013 2129 2167 2231 2353 2389 2472 2520 2600 2662 2732 2797 2816 2850 2980 3132 3227 3283 3370 3420 3448 3539 3615 3670 3775 3859 3928
49 68 86 171 229 311 422 564 616 664 750 801 852 965 1017 1141 1254 1314 1367 1438 1497 1565 1664 1746 1845 1945 2064 2165 2271 2317 2367 2487 2549 2642 2698 2789 2871 2906 2998 3095 3178 3236 3318 3444 3491 3586 3677 3774 3840 3910
49 69 120 221 287 353 445 519 582 676 735 777 866 910 958 1041 1085 1171 1273 1326 1436 1513 1588 1660 1739 1823 1926 1984 2053 2136 2195 2283 2315 2402 2524 2608 2691 2792 2881 2973 3046 3125 3230 3289 3391 3484 3575 3660 3729 3905
48 70 127 199 300 418 536 569 665 719 767 842 914 1009 1097 1168 1266 1347 1451 1554 1592 1646 1712 1804 1847 1931 2033 2105 2191 2316 2397 2456 2596 2657 2716 2762 2876 2975 3037 3124 3239 3309 3409 3478 3550 3623 3688 3810 3916
49 71 100 151 241 334 391 470 549 623 670 746 834 893 948 1039 1075 1188 1260 1351 1395 1472 1563 1679 1780 1812 1876 1944 2041 2104 2196 2292 2373 2446 2528 2638 2718 2826 2952 2988 3052 3156 3211 3322 3426 3507 3572 3644 3735 3822
46 72 84 159 250 295 367 482 581 697 787 940 1020 1089 1174 1232 1307 1391 1487 1566 1624 1736 1821 1883 1987 2107 2180 2300 2366 2439 2513 2597 2656 2717 2798 2909 3003 3065 3161 3285 3398 3482 3549 3638 3732 3796 3880
48 73 147 184 239 340 444 494 530 613 683 796 857 943 1043 1170 1287 1350 1443 1483 1599 1644 1728 1784 1929 1990 2078 2153 2218 2291 2408 2486 2572 2631 2688 2824 2946 2993 3053 3127 3248 3397 3455 3533 3662 3698 3779 3828 3922
49 74 113 206 344 425 501 525 606 685 739 812 903 970 1052 1118 1189 1282 1343 1441 1538 1653 1761 1836 1909 1985 2047 2097 2121 2235 2276 2336 2423 2499 2674 2740 2781 2832 2905 2997 3079 3155 3264 3337 3429 3522 3663 3700 3755 3848
47 75 133 193 317 402 442 527 597 675 720 836 918 1002 1070 1146 1231 1374 1467 1537 1595 1632 1714 1795 1830 1897 1973 2010 2089 2173 2295 2376 2470 2621 2730 2848 2928 3018 3092 3202 3303 3365 3471 3531 3587 3681 3788 3855
48 76 131 208 308 420 502 590 693 753 839 892 972 1036 1111 1193 1290 1424 1464 1553 1656 1730 1811 1901 2001 2056 2130 2229 2311 2387 2450 2507 2584 2664 2814 2903 2965 3015 3108 3218 3279 3371 3427 3477 3540 3621 3697 3789 3853
53 77 111 214 297 372 450 499 538 624 732 884 974 1012 1088 1138 1201 1269 1349 1390 1481 1544 1654 1754 1831 1908 1967 2066 2143 2233 2321 2411 2498 2595 2648 2677 2710 2800 2845 2922 2949 3001 3075 3138 3203 3286 3341 3424 3510 3565 3680 3783 3834 3906
46 78 187 291 355 421 554 643 755 883 980 1080 1154 1252 1300 1399 1525 1622 1710 1766 1849 1955 2023 2079 2160 2215 2312 2399 2477 2561 2653 2725 2833 2915 2989 3060 3189 3251 3315 3410 3485 3525 3602 3696 3745 3797 3893
46 79 132 243 346 475 524 618 679 756 870 955 1074 1135 1198 1256 1376 1466 1533 1680 1762 1805 1860 1904 1988 2074 2179 2278 2329 2386 2542 2635 2686 2815 2874 2962 3029 3128 3229 3347 3439 3523 3590 3659 3744 3849 3923
46 80 99 220 271 360 430 489 571 607 689 747 829 898 998 1057 1145 1230 1305 1379 1517 1627 1717 1799 1930 1975 2067 2189 2274 2374 2434 2587 2658 2746 2840 2900 3002 3089 3136 3221 3356 3407 3528 3603 3665 3726 3827
