8 48 5746 9805 2896 2660 9482 2402 5559
8 84 5034 1010 57 9712 595 105 5903
11 88 8787 3176 9382 4376 6034 7912 9156 7532 1979 9038
11 187 1438 1489 7373 5892 3270 5344 9836 7715 1561 7806
9 303 6747 9806 9251 64 9272 1364 862 7918
10 474 271 4349 3565 6023 1152 1211 2885 1466 412
7 568 8713 4299 4020 4887 9849 3854
8 677 9820 7804 1324 4400 7503 8229 7305
9 719 5757 7683 146 9242 629 8018 1531 8491
11 837 5572 6836 9795 5291 8167 1109 9222 3394 355 6839
11 1066 8213 5698 9487 7174 1294 2377 3930 9844 3278 5373
7 1178 533 9954 454 3505 1934 1844
10 1209 9402 4164 4920 8747 422 3098 7778 1292 816
6 1315 3608 7152 5837 9962 5441
11 1335 4428 6756 8803 1430 2473 3122 7048 9438 4282 9968
9 1515 400 8254 506 5433 1968 1246 808 6680
10 1543 9452 3317 6567 761 2852 8860 9478 9823 8366
11 1560 8104 6536 1963 8236 853 1846 2477 5619 3210 7809
11 1757 6199 4194 2605 640 1557 2119 1422 1476 2612 8988
11 1900 4387 8203 7446 2916 6480 6589 5899 1429 9687 8534
11 1992 166 150 4703 3542 531 7171 189 8316 402 4343
10 2009 3104 2904 4016 208 4123 8493 2648 1791 8793
11 2135 5875 6450 119 5662 1355 9561 4552 7207 6751 3135
11 2356 9685 200 1655 4613 5495 7916 6716 2095 3314 4406
10 2432 477 5771 5732 4914 1263 867 8033 9208 202
10 2519 8029 3773 4558 3051 6089 826 9822 2048 384
11 2571 8484 661 4875 1755 161 4119 6579 6393 6808 484
7 2581 4405 4986 5374 9641 6067 3752
9 2695 2784 8157 6316 9130 708 7555 2412 2383
11 2920 3245 9503 5829 5054 9100 8973 674 6268 342 9001
7 2949 1024 1218 3783 8937 2578 2053
10 3156 6849 2690 9804 7209 2984 5193 3621 7167 2229
11 3253 5744 4109 419 6764 2178 7096 379 4594 2248 1255
9 3580 1973 5668 4659 8273 1864 5070 2393 959
11 3629 9920 4080 511 4585 8882 7118 2343 8288 2366 6591
9 3696 199 4656 552 3759 2810 6999 1264 612
9 3869 1874 3445 2952 3117 7315 8486 1790 6391
9 4008 2424 1778 3112 4555 7643 6460 6868 3592
8 4078 5393 5480 5724 5603 2842 1541 2479
8 4094 6654 8967 7411 8245 5451 3782 4654
11 4309 9649 8786 7602 2967 2464 8523 1098 6932 272 9362
10 4377 7287 3024 5920 7787 2180 6967 9763 7414 8814
10 4435 3329 47 7698 1496 4958 3622 9238 4209 4394
9 4525 1883 3424 9744 6498 633 2979 2453 1376
9 4839 2603 7585 9286 2442 5036 7282 2866 5201
10 5018 3147 3375 2000 617 1311 5679 2164 8182 2037
9 5137 3073 9735 8445 2044 4858 3754 15 3454
10 5299 6123 874 7876 5351 92 9394 5310 4907 310
9 5335 8965 3398 8671 5701 3648 3499 7726 4772
11 5440 8736 2915 2973 9512 8112 5695 2128 8296 5394 1810
10 5868 6851 5541 4666 6402 7278 9101 3798 7508 6864
11 5970 3409 493 6186 5107 5830 8272 715 9623 2468 5041
10 6002 6502 6786 9586 5158 4749 7043 6630 8987 2796
9 6031 8040 1252 6526 7901 3729 1831 5901 6857
9 6252 718 9314 6026 2745 5861 6904 8760 8627
7 6403 4673 9289 8546 8300 7316 7075
10 6412 3384 8198 5182 6615 6762 2505 8956 5998 7383
11 6466 7140 1674 8915 4141 1079 1631 7216 4944 7415 9229
11 6670 4706 530 2399 8219 9065 6132 4398 6907 30 6769
9 6783 8302 409 1628 7246 5366 9019 5256 9574
8 7005 2838 1995 9705 3936 3373 5021 9810
8 7013 5477 3663 1553 7274 7724 5372 2125
7 7109 4836 3119 6989 9249 6905 8598
8 7270 4064 4411 8617 7569 3905 9433 7006
11 7399 5856 8784 2305 5156 376 5088 1725 2035 9701 7940
10 7463 6150 332 4973 9527 1250 9151 7915 7366 5306
8 7475 9046 4112 9927 9655 1220 6885 6722
8 7928 1593 8574 1994 7668 8188 1817 9322
11 7956 5487 8309 9947 4291 5674 6570 3532 8687 3997 9790
7 7965 1838 8978 9769 4029 7284 9377
10 8175 2589 2074 9743 6814 5838 6188 1930 9420 1911
10 8292 7116 3291 2651 9068 6784 1644 2121 1875 880
12 8310 7028 3849 7867 4115 6652 3940 3770 2525 6909 3271 9230
10 8640 7104 1959 8856 922 5124 3785 7197 4939 6157
7 8773 1550 8995 1352 9044 7857 5692
8 9256 4154 8940 3232 120 883 8952 9299
11 9313 6329 5890 3066 3666 1910 6896 7456 5356 1104 1368
11 9393 1630 9274 6942 1729 241 7263 6476 8953 2057 4675
7 9504 4396 2741 7019 2543 4249 2977
9 9707 4208 6879 645 4503 1595 7564 9303 4221
7 9913 2782 8088 6491 1297 7422 3597
10 2465 1228 3603 8419 5428 2385 8694 8413 819 93
11 9976 2641 965 3105 6425 1046 9972 369 2054 8659 8007
10 4379 3459 5535 6634 378 5815 461 4247 1069 5250
10 3607 7320 4935 3200 5511 4450 3290 3867 2192 4072
10 5497 567 2975 318 4940 7535 6237 5033 8312 7659
11 9847 6884 4848 8285 2041 3435 2661 7169 4895 9074 3845
9 8878 1970 4003 5187 7239 4879 4653 4802 5909
10 9752 8262 6208 9557 4024 1441 4356 1309 9992 586
10 2735 4873 9602 4720 7884 3778 5962 9031 3851 7754
10 9084 9595 6003 1503 2409 4017 1415 4776 799 4566
11 7429 726 41 1777 3370 2771 444 6197 4784 1748 7065
11 7657 5359 6765 7567 1175 2033 2706 2072 121 2893 3127
10 4090 7082 3991 7097 5751 1537 9075 542 1176 2444
9 3442 7451 1524 4705 6357 4541 9186 6915 4734
10 5693 8073 3557 7380 4595 5437 6593 2174 2086 7341
9 672 1384 4635 1186 4318 494 3623 979 3225
10 6822 5948 1421 3022 3993 1182 9133 3305 6562 2804
10 4494 1100 8338 2036 4652 1346 8263 523 7145 8918
10 549 8449 481 2112 3807 4990 5803 7984 5907 9474
9 9619 8376 8328 1206 6580 9062 5160 3469 3496
11 1305 1323 9666 4863 2635 572 6213 2556 9837 5302 2309
10 9563 4352 9654 4493 9158 8909 9516 2958 8446 2758
11 6263 3990 6951 5686 8034 9127 5576 1458 7501 9694 6201
10 5192 7471 6296 4404 9179 4403 6279 4965 1248 8901
7 3055 7575 4205 3205 5008 2467 1922
8 1097 5991 2937 8094 1523 508 1393 9754
10 4601 3276 1697 3632 6575 7682 9539 8851 2025 1861
9 9003 9864 6922 9042 9199 3793 6882 5608 1428
10 2247 315 2495 5621 7253 5409 3227 9264 3425 8481
10 2015 4507 6352 3433 8806 546 4397 8103 8502 1688
10 4742 3049 3976 5562 607 1453 7066 4147 7222 3443
10 700 2748 4661 615 5783 9138 643 6243 9624 8186
9 423 3708 1460 3493 6618 7150 509 5725 6806
9 8518 1773 9495 3605 1627 1319 7143 1045 6898
10 1273 6658 7546 9104 6703 3338 4355 8610 3044 7967
10 8731 2788 4815 290 8795 8176 2675 9228 9226 7490
11 6689 5027 2106 1267 6474 6927 7135 374 2867 6379 2241
7 8890 3615 4880 8761 382 3421 9143
8 9514 8024 9255 3614 7642 388 3874 6211
10 2720 2166 1276 596 9341 6247 1168 249 1568 9240
10 7861 739 8979 502 7444 1985 7103 2065 4074 2021
11 3090 658 2293 6265 3114 753 9981 553 4989 6106 6642
10 713 5990 8832 3544 849 4639 9357 1872 9789 8819
9 7936 5887 6818 6638 2126 9928 1912 987 1461
12 6277 7612 3430 448 1601 1245 3775 9964 6367 2206 5329 912
7 203 7434 8191 81 7014 3085 2901
11 5934 4693 8902 6550 6966 896 4477 584 9611 5289 1695
10 6901 9246 3426 8766 9457 6346 3839 5995 6056 4086
10 6815 7020 5369 4246 9071 6078 6956 5809 6416 9298
8 7070 2942 3368 3602 3583 5982 857 624
9 4679 4980 267 7759 1511 2260 1004 9441 8134
11 5445 8425 7792 6473 7579 4862 9900 934 7817 5569 5176
10 1105 3462 8991 2470 3190 4371 9963 7271 7793 196
8 2883 9052 3334 665 3539 716 1539 8721
10 3817 1447 2230 5120 9345 8367 2665 8585 7691 8830
11 9305 3575 2147 2425 3906 6643 1436 8800 3731 9192 6821
11 4059 5213 6068 8448 4297 66 1169 4971 9729 1639 7866
10 1138 3951 9469 1233 6454 7203 1143 9089 4722 1907
11 5324 3005 2957 7580 5620 832 7191 8243 7604 1417 9592
11 1867 5743 1869 5712 5650 1565 4327 5632 4293 3509 852
11 4758 1013 1177 98 1913 4099 691 4163 7474 275 4701
10 311 1904 3842 1884 7856 4888 3133 2568 7407 2737
11 6381 5818 7314 1986 3420 4007 4930 3434 9896 8416 5208
11 2917 3208 8274 417 2250 8298 3451 6094 3895 387 10
9 6706 6877 364 529 8652 254 1179 3584 576
10 7957 4885 3092 9549 1835 4326 3247 4800 4114 9659
10 769 8557 8440 5566 7685 2217 4744 6659 4159 1924
9 519 7188 9306 6255 4657 4481 4070 2374 3432
9 5717 9691 9874 8348 559 3482 1475 3230 5268
11 4071 7553 2455 7557 3220 8529 6066 1943 2043 9584 320
11 606 6662 6206 1843 5779 2551 7745 8981 3946 3476 1448
9 8708 8290 6125 9634 5371 9408 1391 7488 4453
10 3549 2536 442 7870 4245 4021 2368 4584 2264 3761
11 7499 5971 1251 3263 7172 6305 7256 3165 1299 365 5040
10 1776 8566 7465 7662 5228 4034 2790 7234 9106 3308
9 3307 9985 9890 8614 1365 9570 949 2898 9644
10 8477 4781 4184 1640 1201 6648 8151 4588 4104 3963
9 6663 3249 6741 4048 2654 876 4775 9720 4856
11 5235 789 9543 9353 6523 2696 6698 2270 4532 5534 8450
11 5300 699 277 3475 6438 4643 91 3261 5824 2234 6684
10 9409 3236 7638 498 1 85 2640 7812 1504 4167
9 8950 2422 9640 8772 7847 2480 2107 1096 4981
11 3167 2512 3989 9926 4602 7092 921 6082 5550 3811 4472
8 563 4225 2235 100 3784 1768 1785 2034
8 9679 8227 3082 3181 9028 7176 7381 7647
10 768 4255 5212 1949 7479 2406 1455 2921 8160 3722
10 5860 3527 1121 9349 3169 3746 1480 8510 9167 9826
10 8758 5636 989 1102 2482 8737 9284 9526 938 4550
8 8670 5303 8421 6274 8686 7830 6345 2228
10 6916 3655 7631 7226 3879 8876 7988 485 4068 8807
10 9888 8630 873 2352 475 3513 7693 6297 8691 7525
11 6807 6457 3865 4088 1222 6272 2187 821 9639 7749 953
9 2316 1227 4455 6409 7464 74 5076 3173 5163
10 2061 2357 3947 6012 2245 9171 4709 5914 7727 6451
11 5086 1407 4624 3816 5756 2927 7041 2075 8038 5105 8550
11 4058 1651 8351 3938 8042 8037 6013 4969 7822 1598 4263
12 4618 7064 5500 6245 6742 6729 7665 2652 7837 3694 8746 7231
10 7929 842 1363 8637 982 7684 9248 5101 8125 4916
10 7561 3067 428 9871 5453 907 6081 4638 76 1715
9 7401 2297 856 3721 9165 1942 4498 4787 1464
8 2384 2825 6133 7134 7697 1330 8193 7296
10 4855 6139 457 5888 9492 2900 9381 4699 5001 6610
11 273 4984 5282 2856 8155 8030 2386 8257 599 6838 9221
12 6831 8021 3786 5957 2787 2207 5170 7513 7764 4634 6987 4515
9 9325 8739 5295 6771 8854 3530 425 2693 319
7 3444 9935 5983 3970 514 3086 1774
9 5769 1803 1580 2077 7732 8990 8266 4062 9987
10 9140 3029 9385 9702 2323 6251 5260 1259 5481 9838
8 4948 3541 7085 2999 9923 2291 7037 6190
11 8703 2714 5189 4826 9018 657 177 5014 8644 4559 5670
10 117 2233 8370 5955 3453 2831 9265 1700 1051 6515
10 7913 1804 9562 6398 1686 8190 2884 286 6566 3561
11 6695 7186 3572 1223 3058 9872 2304 7941 40 2630 2439
11 7040 4583 6239 6338 2570 6886 9364 7761 4031 8339 4821
10 3855 1113 3830 4250 313 9889 8970 2558 9980 7712
10 3371 2899 3068 5663 381 1762 2954 6850 5635 1771
10 8329 8323 5285 3915 2997 9842 1862 377 8895 3070
9 9675 9406 7428 5090 6000 1106 2591 1981 9508
10 6198 3160 3188 2992 611 7636 5994 9912 8533 3570
9 9449 4421 950 5601 5043 7729 3843 5709 3075
11 4307 696 3396 6749 3502 4063 3531 9612 1197 1584 6306
8 375 3170 720 780 7494 2585 4636 7613
9 1040 7357 9636 846 233 459 524 8928 1061
11 222 8149 8548 5516 3972 225 2076 2045 8407 7680 582
8 1005 3758 2718 5082 4130 3155 6319 2319
9 9550 326 172 4035 8742 2753 147 6041 7949
12 3555 7293 2963 9078 6069 9450 3818 6893 6587 5514 8444 8293
8 1135 9164 6024 3345 2314 193 9881 6036
9 3578 7000 2600 3194 3439 8827 4853 7654 2370
12 5424 7709 4170 4761 830 9538 3958 4331 7907 9632 9882 6253
7 4894 5615 1030 6547 5091 5074 8904
12 920 1406 9267 7572 8989 6705 5866 5400 5915 3862 4456 2375
10 9799 9733 8774 839 8791 5069 5579 4278 1947 3007
11 2559 8489 5710 6711 4629 7548 7010 2395 7516 6134 7149
9 6541 499 8831 8785 7068 7805 3691 4921 4499
11 961 817 9282 8464 2982 3477 5622 3675 1338 4211 8150
8 372 6135 5049 3875 476 5009 7843 21
6 7952 2736 3468 3685 6925 7926
8 3654 3680 4854 2817 9505 4236 1188 2835
7 24 9463 3403 3921 6076 772 6544
9 2869 627 9813 9109 2751 8667 138 6596 7689
11 8962 4437 2198 4285 3319 1845 5169 7445 847 3673 698
7 4637 4537 730 9925 2360 9346 2089
10 4150 6752 5425 6058 1693 127 9952 9054 1787 9015
10 6115 5491 9627 5777 6392 3732 1331 6737 6426 7122
10 3988 190 5006 1326 9681 1232 403 6962 9911 5188
11 5885 8586 6307 1997 7710 751 9684 5298 7498 215 8225
10 541 7210 2118 2132 5656 7276 3609 4884 2246 4085
10 4143 7114 2642 3191 9738 7534 3099 2875 3498 8063
9 6228 7891 3381 2776 156 8869 8820 5630 8126
11 622 6558 9011 2537 4587 1902 7746 1859 4677 281 893
11 1833 1635 3129 4733 4806 8379 5426 5792 7339 2052 1840
10 6961 5808 2711 1518 2333 9761 2240 4828 7931 7389
10 29 8458 7768 7196 2181 2653 6062 8164 3466 3031
11 1664 5113 5996 1908 6856 8173 4366 8542 9950 4224 1656
11 55 3138 9631 9951 1647 4786 7558 3829 7592 2910 9607
10 9523 8459 9559 9297 3616 9832 7816 8631 3986 6104
9 9216 2079 209 951 7994 8118 930 23 8926
11 9283 5387 2511 3108 9620 6216 2857 3203 8645 4767 8097
8 4842 7325 7386 4256 9812 4244 5211 5155
8 2576 2324 608 7236 6293 8306 9268 2645
7 4346 7198 4867 2573 8984 6677 6114
9 1888 6493 3779 9252 6280 9070 5526 2907 9056
11 734 945 6200 2261 7034 9033 990 2115 6178 7998 9155
11 3149 8158 5377 210 895 9710 8695 649 7794 7392 779
9 7119 1852 8588 7690 9610 3215 8719 9859 2104
10 4214 1689 8434 2639 823 3102 843 3735 7493 6389
9 7862 1955 4107 2663 9645 5045 2809 929 6181
10 157 3651 1002 8079 4139 9564 578 4113 6921 8551
9 2986 109 9316 2881 8653 6048 6639 8303 7194
8 297 7846 7430 7337 9375 9481 8058 4796
9 1978 8792 8133 8128 6244 9948 4347 8864 6571
11 3103 1784 1530 4207 5539 8259 709 7187 7078 4892 8883
11 5341 1512 5748 5816 330 9737 4045 5452 7361 5708 2882
10 2912 3197 9401 168 3966 6119 2919 5553 1203 4125
11 3281 7329 6455 9815 507 8504 1746 7769 5064 4111 3295
12 5716 3697 5466 975 1386 9751 2613 3062 462 2547 8109 793
9 957 4414 6053 1240 5012 348 2355 4838 7987
9 6724 7108 2497 6446 3802 9858 3896 2184 1389
11 445 2123 6202 4050 7382 4171 5238 1110 4353 1709 4358
10 3693 8629 565 1792 986 9392 6163 2122 7045 3285
8 2020 5727 4200 5017 9483 4006 280 9908
12 8395 3546 2143 3083 9657 2799 9134 9458 7515 4924 5462 1871
10 2008 5858 7102 4658 5263 9466 1412 1643 130 2601
9 8406 2538 7379 3740 9410 7730 8782 137 4014
10 5598 2436 9030 7554 3047 1146 9288 516 6683 3992
9 3030 4223 5025 5711 6538 6380 2173 2156 1159
10 3471 8435 6192 2031 9180 8228 8485 7080 8562 3216
8 7141 9405 6155 306 9132 8014 2023 350
11 8102 5510 248 3199 2140 4485 39 7576 4206 5700 8326
11 8840 5060 7975 439 1797 5642 8595 396 5684 8815 7823
10 585 2296 8892 3411 6984 7692 9177 6098 3157 9160
11 268 9128 8224 5602 8955 6270 7387 6331 8401 7920 6235
7 4495 4260 9845 3554 8071 9077 6238
10 1353 3540 7248 6475 1465 5690 8101 458 408 2829
11 5406 5237 128 935 9116 1349 2602 3258 1193 8511 5210
11 8342 8699 5089 4807 8085 6101 7808 9566 1008 2622 8661
8 5649 212 1863 9537 5457 3901 2760 9300
11 7640 5358 7648 95 1977 8403 9195 397 2565 8620 2621
11 1528 1637 6168 9696 8093 3038 767 8996 9370 8494 3269
7 583 1192 9497 9604 7275 1166 6140
11 2941 7687 4196 6718 6903 5135 9035 2924 3909 2397 6223
7 8204 3202 8555 5279 8809 1891 8799
10 3025 3148 206 956 7883 1474 7633 8062 5941 5134
11 1735 1984 1142 8521 6503 5422 7811 886 4302 1638 9287
11 5304 3311 4910 6029 3026 5799 1745 4617 352 6848 2498
9 4829 4686 1685 1215 159 353 6156 2766 2769
8 741 4877 3510 1399 244 1016 3799 5519
10 5381 1372 9412 9045 2934 1529 175 5564 6103 2938
10 9979 4536 1625 7637 9757 8768 7364 5557 872 8826
8 8559 8932 3891 6420 3036 7110 8857 5039
7 6321 9579 6805 9424 9741 7542 2670
11 3743 1860 5540 6710 9477 1587 7595 4213 5465 777 1424
11 9581 5218 9320 1200 1723 9949 8665 4274 8214 5610 2281
10 1269 8447 284 1491 7208 6871 9731 7903 1692 8788
8 6039 933 6825 704 5951 9652 7872 4470
11 8520 1734 3821 2056 4409 9262 3418 8998 8500 6120 9800
11 3457 6924 9965 1830 8681 3057 4713 7113 6746 2191 1012
11 8728 8209 3910 9105 5234 6222 6971 1302 1752 1960 5527
10 4687 7512 2566 9680 7492 5660 4724 4433 3765 6866
9 3564 3826 697 3833 8110 5952 4270 6865 4301
10 580 5654 1313 3566 2981 3524 7301 7370 9667 9157
12 6649 7993 4833 9144 1500 5352 7477 2362 1257 7924 2082 2933
9 61 7129 2626 7574 4520 8378 1521 6161 6793
11 4788 328 3017 1873 6601 3949 4696 3974 4866 4019 9998
11 5161 5112 8573 135 164 4615 7344 1620 2972 8871 3846
10 6456 2426 5205 6220 2731 5375 9833 2680 897 4628
7 8179 5332 4957 5287 1583 8968 7627
7 6952 7948 942 6744 4937 6301 3547
8 7877 9347 3362 4101 9576 2527 7081 1067
10 7799 4959 4233 3739 4704 646 5382 4046 8662 4539
9 489 6794 5214 4011 9263 7466 1282 1392 2513
9 9207 1194 7249 782 354 8597 7762 5782 5380
9 8184 5699 3116 660 7425 4441 5123 890 9513
10 8420 1170 513 2440 7190 881 6422 4819 1716 2359
9 8675 3333 6159 3866 211 7448 3393 636 9379
9 6424 9974 7347 3537 7245 5713 3981 9082 4642
10 5245 8277 8410 656 5584 6719 4328 8373 7900 8017
10 6160 2026 8835 977 7663 1509 6283 6333 3231 7164
8 7468 5917 9202 4664 6657 230 9324 3121
8 1866 9191 3512 1111 9209 1023 8051 3750
9 3692 1090 9869 6645 6173 9475 7309 2330 2541
7 8578 7255 2212 1160 9388 163 6641
8 9121 5719 4544 7342 1325 5219 1198 133
10 1993 3294 1564 8146 8059 8951 3315 5910 1944 9934
10 3239 7435 5517 2717 7840 4966 1062 4491 8237 7624
11 9901 7230 5307 483 7438 1181 2275 7562 544 1603 5305
10 7911 3196 9556 8816 984 3124 3904 4871 8603 8743
11 9411 3257 4794 4153 7442 2059 2160 6946 2515 2989 2417
8 1563 6327 9002 9617 1443 3624 6386 9000
11 4882 6404 3601 655 7277 6182 871 5100 3146 6910 6519
12 5902 6529 2335 7666 9524 3054 6313 4798 6344 52 6443 7384
10 7229 9768 2780 7737 9819 1369 6374 2966 833 6699
9 4066 1609 7779 5593 9429 993 1660 9073 4824
11 6965 6110 7406 7243 1272 992 4344 6832 6179 5386 4329
7 610 666 35 1381 7971 7609 2
11 7318 6656 7319 2518 8796 6537 775 7679 2315 9724 5768
12 2429 7455 2742 9633 6842 9118 9546 560 3657 5567 8148 3556
9 6633 9473 6669 497 8530 3760 8638 1470 5317
11 2278 9090 1588 69 2577 8615 1256 4089 1117 5959 1800
10 2774 9544 8346 5347 2060 4607 97 2948 6681 3924
8 9020 6485 7677 1260 152 2105 1880 2373
7 2418 7686 6399 8506 6248 4564 9734
12 9291 7889 3461 9830 4869 8194 380 4497 3429 1532 6437 2931
11 9626 1332 2523 854 3414 6009 252 6902 9553 2846 3757
11 9187 7810 8715 2783 4938 169 46 1937 2407 5878 1199
10 8509 902 825 3193 5853 9234 5031 6218 536 8064
9 4586 5721 3490 3885 4645 9742 6672 7453 3079
8 4644 5507 7312 9064 1676 5087 4857 8111
10 2327 7180 6804 601 8187 5913 294 8945 4832 4121
9 4098 1605 368 7232 1886 5405 5764 7334 6883
8 7227 6739 1733 6407 7629 6930 8099 6963
11 6694 7704 9012 3717 4137 1281 8938 8560 6582 8159 4690
11 219 3640 4630 2216 3325 4593 4872 967 5221 4314 3463
8 2176 266 8609 2802 2667 8028 4561 6203
8 1815 3358 3789 9276 4300 4623 3751 5486
10 3008 2520 1054 2167 3701 1487 1721 6121 3859 5301
9 5222 9996 8207 7323 9135 952 2110 1799 1612
10 8271 7346 7934 102 2209 3646 6757 1271 2874 2042
9 9670 4511 4717 2781 2673 1459 1048 7894 4685
9 2944 892 1527 2338 6985 2930 1081 4528 3474
11 6361 8783 6304 9485 4028 6261 1613 5847 2906 3211 4087
6 3321 8192 9975 9496 865 9141
8 3647 4782 8035 1494 9027 6727 9319 5094
11 8564 9852 2657 9575 8682 141 5116 711 1820 7267 9219
6 7716 3594 908 2288 3450 501
9 113 2791 3354 4202 4065 8324 2290 4449 7898
11 6913 2928 4502 8868 5678 8642 1189 2702 7221 9328 6775
10 6607 8426 9628 9613 6584 300 115 1710 7614 7763
10 3168 7156 2681 3050 5627 7785 8804 5844 1433 3372
11 2313 4475 6164 6413 32 6809 2394 3465 5770 2557 8963
10 1724 7711 6004 6360 6563 6647 7933 7829 550 7594
11 5402 5227 4575 2649 3840 6969 1239 8220 4714 285 6696
11 6900 7864 7117 7086 5240 8368 2732 4384 1779 4773 4317
10 2507 6740 6410 8823 9464 5628 6484 4105 3790 2607
11 5343 6735 1221 2382 8575 6196 9647 659 4117 8072 6548
10 3667 7398 5954 1508 671 8116 4415 7770 8843 2909
8 554 19 9459 7162 3669 4834 3507 8027
10 7088 8848 482 4410 7922 9273 6172 2415 5879 5062
10 8587 6189 4084 5626 6141 5766 9232 9817 2548 6619
11 6418 8020 2539 6430 7211 6336 4792 2969 5933 2141 8911
10 9698 1492 7372 3795 7193 292 2797 8780 6674 7120
9 8698 9166 6377 3366 2404 4227 8798 1679 6059
12 6780 1414 7224 6128 1634 7882 9897 178 2220 8239 538 1946
9 6767 8055 7355 4372 4605 4756 3228 1348 2534
9 6044 4648 9944 7874 6356 9678 6597 2108 1855
10 4056 8711 9625 9419 2434 2011 2388 7573 6800 7142
11 2531 3579 6875 8536 6340 5267 7777 7457 8505 4496 4426
11 3410 3596 2401 6021 2754 8353 2320 969 8664 2040 2841
10 5881 6745 4482 9182 5050 9846 9440 8801 2179 8218
9 1879 9087 4665 4228 1667 2171 6359 7873 2346
11 8086 864 8382 3585 5503 4913 9809 5835 5323 463 395
10 8189 2006 5554 8554 7628 5241 3952 5967 8023 947
7 2828 4546 8462 4830 4953 4027 65
9 1794 9851 1208 415 9159 2292 1589 8026 235
10 7849 3918 7927 802 2686 4764 1738 5702 5099 1431
10 394 6912 9254 9190 3636 3364 1101 118 8244 4667
12 6269 9137 245 435 9511 9037 8412 4195 8075 4689 2272 9368
10 6843 2738 4467 1684 6512 3326 106 1896 3710 4266
